<?xml version="1.0" encoding="UTF-8"?>
<testsuite xmlns:xsi="http://www.w3.org/2001/XMLSchema-instance" xsi:noNamespaceSchemaLocation="https://maven.apache.org/surefire/maven-surefire-plugin/xsd/surefire-test-report-3.0.xsd" version="3.0" name="org.mycore.mir.authorization.accesskeys.TestAccessKeys" time="8.93" tests="14" errors="0" skipped="0" failures="0">
  <properties>
[...]
</properties>
  <testcase name="testServFlagsTransformWithOtherTypes" classname="org.mycore.mir.authorization.accesskeys.TestAccessKeys" time="0.874">
    <system-out><![CDATA[Creating config directory: /tmp/junit11057615408979682655/mcrhome/mir-module
MyCoRe components detected: mcr:mycore-base, mcr:mycore-solr, mcr:mycore-user2, mcr:mycore-xeditor, mcr:mycore-classbrowser, mcr:mycore-mods, mcr:mycore-csl, mcr:mycore-ifs, mcr:mycore-pi, mcr:mycore-sword, mcr:mycore-wfc
Applications modules detected: app:mir-module
&amp#27;[34m2021-06-10T18:24:22,546 [main] INFO   MCRConfigurationInputStream: Current configuration directory: /tmp/junit11057615408979682655/mcrhome/mir-module&amp#27;[m&amp#27;[0m
&amp#27;[m&amp#27;[34m2021-06-10T18:24:22,579 [main] INFO   LogHelper: HHH000204: Processing PersistenceUnitInfo [name: mir-module]&amp#27;[m&amp#27;[0m
&amp#27;[m&amp#27;[34m2021-06-10T18:24:22,607 [main] INFO   HikariDataSource: HikariPool-19 - Starting...&amp#27;[m&amp#27;[0m
&amp#27;[m&amp#27;[31m2021-06-10T18:24:22,607 [main] WARN   DriverDataSource: Registered driver with driverClassName=org.hsqldb.jdbcDriver was not found, trying direct instantiation.&amp#27;[m&amp#27;[0m
&amp#27;[m&amp#27;[34m2021-06-10T18:24:22,608 [main] INFO   PoolBase: HikariPool-19 - Driver does not support get/set network timeout for connections. (feature not supported)&amp#27;[m&amp#27;[0m
&amp#27;[m&amp#27;[34m2021-06-10T18:24:22,612 [main] INFO   HikariDataSource: HikariPool-19 - Start completed.&amp#27;[m&amp#27;[0m
&amp#27;[m&amp#27;[34m2021-06-10T18:24:22,612 [main] INFO   Dialect: HHH000400: Using dialect: org.hibernate.dialect.HSQLDialect&amp#27;[m&amp#27;[0m
&amp#27;[m&amp#27;[31m2021-06-10T18:24:22,655 [main] WARN   JavaTypeDescriptorRegistry: HHH000481: Encountered Java type [class java.lang.Object] for which we could not locate a JavaTypeDescriptor and which does not appear to implement equals and/or hashCode.  This can lead to significant performance problems when performing equality/dirty checking involving this Java type.  Consider registering a custom JavaTypeDescriptor or at least implementing equals/hashCode.&amp#27;[m&amp#27;[0m
&amp#27;[m&amp#27;[31m2021-06-10T18:24:22,854 [main] WARN   MetadataContext: HHH015011: Unable to locate static metamodel field : org.mycore.datamodel.classifications2.MCRCategoryID_#id; this may or may not indicate a problem with the static metamodel&amp#27;[m&amp#27;[0m
&amp#27;[m&amp#27;[34m2021-06-10T18:24:22,859 [main] INFO   JtaPlatformInitiator: HHH000490: Using JtaPlatform implementation: [org.hibernate.engine.transaction.jta.platform.internal.NoJtaPlatform]&amp#27;[m&amp#27;[0m
&amp#27;[m&amp#27;[34m2021-06-10T18:24:22,962 [main] INFO   LogHelper: HHH000204: Processing PersistenceUnitInfo [name: mir-module]&amp#27;[m&amp#27;[0m
&amp#27;[m&amp#27;[34m2021-06-10T18:24:22,982 [main] INFO   HikariDataSource: HikariPool-20 - Starting...&amp#27;[m&amp#27;[0m
&amp#27;[m&amp#27;[31m2021-06-10T18:24:22,983 [main] WARN   DriverDataSource: Registered driver with driverClassName=org.hsqldb.jdbcDriver was not found, trying direct instantiation.&amp#27;[m&amp#27;[0m
&amp#27;[m&amp#27;[34m2021-06-10T18:24:22,985 [main] INFO   PoolBase: HikariPool-20 - Driver does not support get/set network timeout for connections. (feature not supported)&amp#27;[m&amp#27;[0m
&amp#27;[m&amp#27;[34m2021-06-10T18:24:22,986 [main] INFO   HikariDataSource: HikariPool-20 - Start completed.&amp#27;[m&amp#27;[0m
&amp#27;[m&amp#27;[34m2021-06-10T18:24:22,986 [main] INFO   Dialect: HHH000400: Using dialect: org.hibernate.dialect.HSQLDialect&amp#27;[m&amp#27;[0m
&amp#27;[m&amp#27;[31m2021-06-10T18:24:23,025 [main] WARN   JavaTypeDescriptorRegistry: HHH000481: Encountered Java type [class java.lang.Object] for which we could not locate a JavaTypeDescriptor and which does not appear to implement equals and/or hashCode.  This can lead to significant performance problems when performing equality/dirty checking involving this Java type.  Consider registering a custom JavaTypeDescriptor or at least implementing equals/hashCode.&amp#27;[m&amp#27;[0m
&amp#27;[m<?xml version="1.0" encoding="UTF-8"?>
<servflags class="MCRMetaLangText">
  <servflag type="readkey" inherited="0" form="plain">blah</servflag>
  <servflag type="writekey" inherited="0" form="plain">blub</servflag>
  <servflag type="createdby" inherited="0" form="plain">administrator</servflag>
</servflags>
&amp#27;[34m2021-06-10T18:24:23,296 [main] INFO   LogHelper: HHH000204: Processing PersistenceUnitInfo [name: mir-module]&amp#27;[m&amp#27;[0m
&amp#27;[m&amp#27;[34m2021-06-10T18:24:23,325 [main] INFO   HikariDataSource: HikariPool-21 - Starting...&amp#27;[m&amp#27;[0m
&amp#27;[m&amp#27;[31m2021-06-10T18:24:23,326 [main] WARN   DriverDataSource: Registered driver with driverClassName=org.hsqldb.jdbcDriver was not found, trying direct instantiation.&amp#27;[m&amp#27;[0m
&amp#27;[m&amp#27;[34m2021-06-10T18:24:23,327 [main] INFO   PoolBase: HikariPool-21 - Driver does not support get/set network timeout for connections. (feature not supported)&amp#27;[m&amp#27;[0m
&amp#27;[m&amp#27;[34m2021-06-10T18:24:23,328 [main] INFO   HikariDataSource: HikariPool-21 - Start completed.&amp#27;[m&amp#27;[0m
&amp#27;[m&amp#27;[34m2021-06-10T18:24:23,329 [main] INFO   Dialect: HHH000400: Using dialect: org.hibernate.dialect.HSQLDialect&amp#27;[m&amp#27;[0m
&amp#27;[m&amp#27;[31m2021-06-10T18:24:23,369 [main] WARN   JavaTypeDescriptorRegistry: HHH000481: Encountered Java type [class java.lang.Object] for which we could not locate a JavaTypeDescriptor and which does not appear to implement equals and/or hashCode.  This can lead to significant performance problems when performing equality/dirty checking involving this Java type.  Consider registering a custom JavaTypeDescriptor or at least implementing equals/hashCode.&amp#27;[m&amp#27;[0m
&amp#27;[m]]></system-out>
  </testcase>
  <testcase name="testKeyPairFull" classname="org.mycore.mir.authorization.accesskeys.TestAccessKeys" time="0.792">
    <system-out><![CDATA[MyCoRe components detected: mcr:mycore-base, mcr:mycore-solr, mcr:mycore-user2, mcr:mycore-xeditor, mcr:mycore-classbrowser, mcr:mycore-mods, mcr:mycore-csl, mcr:mycore-ifs, mcr:mycore-pi, mcr:mycore-sword, mcr:mycore-wfc
Applications modules detected: app:mir-module
&amp#27;[34m2021-06-10T18:24:23,445 [main] INFO   MCRConfigurationInputStream: Current configuration directory: /tmp/junit11057615408979682655/mcrhome/mir-module&amp#27;[m&amp#27;[0m
&amp#27;[m&amp#27;[34m2021-06-10T18:24:23,522 [main] INFO   LogHelper: HHH000204: Processing PersistenceUnitInfo [name: mir-module]&amp#27;[m&amp#27;[0m
&amp#27;[m&amp#27;[34m2021-06-10T18:24:23,555 [main] INFO   HikariDataSource: HikariPool-22 - Starting...&amp#27;[m&amp#27;[0m
&amp#27;[m&amp#27;[31m2021-06-10T18:24:23,555 [main] WARN   DriverDataSource: Registered driver with driverClassName=org.hsqldb.jdbcDriver was not found, trying direct instantiation.&amp#27;[m&amp#27;[0m
&amp#27;[m&amp#27;[34m2021-06-10T18:24:23,556 [main] INFO   PoolBase: HikariPool-22 - Driver does not support get/set network timeout for connections. (feature not supported)&amp#27;[m&amp#27;[0m
&amp#27;[m&amp#27;[34m2021-06-10T18:24:23,557 [main] INFO   HikariDataSource: HikariPool-22 - Start completed.&amp#27;[m&amp#27;[0m
&amp#27;[m&amp#27;[34m2021-06-10T18:24:23,557 [main] INFO   Dialect: HHH000400: Using dialect: org.hibernate.dialect.HSQLDialect&amp#27;[m&amp#27;[0m
&amp#27;[m&amp#27;[31m2021-06-10T18:24:23,614 [main] WARN   JavaTypeDescriptorRegistry: HHH000481: Encountered Java type [class java.lang.Object] for which we could not locate a JavaTypeDescriptor and which does not appear to implement equals and/or hashCode.  This can lead to significant performance problems when performing equality/dirty checking involving this Java type.  Consider registering a custom JavaTypeDescriptor or at least implementing equals/hashCode.&amp#27;[m&amp#27;[0m
&amp#27;[m&amp#27;[31m2021-06-10T18:24:23,840 [main] WARN   MetadataContext: HHH015011: Unable to locate static metamodel field : org.mycore.datamodel.classifications2.MCRCategoryID_#id; this may or may not indicate a problem with the static metamodel&amp#27;[m&amp#27;[0m
&amp#27;[m&amp#27;[34m2021-06-10T18:24:23,846 [main] INFO   JtaPlatformInitiator: HHH000490: Using JtaPlatform implementation: [org.hibernate.engine.transaction.jta.platform.internal.NoJtaPlatform]&amp#27;[m&amp#27;[0m
&amp#27;[m&amp#27;[34m2021-06-10T18:24:23,973 [main] INFO   LogHelper: HHH000204: Processing PersistenceUnitInfo [name: mir-module]&amp#27;[m&amp#27;[0m
&amp#27;[m&amp#27;[34m2021-06-10T18:24:23,992 [main] INFO   HikariDataSource: HikariPool-23 - Starting...&amp#27;[m&amp#27;[0m
&amp#27;[m&amp#27;[31m2021-06-10T18:24:23,993 [main] WARN   DriverDataSource: Registered driver with driverClassName=org.hsqldb.jdbcDriver was not found, trying direct instantiation.&amp#27;[m&amp#27;[0m
&amp#27;[m&amp#27;[34m2021-06-10T18:24:23,995 [main] INFO   PoolBase: HikariPool-23 - Driver does not support get/set network timeout for connections. (feature not supported)&amp#27;[m&amp#27;[0m
&amp#27;[m&amp#27;[34m2021-06-10T18:24:23,996 [main] INFO   HikariDataSource: HikariPool-23 - Start completed.&amp#27;[m&amp#27;[0m
&amp#27;[m&amp#27;[34m2021-06-10T18:24:23,997 [main] INFO   Dialect: HHH000400: Using dialect: org.hibernate.dialect.HSQLDialect&amp#27;[m&amp#27;[0m
&amp#27;[m&amp#27;[31m2021-06-10T18:24:24,038 [main] WARN   JavaTypeDescriptorRegistry: HHH000481: Encountered Java type [class java.lang.Object] for which we could not locate a JavaTypeDescriptor and which does not appear to implement equals and/or hashCode.  This can lead to significant performance problems when performing equality/dirty checking involving this Java type.  Consider registering a custom JavaTypeDescriptor or at least implementing equals/hashCode.&amp#27;[m&amp#27;[0m
&amp#27;[m&amp#27;[34m2021-06-10T18:24:24,115 [main] INFO   LogHelper: HHH000204: Processing PersistenceUnitInfo [name: mir-module]&amp#27;[m&amp#27;[0m
&amp#27;[m&amp#27;[34m2021-06-10T18:24:24,148 [main] INFO   HikariDataSource: HikariPool-24 - Starting...&amp#27;[m&amp#27;[0m
&amp#27;[m&amp#27;[31m2021-06-10T18:24:24,148 [main] WARN   DriverDataSource: Registered driver with driverClassName=org.hsqldb.jdbcDriver was not found, trying direct instantiation.&amp#27;[m&amp#27;[0m
&amp#27;[m&amp#27;[34m2021-06-10T18:24:24,150 [main] INFO   PoolBase: HikariPool-24 - Driver does not support get/set network timeout for connections. (feature not supported)&amp#27;[m&amp#27;[0m
&amp#27;[m&amp#27;[34m2021-06-10T18:24:24,150 [main] INFO   HikariDataSource: HikariPool-24 - Start completed.&amp#27;[m&amp#27;[0m
&amp#27;[m&amp#27;[34m2021-06-10T18:24:24,151 [main] INFO   Dialect: HHH000400: Using dialect: org.hibernate.dialect.HSQLDialect&amp#27;[m&amp#27;[0m
&amp#27;[m&amp#27;[31m2021-06-10T18:24:24,200 [main] WARN   JavaTypeDescriptorRegistry: HHH000481: Encountered Java type [class java.lang.Object] for which we could not locate a JavaTypeDescriptor and which does not appear to implement equals and/or hashCode.  This can lead to significant performance problems when performing equality/dirty checking involving this Java type.  Consider registering a custom JavaTypeDescriptor or at least implementing equals/hashCode.&amp#27;[m&amp#27;[0m
&amp#27;[m]]></system-out>
  </testcase>
  <testcase name="testCreateKeyPair" classname="org.mycore.mir.authorization.accesskeys.TestAccessKeys" time="0.777">
    <system-out><![CDATA[MyCoRe components detected: mcr:mycore-base, mcr:mycore-solr, mcr:mycore-user2, mcr:mycore-xeditor, mcr:mycore-classbrowser, mcr:mycore-mods, mcr:mycore-csl, mcr:mycore-ifs, mcr:mycore-pi, mcr:mycore-sword, mcr:mycore-wfc
Applications modules detected: app:mir-module
&amp#27;[34m2021-06-10T18:24:24,246 [main] INFO   MCRConfigurationInputStream: Current configuration directory: /tmp/junit11057615408979682655/mcrhome/mir-module&amp#27;[m&amp#27;[0m
&amp#27;[m&amp#27;[34m2021-06-10T18:24:24,312 [main] INFO   LogHelper: HHH000204: Processing PersistenceUnitInfo [name: mir-module]&amp#27;[m&amp#27;[0m
&amp#27;[m&amp#27;[34m2021-06-10T18:24:24,337 [main] INFO   HikariDataSource: HikariPool-25 - Starting...&amp#27;[m&amp#27;[0m
&amp#27;[m&amp#27;[31m2021-06-10T18:24:24,340 [main] WARN   DriverDataSource: Registered driver with driverClassName=org.hsqldb.jdbcDriver was not found, trying direct instantiation.&amp#27;[m&amp#27;[0m
&amp#27;[m&amp#27;[34m2021-06-10T18:24:24,341 [main] INFO   PoolBase: HikariPool-25 - Driver does not support get/set network timeout for connections. (feature not supported)&amp#27;[m&amp#27;[0m
&amp#27;[m&amp#27;[34m2021-06-10T18:24:24,341 [main] INFO   HikariDataSource: HikariPool-25 - Start completed.&amp#27;[m&amp#27;[0m
&amp#27;[m&amp#27;[34m2021-06-10T18:24:24,342 [main] INFO   Dialect: HHH000400: Using dialect: org.hibernate.dialect.HSQLDialect&amp#27;[m&amp#27;[0m
&amp#27;[m&amp#27;[31m2021-06-10T18:24:24,375 [main] WARN   JavaTypeDescriptorRegistry: HHH000481: Encountered Java type [class java.lang.Object] for which we could not locate a JavaTypeDescriptor and which does not appear to implement equals and/or hashCode.  This can lead to significant performance problems when performing equality/dirty checking involving this Java type.  Consider registering a custom JavaTypeDescriptor or at least implementing equals/hashCode.&amp#27;[m&amp#27;[0m
&amp#27;[m&amp#27;[31m2021-06-10T18:24:24,600 [main] WARN   MetadataContext: HHH015011: Unable to locate static metamodel field : org.mycore.datamodel.classifications2.MCRCategoryID_#id; this may or may not indicate a problem with the static metamodel&amp#27;[m&amp#27;[0m
&amp#27;[m&amp#27;[34m2021-06-10T18:24:24,604 [main] INFO   JtaPlatformInitiator: HHH000490: Using JtaPlatform implementation: [org.hibernate.engine.transaction.jta.platform.internal.NoJtaPlatform]&amp#27;[m&amp#27;[0m
&amp#27;[m&amp#27;[34m2021-06-10T18:24:24,672 [main] INFO   LogHelper: HHH000204: Processing PersistenceUnitInfo [name: mir-module]&amp#27;[m&amp#27;[0m
&amp#27;[m&amp#27;[34m2021-06-10T18:24:24,686 [main] INFO   HikariDataSource: HikariPool-26 - Starting...&amp#27;[m&amp#27;[0m
&amp#27;[m&amp#27;[31m2021-06-10T18:24:24,687 [main] WARN   DriverDataSource: Registered driver with driverClassName=org.hsqldb.jdbcDriver was not found, trying direct instantiation.&amp#27;[m&amp#27;[0m
&amp#27;[m&amp#27;[34m2021-06-10T18:24:24,687 [main] INFO   PoolBase: HikariPool-26 - Driver does not support get/set network timeout for connections. (feature not supported)&amp#27;[m&amp#27;[0m
&amp#27;[m&amp#27;[34m2021-06-10T18:24:24,688 [main] INFO   HikariDataSource: HikariPool-26 - Start completed.&amp#27;[m&amp#27;[0m
&amp#27;[m&amp#27;[34m2021-06-10T18:24:24,689 [main] INFO   Dialect: HHH000400: Using dialect: org.hibernate.dialect.HSQLDialect&amp#27;[m&amp#27;[0m
&amp#27;[m&amp#27;[31m2021-06-10T18:24:24,728 [main] WARN   JavaTypeDescriptorRegistry: HHH000481: Encountered Java type [class java.lang.Object] for which we could not locate a JavaTypeDescriptor and which does not appear to implement equals and/or hashCode.  This can lead to significant performance problems when performing equality/dirty checking involving this Java type.  Consider registering a custom JavaTypeDescriptor or at least implementing equals/hashCode.&amp#27;[m&amp#27;[0m
&amp#27;[m&amp#27;[34m2021-06-10T18:24:24,933 [main] INFO   LogHelper: HHH000204: Processing PersistenceUnitInfo [name: mir-module]&amp#27;[m&amp#27;[0m
&amp#27;[m&amp#27;[34m2021-06-10T18:24:24,951 [main] INFO   HikariDataSource: HikariPool-27 - Starting...&amp#27;[m&amp#27;[0m
&amp#27;[m&amp#27;[31m2021-06-10T18:24:24,951 [main] WARN   DriverDataSource: Registered driver with driverClassName=org.hsqldb.jdbcDriver was not found, trying direct instantiation.&amp#27;[m&amp#27;[0m
&amp#27;[m&amp#27;[34m2021-06-10T18:24:24,953 [main] INFO   PoolBase: HikariPool-27 - Driver does not support get/set network timeout for connections. (feature not supported)&amp#27;[m&amp#27;[0m
&amp#27;[m&amp#27;[34m2021-06-10T18:24:24,954 [main] INFO   HikariDataSource: HikariPool-27 - Start completed.&amp#27;[m&amp#27;[0m
&amp#27;[m&amp#27;[34m2021-06-10T18:24:24,954 [main] INFO   Dialect: HHH000400: Using dialect: org.hibernate.dialect.HSQLDialect&amp#27;[m&amp#27;[0m
&amp#27;[m&amp#27;[31m2021-06-10T18:24:24,982 [main] WARN   JavaTypeDescriptorRegistry: HHH000481: Encountered Java type [class java.lang.Object] for which we could not locate a JavaTypeDescriptor and which does not appear to implement equals and/or hashCode.  This can lead to significant performance problems when performing equality/dirty checking involving this Java type.  Consider registering a custom JavaTypeDescriptor or at least implementing equals/hashCode.&amp#27;[m&amp#27;[0m
&amp#27;[m]]></system-out>
  </testcase>
  <testcase name="testUpdateKeyPair" classname="org.mycore.mir.authorization.accesskeys.TestAccessKeys" time="0.751">
    <system-out><![CDATA[MyCoRe components detected: mcr:mycore-base, mcr:mycore-solr, mcr:mycore-user2, mcr:mycore-xeditor, mcr:mycore-classbrowser, mcr:mycore-mods, mcr:mycore-csl, mcr:mycore-ifs, mcr:mycore-pi, mcr:mycore-sword, mcr:mycore-wfc
Applications modules detected: app:mir-module
&amp#27;[34m2021-06-10T18:24:25,025 [main] INFO   MCRConfigurationInputStream: Current configuration directory: /tmp/junit11057615408979682655/mcrhome/mir-module&amp#27;[m&amp#27;[0m
&amp#27;[m&amp#27;[34m2021-06-10T18:24:25,085 [main] INFO   LogHelper: HHH000204: Processing PersistenceUnitInfo [name: mir-module]&amp#27;[m&amp#27;[0m
&amp#27;[m&amp#27;[34m2021-06-10T18:24:25,101 [main] INFO   HikariDataSource: HikariPool-28 - Starting...&amp#27;[m&amp#27;[0m
&amp#27;[m&amp#27;[31m2021-06-10T18:24:25,102 [main] WARN   DriverDataSource: Registered driver with driverClassName=org.hsqldb.jdbcDriver was not found, trying direct instantiation.&amp#27;[m&amp#27;[0m
&amp#27;[m&amp#27;[34m2021-06-10T18:24:25,103 [main] INFO   PoolBase: HikariPool-28 - Driver does not support get/set network timeout for connections. (feature not supported)&amp#27;[m&amp#27;[0m
&amp#27;[m&amp#27;[34m2021-06-10T18:24:25,103 [main] INFO   HikariDataSource: HikariPool-28 - Start completed.&amp#27;[m&amp#27;[0m
&amp#27;[m&amp#27;[34m2021-06-10T18:24:25,104 [main] INFO   Dialect: HHH000400: Using dialect: org.hibernate.dialect.HSQLDialect&amp#27;[m&amp#27;[0m
&amp#27;[m&amp#27;[31m2021-06-10T18:24:25,128 [main] WARN   JavaTypeDescriptorRegistry: HHH000481: Encountered Java type [class java.lang.Object] for which we could not locate a JavaTypeDescriptor and which does not appear to implement equals and/or hashCode.  This can lead to significant performance problems when performing equality/dirty checking involving this Java type.  Consider registering a custom JavaTypeDescriptor or at least implementing equals/hashCode.&amp#27;[m&amp#27;[0m
&amp#27;[m&amp#27;[31m2021-06-10T18:24:25,336 [main] WARN   MetadataContext: HHH015011: Unable to locate static metamodel field : org.mycore.datamodel.classifications2.MCRCategoryID_#id; this may or may not indicate a problem with the static metamodel&amp#27;[m&amp#27;[0m
&amp#27;[m&amp#27;[34m2021-06-10T18:24:25,341 [main] INFO   JtaPlatformInitiator: HHH000490: Using JtaPlatform implementation: [org.hibernate.engine.transaction.jta.platform.internal.NoJtaPlatform]&amp#27;[m&amp#27;[0m
&amp#27;[m&amp#27;[34m2021-06-10T18:24:25,445 [main] INFO   LogHelper: HHH000204: Processing PersistenceUnitInfo [name: mir-module]&amp#27;[m&amp#27;[0m
&amp#27;[m&amp#27;[34m2021-06-10T18:24:25,468 [main] INFO   HikariDataSource: HikariPool-29 - Starting...&amp#27;[m&amp#27;[0m
&amp#27;[m&amp#27;[31m2021-06-10T18:24:25,474 [main] WARN   DriverDataSource: Registered driver with driverClassName=org.hsqldb.jdbcDriver was not found, trying direct instantiation.&amp#27;[m&amp#27;[0m
&amp#27;[m&amp#27;[34m2021-06-10T18:24:25,475 [main] INFO   PoolBase: HikariPool-29 - Driver does not support get/set network timeout for connections. (feature not supported)&amp#27;[m&amp#27;[0m
&amp#27;[m&amp#27;[34m2021-06-10T18:24:25,476 [main] INFO   HikariDataSource: HikariPool-29 - Start completed.&amp#27;[m&amp#27;[0m
&amp#27;[m&amp#27;[34m2021-06-10T18:24:25,477 [main] INFO   Dialect: HHH000400: Using dialect: org.hibernate.dialect.HSQLDialect&amp#27;[m&amp#27;[0m
&amp#27;[m&amp#27;[31m2021-06-10T18:24:25,513 [main] WARN   JavaTypeDescriptorRegistry: HHH000481: Encountered Java type [class java.lang.Object] for which we could not locate a JavaTypeDescriptor and which does not appear to implement equals and/or hashCode.  This can lead to significant performance problems when performing equality/dirty checking involving this Java type.  Consider registering a custom JavaTypeDescriptor or at least implementing equals/hashCode.&amp#27;[m&amp#27;[0m
&amp#27;[m&amp#27;[34m2021-06-10T18:24:25,659 [main] INFO   LogHelper: HHH000204: Processing PersistenceUnitInfo [name: mir-module]&amp#27;[m&amp#27;[0m
&amp#27;[m&amp#27;[34m2021-06-10T18:24:25,682 [main] INFO   HikariDataSource: HikariPool-30 - Starting...&amp#27;[m&amp#27;[0m
&amp#27;[m&amp#27;[31m2021-06-10T18:24:25,683 [main] WARN   DriverDataSource: Registered driver with driverClassName=org.hsqldb.jdbcDriver was not found, trying direct instantiation.&amp#27;[m&amp#27;[0m
&amp#27;[m&amp#27;[34m2021-06-10T18:24:25,683 [main] INFO   PoolBase: HikariPool-30 - Driver does not support get/set network timeout for connections. (feature not supported)&amp#27;[m&amp#27;[0m
&amp#27;[m&amp#27;[34m2021-06-10T18:24:25,691 [main] INFO   HikariDataSource: HikariPool-30 - Start completed.&amp#27;[m&amp#27;[0m
&amp#27;[m&amp#27;[34m2021-06-10T18:24:25,693 [main] INFO   Dialect: HHH000400: Using dialect: org.hibernate.dialect.HSQLDialect&amp#27;[m&amp#27;[0m
&amp#27;[m&amp#27;[31m2021-06-10T18:24:25,740 [main] WARN   JavaTypeDescriptorRegistry: HHH000481: Encountered Java type [class java.lang.Object] for which we could not locate a JavaTypeDescriptor and which does not appear to implement equals and/or hashCode.  This can lead to significant performance problems when performing equality/dirty checking involving this Java type.  Consider registering a custom JavaTypeDescriptor or at least implementing equals/hashCode.&amp#27;[m&amp#27;[0m
&amp#27;[m]]></system-out>
  </testcase>
  <testcase name="testExistsKeyPair" classname="org.mycore.mir.authorization.accesskeys.TestAccessKeys" time="0.673">
    <system-out><![CDATA[MyCoRe components detected: mcr:mycore-base, mcr:mycore-solr, mcr:mycore-user2, mcr:mycore-xeditor, mcr:mycore-classbrowser, mcr:mycore-mods, mcr:mycore-csl, mcr:mycore-ifs, mcr:mycore-pi, mcr:mycore-sword, mcr:mycore-wfc
Applications modules detected: app:mir-module
&amp#27;[34m2021-06-10T18:24:25,779 [main] INFO   MCRConfigurationInputStream: Current configuration directory: /tmp/junit11057615408979682655/mcrhome/mir-module&amp#27;[m&amp#27;[0m
&amp#27;[m&amp#27;[34m2021-06-10T18:24:25,826 [main] INFO   LogHelper: HHH000204: Processing PersistenceUnitInfo [name: mir-module]&amp#27;[m&amp#27;[0m
&amp#27;[m&amp#27;[34m2021-06-10T18:24:25,849 [main] INFO   HikariDataSource: HikariPool-31 - Starting...&amp#27;[m&amp#27;[0m
&amp#27;[m&amp#27;[31m2021-06-10T18:24:25,850 [main] WARN   DriverDataSource: Registered driver with driverClassName=org.hsqldb.jdbcDriver was not found, trying direct instantiation.&amp#27;[m&amp#27;[0m
&amp#27;[m&amp#27;[34m2021-06-10T18:24:25,851 [main] INFO   PoolBase: HikariPool-31 - Driver does not support get/set network timeout for connections. (feature not supported)&amp#27;[m&amp#27;[0m
&amp#27;[m&amp#27;[34m2021-06-10T18:24:25,852 [main] INFO   HikariDataSource: HikariPool-31 - Start completed.&amp#27;[m&amp#27;[0m
&amp#27;[m&amp#27;[34m2021-06-10T18:24:25,852 [main] INFO   Dialect: HHH000400: Using dialect: org.hibernate.dialect.HSQLDialect&amp#27;[m&amp#27;[0m
&amp#27;[m&amp#27;[31m2021-06-10T18:24:25,884 [main] WARN   JavaTypeDescriptorRegistry: HHH000481: Encountered Java type [class java.lang.Object] for which we could not locate a JavaTypeDescriptor and which does not appear to implement equals and/or hashCode.  This can lead to significant performance problems when performing equality/dirty checking involving this Java type.  Consider registering a custom JavaTypeDescriptor or at least implementing equals/hashCode.&amp#27;[m&amp#27;[0m
&amp#27;[m&amp#27;[31m2021-06-10T18:24:26,164 [main] WARN   MetadataContext: HHH015011: Unable to locate static metamodel field : org.mycore.datamodel.classifications2.MCRCategoryID_#id; this may or may not indicate a problem with the static metamodel&amp#27;[m&amp#27;[0m
&amp#27;[m&amp#27;[34m2021-06-10T18:24:26,169 [main] INFO   JtaPlatformInitiator: HHH000490: Using JtaPlatform implementation: [org.hibernate.engine.transaction.jta.platform.internal.NoJtaPlatform]&amp#27;[m&amp#27;[0m
&amp#27;[m&amp#27;[34m2021-06-10T18:24:26,223 [main] INFO   LogHelper: HHH000204: Processing PersistenceUnitInfo [name: mir-module]&amp#27;[m&amp#27;[0m
&amp#27;[m&amp#27;[34m2021-06-10T18:24:26,239 [main] INFO   HikariDataSource: HikariPool-32 - Starting...&amp#27;[m&amp#27;[0m
&amp#27;[m&amp#27;[31m2021-06-10T18:24:26,239 [main] WARN   DriverDataSource: Registered driver with driverClassName=org.hsqldb.jdbcDriver was not found, trying direct instantiation.&amp#27;[m&amp#27;[0m
&amp#27;[m&amp#27;[34m2021-06-10T18:24:26,240 [main] INFO   PoolBase: HikariPool-32 - Driver does not support get/set network timeout for connections. (feature not supported)&amp#27;[m&amp#27;[0m
&amp#27;[m&amp#27;[34m2021-06-10T18:24:26,240 [main] INFO   HikariDataSource: HikariPool-32 - Start completed.&amp#27;[m&amp#27;[0m
&amp#27;[m&amp#27;[34m2021-06-10T18:24:26,241 [main] INFO   Dialect: HHH000400: Using dialect: org.hibernate.dialect.HSQLDialect&amp#27;[m&amp#27;[0m
&amp#27;[m&amp#27;[31m2021-06-10T18:24:26,279 [main] WARN   JavaTypeDescriptorRegistry: HHH000481: Encountered Java type [class java.lang.Object] for which we could not locate a JavaTypeDescriptor and which does not appear to implement equals and/or hashCode.  This can lead to significant performance problems when performing equality/dirty checking involving this Java type.  Consider registering a custom JavaTypeDescriptor or at least implementing equals/hashCode.&amp#27;[m&amp#27;[0m
&amp#27;[m&amp#27;[34m2021-06-10T18:24:26,358 [main] INFO   LogHelper: HHH000204: Processing PersistenceUnitInfo [name: mir-module]&amp#27;[m&amp#27;[0m
&amp#27;[m&amp#27;[34m2021-06-10T18:24:26,379 [main] INFO   HikariDataSource: HikariPool-33 - Starting...&amp#27;[m&amp#27;[0m
&amp#27;[m&amp#27;[31m2021-06-10T18:24:26,380 [main] WARN   DriverDataSource: Registered driver with driverClassName=org.hsqldb.jdbcDriver was not found, trying direct instantiation.&amp#27;[m&amp#27;[0m
&amp#27;[m&amp#27;[34m2021-06-10T18:24:26,381 [main] INFO   PoolBase: HikariPool-33 - Driver does not support get/set network timeout for connections. (feature not supported)&amp#27;[m&amp#27;[0m
&amp#27;[m&amp#27;[34m2021-06-10T18:24:26,381 [main] INFO   HikariDataSource: HikariPool-33 - Start completed.&amp#27;[m&amp#27;[0m
&amp#27;[m&amp#27;[34m2021-06-10T18:24:26,382 [main] INFO   Dialect: HHH000400: Using dialect: org.hibernate.dialect.HSQLDialect&amp#27;[m&amp#27;[0m
&amp#27;[m&amp#27;[31m2021-06-10T18:24:26,428 [main] WARN   JavaTypeDescriptorRegistry: HHH000481: Encountered Java type [class java.lang.Object] for which we could not locate a JavaTypeDescriptor and which does not appear to implement equals and/or hashCode.  This can lead to significant performance problems when performing equality/dirty checking involving this Java type.  Consider registering a custom JavaTypeDescriptor or at least implementing equals/hashCode.&amp#27;[m&amp#27;[0m
&amp#27;[m]]></system-out>
  </testcase>
  <testcase name="testKeyPairWithMatchingKeys" classname="org.mycore.mir.authorization.accesskeys.TestAccessKeys" time="0.565">
    <system-out><![CDATA[MyCoRe components detected: mcr:mycore-base, mcr:mycore-solr, mcr:mycore-user2, mcr:mycore-xeditor, mcr:mycore-classbrowser, mcr:mycore-mods, mcr:mycore-csl, mcr:mycore-ifs, mcr:mycore-pi, mcr:mycore-sword, mcr:mycore-wfc
Applications modules detected: app:mir-module
&amp#27;[34m2021-06-10T18:24:26,455 [main] INFO   MCRConfigurationInputStream: Current configuration directory: /tmp/junit11057615408979682655/mcrhome/mir-module&amp#27;[m&amp#27;[0m
&amp#27;[m&amp#27;[34m2021-06-10T18:24:26,533 [main] INFO   LogHelper: HHH000204: Processing PersistenceUnitInfo [name: mir-module]&amp#27;[m&amp#27;[0m
&amp#27;[m&amp#27;[34m2021-06-10T18:24:26,576 [main] INFO   HikariDataSource: HikariPool-34 - Starting...&amp#27;[m&amp#27;[0m
&amp#27;[m&amp#27;[31m2021-06-10T18:24:26,576 [main] WARN   DriverDataSource: Registered driver with driverClassName=org.hsqldb.jdbcDriver was not found, trying direct instantiation.&amp#27;[m&amp#27;[0m
&amp#27;[m&amp#27;[34m2021-06-10T18:24:26,577 [main] INFO   PoolBase: HikariPool-34 - Driver does not support get/set network timeout for connections. (feature not supported)&amp#27;[m&amp#27;[0m
&amp#27;[m&amp#27;[34m2021-06-10T18:24:26,578 [main] INFO   HikariDataSource: HikariPool-34 - Start completed.&amp#27;[m&amp#27;[0m
&amp#27;[m&amp#27;[34m2021-06-10T18:24:26,578 [main] INFO   Dialect: HHH000400: Using dialect: org.hibernate.dialect.HSQLDialect&amp#27;[m&amp#27;[0m
&amp#27;[m&amp#27;[31m2021-06-10T18:24:26,608 [main] WARN   JavaTypeDescriptorRegistry: HHH000481: Encountered Java type [class java.lang.Object] for which we could not locate a JavaTypeDescriptor and which does not appear to implement equals and/or hashCode.  This can lead to significant performance problems when performing equality/dirty checking involving this Java type.  Consider registering a custom JavaTypeDescriptor or at least implementing equals/hashCode.&amp#27;[m&amp#27;[0m
&amp#27;[m&amp#27;[31m2021-06-10T18:24:26,776 [main] WARN   MetadataContext: HHH015011: Unable to locate static metamodel field : org.mycore.datamodel.classifications2.MCRCategoryID_#id; this may or may not indicate a problem with the static metamodel&amp#27;[m&amp#27;[0m
&amp#27;[m&amp#27;[34m2021-06-10T18:24:26,781 [main] INFO   JtaPlatformInitiator: HHH000490: Using JtaPlatform implementation: [org.hibernate.engine.transaction.jta.platform.internal.NoJtaPlatform]&amp#27;[m&amp#27;[0m
&amp#27;[m&amp#27;[34m2021-06-10T18:24:26,850 [main] INFO   LogHelper: HHH000204: Processing PersistenceUnitInfo [name: mir-module]&amp#27;[m&amp#27;[0m
&amp#27;[m&amp#27;[34m2021-06-10T18:24:26,863 [main] INFO   HikariDataSource: HikariPool-35 - Starting...&amp#27;[m&amp#27;[0m
&amp#27;[m&amp#27;[31m2021-06-10T18:24:26,864 [main] WARN   DriverDataSource: Registered driver with driverClassName=org.hsqldb.jdbcDriver was not found, trying direct instantiation.&amp#27;[m&amp#27;[0m
&amp#27;[m&amp#27;[34m2021-06-10T18:24:26,865 [main] INFO   PoolBase: HikariPool-35 - Driver does not support get/set network timeout for connections. (feature not supported)&amp#27;[m&amp#27;[0m
&amp#27;[m&amp#27;[34m2021-06-10T18:24:26,865 [main] INFO   HikariDataSource: HikariPool-35 - Start completed.&amp#27;[m&amp#27;[0m
&amp#27;[m&amp#27;[34m2021-06-10T18:24:26,866 [main] INFO   Dialect: HHH000400: Using dialect: org.hibernate.dialect.HSQLDialect&amp#27;[m&amp#27;[0m
&amp#27;[m&amp#27;[31m2021-06-10T18:24:26,896 [main] WARN   JavaTypeDescriptorRegistry: HHH000481: Encountered Java type [class java.lang.Object] for which we could not locate a JavaTypeDescriptor and which does not appear to implement equals and/or hashCode.  This can lead to significant performance problems when performing equality/dirty checking involving this Java type.  Consider registering a custom JavaTypeDescriptor or at least implementing equals/hashCode.&amp#27;[m&amp#27;[0m
&amp#27;[m&amp#27;[34m2021-06-10T18:24:26,950 [main] INFO   LogHelper: HHH000204: Processing PersistenceUnitInfo [name: mir-module]&amp#27;[m&amp#27;[0m
&amp#27;[m&amp#27;[34m2021-06-10T18:24:26,971 [main] INFO   HikariDataSource: HikariPool-36 - Starting...&amp#27;[m&amp#27;[0m
&amp#27;[m&amp#27;[31m2021-06-10T18:24:26,974 [main] WARN   DriverDataSource: Registered driver with driverClassName=org.hsqldb.jdbcDriver was not found, trying direct instantiation.&amp#27;[m&amp#27;[0m
&amp#27;[m&amp#27;[34m2021-06-10T18:24:26,974 [main] INFO   PoolBase: HikariPool-36 - Driver does not support get/set network timeout for connections. (feature not supported)&amp#27;[m&amp#27;[0m
&amp#27;[m&amp#27;[34m2021-06-10T18:24:26,975 [main] INFO   HikariDataSource: HikariPool-36 - Start completed.&amp#27;[m&amp#27;[0m
&amp#27;[m&amp#27;[34m2021-06-10T18:24:26,975 [main] INFO   Dialect: HHH000400: Using dialect: org.hibernate.dialect.HSQLDialect&amp#27;[m&amp#27;[0m
&amp#27;[m&amp#27;[31m2021-06-10T18:24:26,997 [main] WARN   JavaTypeDescriptorRegistry: HHH000481: Encountered Java type [class java.lang.Object] for which we could not locate a JavaTypeDescriptor and which does not appear to implement equals and/or hashCode.  This can lead to significant performance problems when performing equality/dirty checking involving this Java type.  Consider registering a custom JavaTypeDescriptor or at least implementing equals/hashCode.&amp#27;[m&amp#27;[0m
&amp#27;[m]]></system-out>
  </testcase>
  <testcase name="testTransientUser" classname="org.mycore.mir.authorization.accesskeys.TestAccessKeys" time="0.834">
    <system-out><![CDATA[MyCoRe components detected: mcr:mycore-base, mcr:mycore-solr, mcr:mycore-user2, mcr:mycore-xeditor, mcr:mycore-classbrowser, mcr:mycore-mods, mcr:mycore-csl, mcr:mycore-ifs, mcr:mycore-pi, mcr:mycore-sword, mcr:mycore-wfc
Applications modules detected: app:mir-module
&amp#27;[34m2021-06-10T18:24:27,020 [main] INFO   MCRConfigurationInputStream: Current configuration directory: /tmp/junit11057615408979682655/mcrhome/mir-module&amp#27;[m&amp#27;[0m
&amp#27;[m&amp#27;[34m2021-06-10T18:24:27,080 [main] INFO   LogHelper: HHH000204: Processing PersistenceUnitInfo [name: mir-module]&amp#27;[m&amp#27;[0m
&amp#27;[m&amp#27;[34m2021-06-10T18:24:27,118 [main] INFO   HikariDataSource: HikariPool-37 - Starting...&amp#27;[m&amp#27;[0m
&amp#27;[m&amp#27;[31m2021-06-10T18:24:27,118 [main] WARN   DriverDataSource: Registered driver with driverClassName=org.hsqldb.jdbcDriver was not found, trying direct instantiation.&amp#27;[m&amp#27;[0m
&amp#27;[m&amp#27;[34m2021-06-10T18:24:27,119 [main] INFO   PoolBase: HikariPool-37 - Driver does not support get/set network timeout for connections. (feature not supported)&amp#27;[m&amp#27;[0m
&amp#27;[m&amp#27;[34m2021-06-10T18:24:27,119 [main] INFO   HikariDataSource: HikariPool-37 - Start completed.&amp#27;[m&amp#27;[0m
&amp#27;[m&amp#27;[34m2021-06-10T18:24:27,120 [main] INFO   Dialect: HHH000400: Using dialect: org.hibernate.dialect.HSQLDialect&amp#27;[m&amp#27;[0m
&amp#27;[m&amp#27;[31m2021-06-10T18:24:27,144 [main] WARN   JavaTypeDescriptorRegistry: HHH000481: Encountered Java type [class java.lang.Object] for which we could not locate a JavaTypeDescriptor and which does not appear to implement equals and/or hashCode.  This can lead to significant performance problems when performing equality/dirty checking involving this Java type.  Consider registering a custom JavaTypeDescriptor or at least implementing equals/hashCode.&amp#27;[m&amp#27;[0m
&amp#27;[m&amp#27;[31m2021-06-10T18:24:27,401 [main] WARN   MetadataContext: HHH015011: Unable to locate static metamodel field : org.mycore.datamodel.classifications2.MCRCategoryID_#id; this may or may not indicate a problem with the static metamodel&amp#27;[m&amp#27;[0m
&amp#27;[m&amp#27;[34m2021-06-10T18:24:27,406 [main] INFO   JtaPlatformInitiator: HHH000490: Using JtaPlatform implementation: [org.hibernate.engine.transaction.jta.platform.internal.NoJtaPlatform]&amp#27;[m&amp#27;[0m
&amp#27;[m&amp#27;[34m2021-06-10T18:24:27,464 [main] INFO   LogHelper: HHH000204: Processing PersistenceUnitInfo [name: mir-module]&amp#27;[m&amp#27;[0m
&amp#27;[m&amp#27;[34m2021-06-10T18:24:27,477 [main] INFO   HikariDataSource: HikariPool-38 - Starting...&amp#27;[m&amp#27;[0m
&amp#27;[m&amp#27;[31m2021-06-10T18:24:27,477 [main] WARN   DriverDataSource: Registered driver with driverClassName=org.hsqldb.jdbcDriver was not found, trying direct instantiation.&amp#27;[m&amp#27;[0m
&amp#27;[m&amp#27;[34m2021-06-10T18:24:27,478 [main] INFO   PoolBase: HikariPool-38 - Driver does not support get/set network timeout for connections. (feature not supported)&amp#27;[m&amp#27;[0m
&amp#27;[m&amp#27;[34m2021-06-10T18:24:27,478 [main] INFO   HikariDataSource: HikariPool-38 - Start completed.&amp#27;[m&amp#27;[0m
&amp#27;[m&amp#27;[34m2021-06-10T18:24:27,479 [main] INFO   Dialect: HHH000400: Using dialect: org.hibernate.dialect.HSQLDialect&amp#27;[m&amp#27;[0m
&amp#27;[m&amp#27;[31m2021-06-10T18:24:27,515 [main] WARN   JavaTypeDescriptorRegistry: HHH000481: Encountered Java type [class java.lang.Object] for which we could not locate a JavaTypeDescriptor and which does not appear to implement equals and/or hashCode.  This can lead to significant performance problems when performing equality/dirty checking involving this Java type.  Consider registering a custom JavaTypeDescriptor or at least implementing equals/hashCode.&amp#27;[m&amp#27;[0m
&amp#27;[m&amp#27;[34m2021-06-10T18:24:27,661 [main] INFO   MCRUserManager: user saved: junit&amp#27;[m&amp#27;[0m
&amp#27;[m&amp#27;[34m2021-06-10T18:24:27,662 [main] INFO   MCRRoleManager: Assigning junit to these roles: []&amp#27;[m&amp#27;[0m
&amp#27;[m&amp#27;[34m2021-06-10T18:24:27,782 [main] INFO   LogHelper: HHH000204: Processing PersistenceUnitInfo [name: mir-module]&amp#27;[m&amp#27;[0m
&amp#27;[m&amp#27;[34m2021-06-10T18:24:27,795 [main] INFO   HikariDataSource: HikariPool-39 - Starting...&amp#27;[m&amp#27;[0m
&amp#27;[m&amp#27;[31m2021-06-10T18:24:27,795 [main] WARN   DriverDataSource: Registered driver with driverClassName=org.hsqldb.jdbcDriver was not found, trying direct instantiation.&amp#27;[m&amp#27;[0m
&amp#27;[m&amp#27;[34m2021-06-10T18:24:27,796 [main] INFO   PoolBase: HikariPool-39 - Driver does not support get/set network timeout for connections. (feature not supported)&amp#27;[m&amp#27;[0m
&amp#27;[m&amp#27;[34m2021-06-10T18:24:27,797 [main] INFO   HikariDataSource: HikariPool-39 - Start completed.&amp#27;[m&amp#27;[0m
&amp#27;[m&amp#27;[34m2021-06-10T18:24:27,797 [main] INFO   Dialect: HHH000400: Using dialect: org.hibernate.dialect.HSQLDialect&amp#27;[m&amp#27;[0m
&amp#27;[m&amp#27;[31m2021-06-10T18:24:27,822 [main] WARN   JavaTypeDescriptorRegistry: HHH000481: Encountered Java type [class java.lang.Object] for which we could not locate a JavaTypeDescriptor and which does not appear to implement equals and/or hashCode.  This can lead to significant performance problems when performing equality/dirty checking involving this Java type.  Consider registering a custom JavaTypeDescriptor or at least implementing equals/hashCode.&amp#27;[m&amp#27;[0m
&amp#27;[m]]></system-out>
  </testcase>
  <testcase name="testDeleteKeyPair" classname="org.mycore.mir.authorization.accesskeys.TestAccessKeys" time="0.521">
    <system-out><![CDATA[MyCoRe components detected: mcr:mycore-base, mcr:mycore-solr, mcr:mycore-user2, mcr:mycore-xeditor, mcr:mycore-classbrowser, mcr:mycore-mods, mcr:mycore-csl, mcr:mycore-ifs, mcr:mycore-pi, mcr:mycore-sword, mcr:mycore-wfc
Applications modules detected: app:mir-module
&amp#27;[34m2021-06-10T18:24:27,851 [main] INFO   MCRConfigurationInputStream: Current configuration directory: /tmp/junit11057615408979682655/mcrhome/mir-module&amp#27;[m&amp#27;[0m
&amp#27;[m&amp#27;[34m2021-06-10T18:24:27,937 [main] INFO   LogHelper: HHH000204: Processing PersistenceUnitInfo [name: mir-module]&amp#27;[m&amp#27;[0m
&amp#27;[m&amp#27;[34m2021-06-10T18:24:27,955 [main] INFO   HikariDataSource: HikariPool-40 - Starting...&amp#27;[m&amp#27;[0m
&amp#27;[m&amp#27;[31m2021-06-10T18:24:27,956 [main] WARN   DriverDataSource: Registered driver with driverClassName=org.hsqldb.jdbcDriver was not found, trying direct instantiation.&amp#27;[m&amp#27;[0m
&amp#27;[m&amp#27;[34m2021-06-10T18:24:27,958 [main] INFO   PoolBase: HikariPool-40 - Driver does not support get/set network timeout for connections. (feature not supported)&amp#27;[m&amp#27;[0m
&amp#27;[m&amp#27;[34m2021-06-10T18:24:27,964 [main] INFO   HikariDataSource: HikariPool-40 - Start completed.&amp#27;[m&amp#27;[0m
&amp#27;[m&amp#27;[34m2021-06-10T18:24:27,965 [main] INFO   Dialect: HHH000400: Using dialect: org.hibernate.dialect.HSQLDialect&amp#27;[m&amp#27;[0m
&amp#27;[m&amp#27;[31m2021-06-10T18:24:27,992 [main] WARN   JavaTypeDescriptorRegistry: HHH000481: Encountered Java type [class java.lang.Object] for which we could not locate a JavaTypeDescriptor and which does not appear to implement equals and/or hashCode.  This can lead to significant performance problems when performing equality/dirty checking involving this Java type.  Consider registering a custom JavaTypeDescriptor or at least implementing equals/hashCode.&amp#27;[m&amp#27;[0m
&amp#27;[m&amp#27;[31m2021-06-10T18:24:28,166 [main] WARN   MetadataContext: HHH015011: Unable to locate static metamodel field : org.mycore.datamodel.classifications2.MCRCategoryID_#id; this may or may not indicate a problem with the static metamodel&amp#27;[m&amp#27;[0m
&amp#27;[m&amp#27;[34m2021-06-10T18:24:28,170 [main] INFO   JtaPlatformInitiator: HHH000490: Using JtaPlatform implementation: [org.hibernate.engine.transaction.jta.platform.internal.NoJtaPlatform]&amp#27;[m&amp#27;[0m
&amp#27;[m&amp#27;[34m2021-06-10T18:24:28,221 [main] INFO   LogHelper: HHH000204: Processing PersistenceUnitInfo [name: mir-module]&amp#27;[m&amp#27;[0m
&amp#27;[m&amp#27;[34m2021-06-10T18:24:28,239 [main] INFO   HikariDataSource: HikariPool-41 - Starting...&amp#27;[m&amp#27;[0m
&amp#27;[m&amp#27;[31m2021-06-10T18:24:28,240 [main] WARN   DriverDataSource: Registered driver with driverClassName=org.hsqldb.jdbcDriver was not found, trying direct instantiation.&amp#27;[m&amp#27;[0m
&amp#27;[m&amp#27;[34m2021-06-10T18:24:28,240 [main] INFO   PoolBase: HikariPool-41 - Driver does not support get/set network timeout for connections. (feature not supported)&amp#27;[m&amp#27;[0m
&amp#27;[m&amp#27;[34m2021-06-10T18:24:28,242 [main] INFO   HikariDataSource: HikariPool-41 - Start completed.&amp#27;[m&amp#27;[0m
&amp#27;[m&amp#27;[34m2021-06-10T18:24:28,242 [main] INFO   Dialect: HHH000400: Using dialect: org.hibernate.dialect.HSQLDialect&amp#27;[m&amp#27;[0m
&amp#27;[m&amp#27;[31m2021-06-10T18:24:28,267 [main] WARN   JavaTypeDescriptorRegistry: HHH000481: Encountered Java type [class java.lang.Object] for which we could not locate a JavaTypeDescriptor and which does not appear to implement equals and/or hashCode.  This can lead to significant performance problems when performing equality/dirty checking involving this Java type.  Consider registering a custom JavaTypeDescriptor or at least implementing equals/hashCode.&amp#27;[m&amp#27;[0m
&amp#27;[m&amp#27;[34m2021-06-10T18:24:28,313 [main] INFO   LogHelper: HHH000204: Processing PersistenceUnitInfo [name: mir-module]&amp#27;[m&amp#27;[0m
&amp#27;[m&amp#27;[34m2021-06-10T18:24:28,325 [main] INFO   HikariDataSource: HikariPool-42 - Starting...&amp#27;[m&amp#27;[0m
&amp#27;[m&amp#27;[31m2021-06-10T18:24:28,326 [main] WARN   DriverDataSource: Registered driver with driverClassName=org.hsqldb.jdbcDriver was not found, trying direct instantiation.&amp#27;[m&amp#27;[0m
&amp#27;[m&amp#27;[34m2021-06-10T18:24:28,326 [main] INFO   PoolBase: HikariPool-42 - Driver does not support get/set network timeout for connections. (feature not supported)&amp#27;[m&amp#27;[0m
&amp#27;[m&amp#27;[34m2021-06-10T18:24:28,327 [main] INFO   HikariDataSource: HikariPool-42 - Start completed.&amp#27;[m&amp#27;[0m
&amp#27;[m&amp#27;[34m2021-06-10T18:24:28,327 [main] INFO   Dialect: HHH000400: Using dialect: org.hibernate.dialect.HSQLDialect&amp#27;[m&amp#27;[0m
&amp#27;[m&amp#27;[31m2021-06-10T18:24:28,346 [main] WARN   JavaTypeDescriptorRegistry: HHH000481: Encountered Java type [class java.lang.Object] for which we could not locate a JavaTypeDescriptor and which does not appear to implement equals and/or hashCode.  This can lead to significant performance problems when performing equality/dirty checking involving this Java type.  Consider registering a custom JavaTypeDescriptor or at least implementing equals/hashCode.&amp#27;[m&amp#27;[0m
&amp#27;[m]]></system-out>
  </testcase>
  <testcase name="testServFlagsTransform" classname="org.mycore.mir.authorization.accesskeys.TestAccessKeys" time="0.586">
    <system-out><![CDATA[MyCoRe components detected: mcr:mycore-base, mcr:mycore-solr, mcr:mycore-user2, mcr:mycore-xeditor, mcr:mycore-classbrowser, mcr:mycore-mods, mcr:mycore-csl, mcr:mycore-ifs, mcr:mycore-pi, mcr:mycore-sword, mcr:mycore-wfc
Applications modules detected: app:mir-module
&amp#27;[34m2021-06-10T18:24:28,379 [main] INFO   MCRConfigurationInputStream: Current configuration directory: /tmp/junit11057615408979682655/mcrhome/mir-module&amp#27;[m&amp#27;[0m
&amp#27;[m&amp#27;[34m2021-06-10T18:24:28,446 [main] INFO   LogHelper: HHH000204: Processing PersistenceUnitInfo [name: mir-module]&amp#27;[m&amp#27;[0m
&amp#27;[m&amp#27;[34m2021-06-10T18:24:28,476 [main] INFO   HikariDataSource: HikariPool-43 - Starting...&amp#27;[m&amp#27;[0m
&amp#27;[m&amp#27;[31m2021-06-10T18:24:28,479 [main] WARN   DriverDataSource: Registered driver with driverClassName=org.hsqldb.jdbcDriver was not found, trying direct instantiation.&amp#27;[m&amp#27;[0m
&amp#27;[m&amp#27;[34m2021-06-10T18:24:28,480 [main] INFO   PoolBase: HikariPool-43 - Driver does not support get/set network timeout for connections. (feature not supported)&amp#27;[m&amp#27;[0m
&amp#27;[m&amp#27;[34m2021-06-10T18:24:28,483 [main] INFO   HikariDataSource: HikariPool-43 - Start completed.&amp#27;[m&amp#27;[0m
&amp#27;[m&amp#27;[34m2021-06-10T18:24:28,484 [main] INFO   Dialect: HHH000400: Using dialect: org.hibernate.dialect.HSQLDialect&amp#27;[m&amp#27;[0m
&amp#27;[m&amp#27;[31m2021-06-10T18:24:28,521 [main] WARN   JavaTypeDescriptorRegistry: HHH000481: Encountered Java type [class java.lang.Object] for which we could not locate a JavaTypeDescriptor and which does not appear to implement equals and/or hashCode.  This can lead to significant performance problems when performing equality/dirty checking involving this Java type.  Consider registering a custom JavaTypeDescriptor or at least implementing equals/hashCode.&amp#27;[m&amp#27;[0m
&amp#27;[m&amp#27;[31m2021-06-10T18:24:28,726 [main] WARN   MetadataContext: HHH015011: Unable to locate static metamodel field : org.mycore.datamodel.classifications2.MCRCategoryID_#id; this may or may not indicate a problem with the static metamodel&amp#27;[m&amp#27;[0m
&amp#27;[m&amp#27;[34m2021-06-10T18:24:28,732 [main] INFO   JtaPlatformInitiator: HHH000490: Using JtaPlatform implementation: [org.hibernate.engine.transaction.jta.platform.internal.NoJtaPlatform]&amp#27;[m&amp#27;[0m
&amp#27;[m&amp#27;[34m2021-06-10T18:24:28,803 [main] INFO   LogHelper: HHH000204: Processing PersistenceUnitInfo [name: mir-module]&amp#27;[m&amp#27;[0m
&amp#27;[m&amp#27;[34m2021-06-10T18:24:28,818 [main] INFO   HikariDataSource: HikariPool-44 - Starting...&amp#27;[m&amp#27;[0m
&amp#27;[m&amp#27;[31m2021-06-10T18:24:28,818 [main] WARN   DriverDataSource: Registered driver with driverClassName=org.hsqldb.jdbcDriver was not found, trying direct instantiation.&amp#27;[m&amp#27;[0m
&amp#27;[m&amp#27;[34m2021-06-10T18:24:28,820 [main] INFO   PoolBase: HikariPool-44 - Driver does not support get/set network timeout for connections. (feature not supported)&amp#27;[m&amp#27;[0m
&amp#27;[m&amp#27;[34m2021-06-10T18:24:28,820 [main] INFO   HikariDataSource: HikariPool-44 - Start completed.&amp#27;[m&amp#27;[0m
&amp#27;[m&amp#27;[34m2021-06-10T18:24:28,821 [main] INFO   Dialect: HHH000400: Using dialect: org.hibernate.dialect.HSQLDialect&amp#27;[m&amp#27;[0m
&amp#27;[m&amp#27;[31m2021-06-10T18:24:28,854 [main] WARN   JavaTypeDescriptorRegistry: HHH000481: Encountered Java type [class java.lang.Object] for which we could not locate a JavaTypeDescriptor and which does not appear to implement equals and/or hashCode.  This can lead to significant performance problems when performing equality/dirty checking involving this Java type.  Consider registering a custom JavaTypeDescriptor or at least implementing equals/hashCode.&amp#27;[m&amp#27;[0m
&amp#27;[m<?xml version="1.0" encoding="UTF-8"?>
<servflags class="MCRMetaLangText">
  <servflag type="readkey" inherited="0" form="plain">blah</servflag>
  <servflag type="writekey" inherited="0" form="plain">blub</servflag>
</servflags>
&amp#27;[34m2021-06-10T18:24:28,894 [main] INFO   LogHelper: HHH000204: Processing PersistenceUnitInfo [name: mir-module]&amp#27;[m&amp#27;[0m
&amp#27;[m&amp#27;[34m2021-06-10T18:24:28,906 [main] INFO   HikariDataSource: HikariPool-45 - Starting...&amp#27;[m&amp#27;[0m
&amp#27;[m&amp#27;[31m2021-06-10T18:24:28,906 [main] WARN   DriverDataSource: Registered driver with driverClassName=org.hsqldb.jdbcDriver was not found, trying direct instantiation.&amp#27;[m&amp#27;[0m
&amp#27;[m&amp#27;[34m2021-06-10T18:24:28,907 [main] INFO   PoolBase: HikariPool-45 - Driver does not support get/set network timeout for connections. (feature not supported)&amp#27;[m&amp#27;[0m
&amp#27;[m&amp#27;[34m2021-06-10T18:24:28,909 [main] INFO   HikariDataSource: HikariPool-45 - Start completed.&amp#27;[m&amp#27;[0m
&amp#27;[m&amp#27;[34m2021-06-10T18:24:28,910 [main] INFO   Dialect: HHH000400: Using dialect: org.hibernate.dialect.HSQLDialect&amp#27;[m&amp#27;[0m
&amp#27;[m&amp#27;[31m2021-06-10T18:24:28,936 [main] WARN   JavaTypeDescriptorRegistry: HHH000481: Encountered Java type [class java.lang.Object] for which we could not locate a JavaTypeDescriptor and which does not appear to implement equals and/or hashCode.  This can lead to significant performance problems when performing equality/dirty checking involving this Java type.  Consider registering a custom JavaTypeDescriptor or at least implementing equals/hashCode.&amp#27;[m&amp#27;[0m
&amp#27;[m]]></system-out>
  </testcase>
  <testcase name="testKeyPairTransform" classname="org.mycore.mir.authorization.accesskeys.TestAccessKeys" time="0.494">
    <system-out><![CDATA[MyCoRe components detected: mcr:mycore-base, mcr:mycore-solr, mcr:mycore-user2, mcr:mycore-xeditor, mcr:mycore-classbrowser, mcr:mycore-mods, mcr:mycore-csl, mcr:mycore-ifs, mcr:mycore-pi, mcr:mycore-sword, mcr:mycore-wfc
Applications modules detected: app:mir-module
&amp#27;[34m2021-06-10T18:24:28,951 [main] INFO   MCRConfigurationInputStream: Current configuration directory: /tmp/junit11057615408979682655/mcrhome/mir-module&amp#27;[m&amp#27;[0m
&amp#27;[m&amp#27;[34m2021-06-10T18:24:28,983 [main] INFO   LogHelper: HHH000204: Processing PersistenceUnitInfo [name: mir-module]&amp#27;[m&amp#27;[0m
&amp#27;[m&amp#27;[34m2021-06-10T18:24:29,015 [main] INFO   HikariDataSource: HikariPool-46 - Starting...&amp#27;[m&amp#27;[0m
&amp#27;[m&amp#27;[31m2021-06-10T18:24:29,016 [main] WARN   DriverDataSource: Registered driver with driverClassName=org.hsqldb.jdbcDriver was not found, trying direct instantiation.&amp#27;[m&amp#27;[0m
&amp#27;[m&amp#27;[34m2021-06-10T18:24:29,017 [main] INFO   PoolBase: HikariPool-46 - Driver does not support get/set network timeout for connections. (feature not supported)&amp#27;[m&amp#27;[0m
&amp#27;[m&amp#27;[34m2021-06-10T18:24:29,048 [main] INFO   HikariDataSource: HikariPool-46 - Start completed.&amp#27;[m&amp#27;[0m
&amp#27;[m&amp#27;[34m2021-06-10T18:24:29,049 [main] INFO   Dialect: HHH000400: Using dialect: org.hibernate.dialect.HSQLDialect&amp#27;[m&amp#27;[0m
&amp#27;[m&amp#27;[31m2021-06-10T18:24:29,081 [main] WARN   JavaTypeDescriptorRegistry: HHH000481: Encountered Java type [class java.lang.Object] for which we could not locate a JavaTypeDescriptor and which does not appear to implement equals and/or hashCode.  This can lead to significant performance problems when performing equality/dirty checking involving this Java type.  Consider registering a custom JavaTypeDescriptor or at least implementing equals/hashCode.&amp#27;[m&amp#27;[0m
&amp#27;[m&amp#27;[31m2021-06-10T18:24:29,247 [main] WARN   MetadataContext: HHH015011: Unable to locate static metamodel field : org.mycore.datamodel.classifications2.MCRCategoryID_#id; this may or may not indicate a problem with the static metamodel&amp#27;[m&amp#27;[0m
&amp#27;[m&amp#27;[34m2021-06-10T18:24:29,254 [main] INFO   JtaPlatformInitiator: HHH000490: Using JtaPlatform implementation: [org.hibernate.engine.transaction.jta.platform.internal.NoJtaPlatform]&amp#27;[m&amp#27;[0m
&amp#27;[m&amp#27;[34m2021-06-10T18:24:29,305 [main] INFO   LogHelper: HHH000204: Processing PersistenceUnitInfo [name: mir-module]&amp#27;[m&amp#27;[0m
&amp#27;[m&amp#27;[34m2021-06-10T18:24:29,317 [main] INFO   HikariDataSource: HikariPool-47 - Starting...&amp#27;[m&amp#27;[0m
&amp#27;[m&amp#27;[31m2021-06-10T18:24:29,317 [main] WARN   DriverDataSource: Registered driver with driverClassName=org.hsqldb.jdbcDriver was not found, trying direct instantiation.&amp#27;[m&amp#27;[0m
&amp#27;[m&amp#27;[34m2021-06-10T18:24:29,318 [main] INFO   PoolBase: HikariPool-47 - Driver does not support get/set network timeout for connections. (feature not supported)&amp#27;[m&amp#27;[0m
&amp#27;[m&amp#27;[34m2021-06-10T18:24:29,318 [main] INFO   HikariDataSource: HikariPool-47 - Start completed.&amp#27;[m&amp#27;[0m
&amp#27;[m&amp#27;[34m2021-06-10T18:24:29,318 [main] INFO   Dialect: HHH000400: Using dialect: org.hibernate.dialect.HSQLDialect&amp#27;[m&amp#27;[0m
&amp#27;[m&amp#27;[31m2021-06-10T18:24:29,338 [main] WARN   JavaTypeDescriptorRegistry: HHH000481: Encountered Java type [class java.lang.Object] for which we could not locate a JavaTypeDescriptor and which does not appear to implement equals and/or hashCode.  This can lead to significant performance problems when performing equality/dirty checking involving this Java type.  Consider registering a custom JavaTypeDescriptor or at least implementing equals/hashCode.&amp#27;[m&amp#27;[0m
&amp#27;[m<?xml version="1.0" encoding="UTF-8"?>
<accesskeys objId="mir_test_00000001" readkey="blah" writekey="blub" />
&amp#27;[34m2021-06-10T18:24:29,372 [main] INFO   LogHelper: HHH000204: Processing PersistenceUnitInfo [name: mir-module]&amp#27;[m&amp#27;[0m
&amp#27;[m&amp#27;[34m2021-06-10T18:24:29,390 [main] INFO   HikariDataSource: HikariPool-48 - Starting...&amp#27;[m&amp#27;[0m
&amp#27;[m&amp#27;[31m2021-06-10T18:24:29,390 [main] WARN   DriverDataSource: Registered driver with driverClassName=org.hsqldb.jdbcDriver was not found, trying direct instantiation.&amp#27;[m&amp#27;[0m
&amp#27;[m&amp#27;[34m2021-06-10T18:24:29,391 [main] INFO   PoolBase: HikariPool-48 - Driver does not support get/set network timeout for connections. (feature not supported)&amp#27;[m&amp#27;[0m
&amp#27;[m&amp#27;[34m2021-06-10T18:24:29,394 [main] INFO   HikariDataSource: HikariPool-48 - Start completed.&amp#27;[m&amp#27;[0m
&amp#27;[m&amp#27;[34m2021-06-10T18:24:29,394 [main] INFO   Dialect: HHH000400: Using dialect: org.hibernate.dialect.HSQLDialect&amp#27;[m&amp#27;[0m
&amp#27;[m&amp#27;[31m2021-06-10T18:24:29,423 [main] WARN   JavaTypeDescriptorRegistry: HHH000481: Encountered Java type [class java.lang.Object] for which we could not locate a JavaTypeDescriptor and which does not appear to implement equals and/or hashCode.  This can lead to significant performance problems when performing equality/dirty checking involving this Java type.  Consider registering a custom JavaTypeDescriptor or at least implementing equals/hashCode.&amp#27;[m&amp#27;[0m
&amp#27;[m]]></system-out>
  </testcase>
  <testcase name="testAccessKeysTransform" classname="org.mycore.mir.authorization.accesskeys.TestAccessKeys" time="0.443">
    <system-out><![CDATA[MyCoRe components detected: mcr:mycore-base, mcr:mycore-solr, mcr:mycore-user2, mcr:mycore-xeditor, mcr:mycore-classbrowser, mcr:mycore-mods, mcr:mycore-csl, mcr:mycore-ifs, mcr:mycore-pi, mcr:mycore-sword, mcr:mycore-wfc
Applications modules detected: app:mir-module
&amp#27;[34m2021-06-10T18:24:29,460 [main] INFO   MCRConfigurationInputStream: Current configuration directory: /tmp/junit11057615408979682655/mcrhome/mir-module&amp#27;[m&amp#27;[0m
&amp#27;[m&amp#27;[34m2021-06-10T18:24:29,486 [main] INFO   LogHelper: HHH000204: Processing PersistenceUnitInfo [name: mir-module]&amp#27;[m&amp#27;[0m
&amp#27;[m&amp#27;[34m2021-06-10T18:24:29,507 [main] INFO   HikariDataSource: HikariPool-49 - Starting...&amp#27;[m&amp#27;[0m
&amp#27;[m&amp#27;[31m2021-06-10T18:24:29,507 [main] WARN   DriverDataSource: Registered driver with driverClassName=org.hsqldb.jdbcDriver was not found, trying direct instantiation.&amp#27;[m&amp#27;[0m
&amp#27;[m&amp#27;[34m2021-06-10T18:24:29,508 [main] INFO   PoolBase: HikariPool-49 - Driver does not support get/set network timeout for connections. (feature not supported)&amp#27;[m&amp#27;[0m
&amp#27;[m&amp#27;[34m2021-06-10T18:24:29,509 [main] INFO   HikariDataSource: HikariPool-49 - Start completed.&amp#27;[m&amp#27;[0m
&amp#27;[m&amp#27;[34m2021-06-10T18:24:29,509 [main] INFO   Dialect: HHH000400: Using dialect: org.hibernate.dialect.HSQLDialect&amp#27;[m&amp#27;[0m
&amp#27;[m&amp#27;[31m2021-06-10T18:24:29,541 [main] WARN   JavaTypeDescriptorRegistry: HHH000481: Encountered Java type [class java.lang.Object] for which we could not locate a JavaTypeDescriptor and which does not appear to implement equals and/or hashCode.  This can lead to significant performance problems when performing equality/dirty checking involving this Java type.  Consider registering a custom JavaTypeDescriptor or at least implementing equals/hashCode.&amp#27;[m&amp#27;[0m
&amp#27;[m&amp#27;[31m2021-06-10T18:24:29,717 [main] WARN   MetadataContext: HHH015011: Unable to locate static metamodel field : org.mycore.datamodel.classifications2.MCRCategoryID_#id; this may or may not indicate a problem with the static metamodel&amp#27;[m&amp#27;[0m
&amp#27;[m&amp#27;[34m2021-06-10T18:24:29,721 [main] INFO   JtaPlatformInitiator: HHH000490: Using JtaPlatform implementation: [org.hibernate.engine.transaction.jta.platform.internal.NoJtaPlatform]&amp#27;[m&amp#27;[0m
&amp#27;[m&amp#27;[34m2021-06-10T18:24:29,775 [main] INFO   LogHelper: HHH000204: Processing PersistenceUnitInfo [name: mir-module]&amp#27;[m&amp#27;[0m
&amp#27;[m&amp#27;[34m2021-06-10T18:24:29,787 [main] INFO   HikariDataSource: HikariPool-50 - Starting...&amp#27;[m&amp#27;[0m
&amp#27;[m&amp#27;[31m2021-06-10T18:24:29,788 [main] WARN   DriverDataSource: Registered driver with driverClassName=org.hsqldb.jdbcDriver was not found, trying direct instantiation.&amp#27;[m&amp#27;[0m
&amp#27;[m&amp#27;[34m2021-06-10T18:24:29,788 [main] INFO   PoolBase: HikariPool-50 - Driver does not support get/set network timeout for connections. (feature not supported)&amp#27;[m&amp#27;[0m
&amp#27;[m&amp#27;[34m2021-06-10T18:24:29,789 [main] INFO   HikariDataSource: HikariPool-50 - Start completed.&amp#27;[m&amp#27;[0m
&amp#27;[m&amp#27;[34m2021-06-10T18:24:29,789 [main] INFO   Dialect: HHH000400: Using dialect: org.hibernate.dialect.HSQLDialect&amp#27;[m&amp#27;[0m
&amp#27;[m&amp#27;[31m2021-06-10T18:24:29,811 [main] WARN   JavaTypeDescriptorRegistry: HHH000481: Encountered Java type [class java.lang.Object] for which we could not locate a JavaTypeDescriptor and which does not appear to implement equals and/or hashCode.  This can lead to significant performance problems when performing equality/dirty checking involving this Java type.  Consider registering a custom JavaTypeDescriptor or at least implementing equals/hashCode.&amp#27;[m&amp#27;[0m
&amp#27;[m<?xml version="1.0" encoding="UTF-8"?>
<accesskeys objId="mir_test_00000001" readkey="blah" writekey="blub" />
&amp#27;[34m2021-06-10T18:24:29,840 [main] INFO   LogHelper: HHH000204: Processing PersistenceUnitInfo [name: mir-module]&amp#27;[m&amp#27;[0m
&amp#27;[m&amp#27;[34m2021-06-10T18:24:29,853 [main] INFO   HikariDataSource: HikariPool-51 - Starting...&amp#27;[m&amp#27;[0m
&amp#27;[m&amp#27;[31m2021-06-10T18:24:29,853 [main] WARN   DriverDataSource: Registered driver with driverClassName=org.hsqldb.jdbcDriver was not found, trying direct instantiation.&amp#27;[m&amp#27;[0m
&amp#27;[m&amp#27;[34m2021-06-10T18:24:29,854 [main] INFO   PoolBase: HikariPool-51 - Driver does not support get/set network timeout for connections. (feature not supported)&amp#27;[m&amp#27;[0m
&amp#27;[m&amp#27;[34m2021-06-10T18:24:29,854 [main] INFO   HikariDataSource: HikariPool-51 - Start completed.&amp#27;[m&amp#27;[0m
&amp#27;[m&amp#27;[34m2021-06-10T18:24:29,855 [main] INFO   Dialect: HHH000400: Using dialect: org.hibernate.dialect.HSQLDialect&amp#27;[m&amp#27;[0m
&amp#27;[m&amp#27;[31m2021-06-10T18:24:29,876 [main] WARN   JavaTypeDescriptorRegistry: HHH000481: Encountered Java type [class java.lang.Object] for which we could not locate a JavaTypeDescriptor and which does not appear to implement equals and/or hashCode.  This can lead to significant performance problems when performing equality/dirty checking involving this Java type.  Consider registering a custom JavaTypeDescriptor or at least implementing equals/hashCode.&amp#27;[m&amp#27;[0m
&amp#27;[m]]></system-out>
  </testcase>
  <testcase name="testKeyPairWithoutWriteKey" classname="org.mycore.mir.authorization.accesskeys.TestAccessKeys" time="0.563">
    <system-out><![CDATA[MyCoRe components detected: mcr:mycore-base, mcr:mycore-solr, mcr:mycore-user2, mcr:mycore-xeditor, mcr:mycore-classbrowser, mcr:mycore-mods, mcr:mycore-csl, mcr:mycore-ifs, mcr:mycore-pi, mcr:mycore-sword, mcr:mycore-wfc
Applications modules detected: app:mir-module
&amp#27;[34m2021-06-10T18:24:29,911 [main] INFO   MCRConfigurationInputStream: Current configuration directory: /tmp/junit11057615408979682655/mcrhome/mir-module&amp#27;[m&amp#27;[0m
&amp#27;[m&amp#27;[34m2021-06-10T18:24:29,994 [main] INFO   LogHelper: HHH000204: Processing PersistenceUnitInfo [name: mir-module]&amp#27;[m&amp#27;[0m
&amp#27;[m&amp#27;[34m2021-06-10T18:24:30,062 [main] INFO   HikariDataSource: HikariPool-52 - Starting...&amp#27;[m&amp#27;[0m
&amp#27;[m&amp#27;[31m2021-06-10T18:24:30,062 [main] WARN   DriverDataSource: Registered driver with driverClassName=org.hsqldb.jdbcDriver was not found, trying direct instantiation.&amp#27;[m&amp#27;[0m
&amp#27;[m&amp#27;[34m2021-06-10T18:24:30,063 [main] INFO   PoolBase: HikariPool-52 - Driver does not support get/set network timeout for connections. (feature not supported)&amp#27;[m&amp#27;[0m
&amp#27;[m&amp#27;[34m2021-06-10T18:24:30,064 [main] INFO   HikariDataSource: HikariPool-52 - Start completed.&amp#27;[m&amp#27;[0m
&amp#27;[m&amp#27;[34m2021-06-10T18:24:30,065 [main] INFO   Dialect: HHH000400: Using dialect: org.hibernate.dialect.HSQLDialect&amp#27;[m&amp#27;[0m
&amp#27;[m&amp#27;[31m2021-06-10T18:24:30,110 [main] WARN   JavaTypeDescriptorRegistry: HHH000481: Encountered Java type [class java.lang.Object] for which we could not locate a JavaTypeDescriptor and which does not appear to implement equals and/or hashCode.  This can lead to significant performance problems when performing equality/dirty checking involving this Java type.  Consider registering a custom JavaTypeDescriptor or at least implementing equals/hashCode.&amp#27;[m&amp#27;[0m
&amp#27;[m&amp#27;[31m2021-06-10T18:24:30,243 [main] WARN   MetadataContext: HHH015011: Unable to locate static metamodel field : org.mycore.datamodel.classifications2.MCRCategoryID_#id; this may or may not indicate a problem with the static metamodel&amp#27;[m&amp#27;[0m
&amp#27;[m&amp#27;[34m2021-06-10T18:24:30,247 [main] INFO   JtaPlatformInitiator: HHH000490: Using JtaPlatform implementation: [org.hibernate.engine.transaction.jta.platform.internal.NoJtaPlatform]&amp#27;[m&amp#27;[0m
&amp#27;[m&amp#27;[34m2021-06-10T18:24:30,310 [main] INFO   LogHelper: HHH000204: Processing PersistenceUnitInfo [name: mir-module]&amp#27;[m&amp#27;[0m
&amp#27;[m&amp#27;[34m2021-06-10T18:24:30,322 [main] INFO   HikariDataSource: HikariPool-53 - Starting...&amp#27;[m&amp#27;[0m
&amp#27;[m&amp#27;[31m2021-06-10T18:24:30,323 [main] WARN   DriverDataSource: Registered driver with driverClassName=org.hsqldb.jdbcDriver was not found, trying direct instantiation.&amp#27;[m&amp#27;[0m
&amp#27;[m&amp#27;[34m2021-06-10T18:24:30,323 [main] INFO   PoolBase: HikariPool-53 - Driver does not support get/set network timeout for connections. (feature not supported)&amp#27;[m&amp#27;[0m
&amp#27;[m&amp#27;[34m2021-06-10T18:24:30,324 [main] INFO   HikariDataSource: HikariPool-53 - Start completed.&amp#27;[m&amp#27;[0m
&amp#27;[m&amp#27;[34m2021-06-10T18:24:30,325 [main] INFO   Dialect: HHH000400: Using dialect: org.hibernate.dialect.HSQLDialect&amp#27;[m&amp#27;[0m
&amp#27;[m&amp#27;[31m2021-06-10T18:24:30,344 [main] WARN   JavaTypeDescriptorRegistry: HHH000481: Encountered Java type [class java.lang.Object] for which we could not locate a JavaTypeDescriptor and which does not appear to implement equals and/or hashCode.  This can lead to significant performance problems when performing equality/dirty checking involving this Java type.  Consider registering a custom JavaTypeDescriptor or at least implementing equals/hashCode.&amp#27;[m&amp#27;[0m
&amp#27;[m&amp#27;[34m2021-06-10T18:24:30,378 [main] INFO   LogHelper: HHH000204: Processing PersistenceUnitInfo [name: mir-module]&amp#27;[m&amp#27;[0m
&amp#27;[m&amp#27;[34m2021-06-10T18:24:30,398 [main] INFO   HikariDataSource: HikariPool-54 - Starting...&amp#27;[m&amp#27;[0m
&amp#27;[m&amp#27;[31m2021-06-10T18:24:30,398 [main] WARN   DriverDataSource: Registered driver with driverClassName=org.hsqldb.jdbcDriver was not found, trying direct instantiation.&amp#27;[m&amp#27;[0m
&amp#27;[m&amp#27;[34m2021-06-10T18:24:30,398 [main] INFO   PoolBase: HikariPool-54 - Driver does not support get/set network timeout for connections. (feature not supported)&amp#27;[m&amp#27;[0m
&amp#27;[m&amp#27;[34m2021-06-10T18:24:30,399 [main] INFO   HikariDataSource: HikariPool-54 - Start completed.&amp#27;[m&amp#27;[0m
&amp#27;[m&amp#27;[34m2021-06-10T18:24:30,399 [main] INFO   Dialect: HHH000400: Using dialect: org.hibernate.dialect.HSQLDialect&amp#27;[m&amp#27;[0m
&amp#27;[m&amp#27;[31m2021-06-10T18:24:30,441 [main] WARN   JavaTypeDescriptorRegistry: HHH000481: Encountered Java type [class java.lang.Object] for which we could not locate a JavaTypeDescriptor and which does not appear to implement equals and/or hashCode.  This can lead to significant performance problems when performing equality/dirty checking involving this Java type.  Consider registering a custom JavaTypeDescriptor or at least implementing equals/hashCode.&amp#27;[m&amp#27;[0m
&amp#27;[m]]></system-out>
  </testcase>
  <testcase name="testKeyPairWithoutReadKey" classname="org.mycore.mir.authorization.accesskeys.TestAccessKeys" time="0.561">
    <system-out><![CDATA[MyCoRe components detected: mcr:mycore-base, mcr:mycore-solr, mcr:mycore-user2, mcr:mycore-xeditor, mcr:mycore-classbrowser, mcr:mycore-mods, mcr:mycore-csl, mcr:mycore-ifs, mcr:mycore-pi, mcr:mycore-sword, mcr:mycore-wfc
Applications modules detected: app:mir-module
&amp#27;[34m2021-06-10T18:24:30,475 [main] INFO   MCRConfigurationInputStream: Current configuration directory: /tmp/junit11057615408979682655/mcrhome/mir-module&amp#27;[m&amp#27;[0m
&amp#27;[m&amp#27;[34m2021-06-10T18:24:30,538 [main] INFO   LogHelper: HHH000204: Processing PersistenceUnitInfo [name: mir-module]&amp#27;[m&amp#27;[0m
&amp#27;[m&amp#27;[34m2021-06-10T18:24:30,592 [main] INFO   HikariDataSource: HikariPool-55 - Starting...&amp#27;[m&amp#27;[0m
&amp#27;[m&amp#27;[31m2021-06-10T18:24:30,592 [main] WARN   DriverDataSource: Registered driver with driverClassName=org.hsqldb.jdbcDriver was not found, trying direct instantiation.&amp#27;[m&amp#27;[0m
&amp#27;[m&amp#27;[34m2021-06-10T18:24:30,593 [main] INFO   PoolBase: HikariPool-55 - Driver does not support get/set network timeout for connections. (feature not supported)&amp#27;[m&amp#27;[0m
&amp#27;[m&amp#27;[34m2021-06-10T18:24:30,600 [main] INFO   HikariDataSource: HikariPool-55 - Start completed.&amp#27;[m&amp#27;[0m
&amp#27;[m&amp#27;[34m2021-06-10T18:24:30,601 [main] INFO   Dialect: HHH000400: Using dialect: org.hibernate.dialect.HSQLDialect&amp#27;[m&amp#27;[0m
&amp#27;[m&amp#27;[31m2021-06-10T18:24:30,633 [main] WARN   JavaTypeDescriptorRegistry: HHH000481: Encountered Java type [class java.lang.Object] for which we could not locate a JavaTypeDescriptor and which does not appear to implement equals and/or hashCode.  This can lead to significant performance problems when performing equality/dirty checking involving this Java type.  Consider registering a custom JavaTypeDescriptor or at least implementing equals/hashCode.&amp#27;[m&amp#27;[0m
&amp#27;[m&amp#27;[31m2021-06-10T18:24:30,839 [main] WARN   MetadataContext: HHH015011: Unable to locate static metamodel field : org.mycore.datamodel.classifications2.MCRCategoryID_#id; this may or may not indicate a problem with the static metamodel&amp#27;[m&amp#27;[0m
&amp#27;[m&amp#27;[34m2021-06-10T18:24:30,845 [main] INFO   JtaPlatformInitiator: HHH000490: Using JtaPlatform implementation: [org.hibernate.engine.transaction.jta.platform.internal.NoJtaPlatform]&amp#27;[m&amp#27;[0m
&amp#27;[m&amp#27;[34m2021-06-10T18:24:30,907 [main] INFO   LogHelper: HHH000204: Processing PersistenceUnitInfo [name: mir-module]&amp#27;[m&amp#27;[0m
&amp#27;[m&amp#27;[34m2021-06-10T18:24:30,920 [main] INFO   HikariDataSource: HikariPool-56 - Starting...&amp#27;[m&amp#27;[0m
&amp#27;[m&amp#27;[31m2021-06-10T18:24:30,921 [main] WARN   DriverDataSource: Registered driver with driverClassName=org.hsqldb.jdbcDriver was not found, trying direct instantiation.&amp#27;[m&amp#27;[0m
&amp#27;[m&amp#27;[34m2021-06-10T18:24:30,922 [main] INFO   PoolBase: HikariPool-56 - Driver does not support get/set network timeout for connections. (feature not supported)&amp#27;[m&amp#27;[0m
&amp#27;[m&amp#27;[34m2021-06-10T18:24:30,922 [main] INFO   HikariDataSource: HikariPool-56 - Start completed.&amp#27;[m&amp#27;[0m
&amp#27;[m&amp#27;[34m2021-06-10T18:24:30,923 [main] INFO   Dialect: HHH000400: Using dialect: org.hibernate.dialect.HSQLDialect&amp#27;[m&amp#27;[0m
&amp#27;[m&amp#27;[31m2021-06-10T18:24:30,943 [main] WARN   JavaTypeDescriptorRegistry: HHH000481: Encountered Java type [class java.lang.Object] for which we could not locate a JavaTypeDescriptor and which does not appear to implement equals and/or hashCode.  This can lead to significant performance problems when performing equality/dirty checking involving this Java type.  Consider registering a custom JavaTypeDescriptor or at least implementing equals/hashCode.&amp#27;[m&amp#27;[0m
&amp#27;[m&amp#27;[34m2021-06-10T18:24:30,971 [main] INFO   LogHelper: HHH000204: Processing PersistenceUnitInfo [name: mir-module]&amp#27;[m&amp#27;[0m
&amp#27;[m&amp#27;[34m2021-06-10T18:24:30,984 [main] INFO   HikariDataSource: HikariPool-57 - Starting...&amp#27;[m&amp#27;[0m
&amp#27;[m&amp#27;[31m2021-06-10T18:24:30,984 [main] WARN   DriverDataSource: Registered driver with driverClassName=org.hsqldb.jdbcDriver was not found, trying direct instantiation.&amp#27;[m&amp#27;[0m
&amp#27;[m&amp#27;[34m2021-06-10T18:24:30,985 [main] INFO   PoolBase: HikariPool-57 - Driver does not support get/set network timeout for connections. (feature not supported)&amp#27;[m&amp#27;[0m
&amp#27;[m&amp#27;[34m2021-06-10T18:24:30,985 [main] INFO   HikariDataSource: HikariPool-57 - Start completed.&amp#27;[m&amp#27;[0m
&amp#27;[m&amp#27;[34m2021-06-10T18:24:30,986 [main] INFO   Dialect: HHH000400: Using dialect: org.hibernate.dialect.HSQLDialect&amp#27;[m&amp#27;[0m
&amp#27;[m&amp#27;[31m2021-06-10T18:24:31,006 [main] WARN   JavaTypeDescriptorRegistry: HHH000481: Encountered Java type [class java.lang.Object] for which we could not locate a JavaTypeDescriptor and which does not appear to implement equals and/or hashCode.  This can lead to significant performance problems when performing equality/dirty checking involving this Java type.  Consider registering a custom JavaTypeDescriptor or at least implementing equals/hashCode.&amp#27;[m&amp#27;[0m
&amp#27;[m]]></system-out>
  </testcase>
  <testcase name="testCreateSameKeyPair" classname="org.mycore.mir.authorization.accesskeys.TestAccessKeys" time="0.4">
    <system-out><![CDATA[MyCoRe components detected: mcr:mycore-base, mcr:mycore-solr, mcr:mycore-user2, mcr:mycore-xeditor, mcr:mycore-classbrowser, mcr:mycore-mods, mcr:mycore-csl, mcr:mycore-ifs, mcr:mycore-pi, mcr:mycore-sword, mcr:mycore-wfc
Applications modules detected: app:mir-module
&amp#27;[34m2021-06-10T18:24:31,039 [main] INFO   MCRConfigurationInputStream: Current configuration directory: /tmp/junit11057615408979682655/mcrhome/mir-module&amp#27;[m&amp#27;[0m
&amp#27;[m&amp#27;[34m2021-06-10T18:24:31,129 [main] INFO   LogHelper: HHH000204: Processing PersistenceUnitInfo [name: mir-module]&amp#27;[m&amp#27;[0m
&amp#27;[m&amp#27;[34m2021-06-10T18:24:31,141 [main] INFO   HikariDataSource: HikariPool-58 - Starting...&amp#27;[m&amp#27;[0m
&amp#27;[m&amp#27;[31m2021-06-10T18:24:31,141 [main] WARN   DriverDataSource: Registered driver with driverClassName=org.hsqldb.jdbcDriver was not found, trying direct instantiation.&amp#27;[m&amp#27;[0m
&amp#27;[m&amp#27;[34m2021-06-10T18:24:31,142 [main] INFO   PoolBase: HikariPool-58 - Driver does not support get/set network timeout for connections. (feature not supported)&amp#27;[m&amp#27;[0m
&amp#27;[m&amp#27;[34m2021-06-10T18:24:31,143 [main] INFO   HikariDataSource: HikariPool-58 - Start completed.&amp#27;[m&amp#27;[0m
&amp#27;[m&amp#27;[34m2021-06-10T18:24:31,143 [main] INFO   Dialect: HHH000400: Using dialect: org.hibernate.dialect.HSQLDialect&amp#27;[m&amp#27;[0m
&amp#27;[m&amp#27;[31m2021-06-10T18:24:31,162 [main] WARN   JavaTypeDescriptorRegistry: HHH000481: Encountered Java type [class java.lang.Object] for which we could not locate a JavaTypeDescriptor and which does not appear to implement equals and/or hashCode.  This can lead to significant performance problems when performing equality/dirty checking involving this Java type.  Consider registering a custom JavaTypeDescriptor or at least implementing equals/hashCode.&amp#27;[m&amp#27;[0m
&amp#27;[m&amp#27;[31m2021-06-10T18:24:31,273 [main] WARN   MetadataContext: HHH015011: Unable to locate static metamodel field : org.mycore.datamodel.classifications2.MCRCategoryID_#id; this may or may not indicate a problem with the static metamodel&amp#27;[m&amp#27;[0m
&amp#27;[m&amp#27;[34m2021-06-10T18:24:31,278 [main] INFO   JtaPlatformInitiator: HHH000490: Using JtaPlatform implementation: [org.hibernate.engine.transaction.jta.platform.internal.NoJtaPlatform]&amp#27;[m&amp#27;[0m
&amp#27;[m&amp#27;[34m2021-06-10T18:24:31,324 [main] INFO   LogHelper: HHH000204: Processing PersistenceUnitInfo [name: mir-module]&amp#27;[m&amp#27;[0m
&amp#27;[m&amp#27;[34m2021-06-10T18:24:31,336 [main] INFO   HikariDataSource: HikariPool-59 - Starting...&amp#27;[m&amp#27;[0m
&amp#27;[m&amp#27;[31m2021-06-10T18:24:31,337 [main] WARN   DriverDataSource: Registered driver with driverClassName=org.hsqldb.jdbcDriver was not found, trying direct instantiation.&amp#27;[m&amp#27;[0m
&amp#27;[m&amp#27;[34m2021-06-10T18:24:31,337 [main] INFO   PoolBase: HikariPool-59 - Driver does not support get/set network timeout for connections. (feature not supported)&amp#27;[m&amp#27;[0m
&amp#27;[m&amp#27;[34m2021-06-10T18:24:31,338 [main] INFO   HikariDataSource: HikariPool-59 - Start completed.&amp#27;[m&amp#27;[0m
&amp#27;[m&amp#27;[34m2021-06-10T18:24:31,338 [main] INFO   Dialect: HHH000400: Using dialect: org.hibernate.dialect.HSQLDialect&amp#27;[m&amp#27;[0m
&amp#27;[m&amp#27;[31m2021-06-10T18:24:31,357 [main] WARN   JavaTypeDescriptorRegistry: HHH000481: Encountered Java type [class java.lang.Object] for which we could not locate a JavaTypeDescriptor and which does not appear to implement equals and/or hashCode.  This can lead to significant performance problems when performing equality/dirty checking involving this Java type.  Consider registering a custom JavaTypeDescriptor or at least implementing equals/hashCode.&amp#27;[m&amp#27;[0m
&amp#27;[m&amp#27;[34m2021-06-10T18:24:31,382 [main] INFO   LogHelper: HHH000204: Processing PersistenceUnitInfo [name: mir-module]&amp#27;[m&amp#27;[0m
&amp#27;[m&amp#27;[34m2021-06-10T18:24:31,394 [main] INFO   HikariDataSource: HikariPool-60 - Starting...&amp#27;[m&amp#27;[0m
&amp#27;[m&amp#27;[31m2021-06-10T18:24:31,394 [main] WARN   DriverDataSource: Registered driver with driverClassName=org.hsqldb.jdbcDriver was not found, trying direct instantiation.&amp#27;[m&amp#27;[0m
&amp#27;[m&amp#27;[34m2021-06-10T18:24:31,395 [main] INFO   PoolBase: HikariPool-60 - Driver does not support get/set network timeout for connections. (feature not supported)&amp#27;[m&amp#27;[0m
&amp#27;[m&amp#27;[34m2021-06-10T18:24:31,396 [main] INFO   HikariDataSource: HikariPool-60 - Start completed.&amp#27;[m&amp#27;[0m
&amp#27;[m&amp#27;[34m2021-06-10T18:24:31,396 [main] INFO   Dialect: HHH000400: Using dialect: org.hibernate.dialect.HSQLDialect&amp#27;[m&amp#27;[0m
&amp#27;[m&amp#27;[31m2021-06-10T18:24:31,415 [main] WARN   JavaTypeDescriptorRegistry: HHH000481: Encountered Java type [class java.lang.Object] for which we could not locate a JavaTypeDescriptor and which does not appear to implement equals and/or hashCode.  This can lead to significant performance problems when performing equality/dirty checking involving this Java type.  Consider registering a custom JavaTypeDescriptor or at least implementing equals/hashCode.&amp#27;[m&amp#27;[0m
&amp#27;[m]]></system-out>
  </testcase>
</testsuite>