<?xml version="1.0" encoding="UTF-8"?>
<testsuite xmlns:xsi="http://www.w3.org/2001/XMLSchema-instance" xsi:noNamespaceSchemaLocation="https://maven.apache.org/surefire/maven-surefire-plugin/xsd/surefire-test-report-3.0.xsd" version="3.0" name="org.mycore.mir.authorization.MIRStrategyTest" time="7.955" tests="3" errors="0" skipped="0" failures="0">
  <properties>
[...]
</properties>
  <testcase name="checkGuestPermission" classname="org.mycore.mir.authorization.MIRStrategyTest" time="1.857">
    <system-out><![CDATA[Creating config directory: /tmp/junit13559080054109648829/mcrhome/mir-module
MyCoRe components detected: mcr:mycore-base, mcr:mycore-solr, mcr:mycore-user2, mcr:mycore-xeditor, mcr:mycore-classbrowser, mcr:mycore-mods, mcr:mycore-csl, mcr:mycore-ifs, mcr:mycore-pi, mcr:mycore-sword, mcr:mycore-wfc
Applications modules detected: app:mir-module
&amp#27;[34m2021-06-03T15:17:09,954 [main] INFO   MCRConfigurationInputStream: Current configuration directory: /tmp/junit13559080054109648829/mcrhome/mir-module&amp#27;[m&amp#27;[0m
&amp#27;[m&amp#27;[34m2021-06-03T15:17:10,053 [main] INFO   LogHelper: HHH000204: Processing PersistenceUnitInfo [name: mir-module]&amp#27;[m&amp#27;[0m
&amp#27;[m&amp#27;[34m2021-06-03T15:17:10,069 [main] INFO   HikariDataSource: HikariPool-61 - Starting...&amp#27;[m&amp#27;[0m
&amp#27;[m&amp#27;[31m2021-06-03T15:17:10,070 [main] WARN   DriverDataSource: Registered driver with driverClassName=org.hsqldb.jdbcDriver was not found, trying direct instantiation.&amp#27;[m&amp#27;[0m
&amp#27;[m&amp#27;[34m2021-06-03T15:17:10,070 [main] INFO   PoolBase: HikariPool-61 - Driver does not support get/set network timeout for connections. (feature not supported)&amp#27;[m&amp#27;[0m
&amp#27;[m&amp#27;[34m2021-06-03T15:17:10,071 [main] INFO   HikariDataSource: HikariPool-61 - Start completed.&amp#27;[m&amp#27;[0m
&amp#27;[m&amp#27;[34m2021-06-03T15:17:10,071 [main] INFO   Dialect: HHH000400: Using dialect: org.hibernate.dialect.HSQLDialect&amp#27;[m&amp#27;[0m
&amp#27;[m&amp#27;[31m2021-06-03T15:17:10,094 [main] WARN   JavaTypeDescriptorRegistry: HHH000481: Encountered Java type [class java.lang.Object] for which we could not locate a JavaTypeDescriptor and which does not appear to implement equals and/or hashCode.  This can lead to significant performance problems when performing equality/dirty checking involving this Java type.  Consider registering a custom JavaTypeDescriptor or at least implementing equals/hashCode.&amp#27;[m&amp#27;[0m
&amp#27;[m&amp#27;[31m2021-06-03T15:17:10,266 [main] WARN   MetadataContext: HHH015011: Unable to locate static metamodel field : org.mycore.datamodel.classifications2.MCRCategoryID_#id; this may or may not indicate a problem with the static metamodel&amp#27;[m&amp#27;[0m
&amp#27;[m&amp#27;[34m2021-06-03T15:17:10,273 [main] INFO   JtaPlatformInitiator: HHH000490: Using JtaPlatform implementation: [org.hibernate.engine.transaction.jta.platform.internal.NoJtaPlatform]&amp#27;[m&amp#27;[0m
&amp#27;[m&amp#27;[34m2021-06-03T15:17:10,333 [main] INFO   LogHelper: HHH000204: Processing PersistenceUnitInfo [name: mir-module]&amp#27;[m&amp#27;[0m
&amp#27;[m&amp#27;[34m2021-06-03T15:17:10,352 [main] INFO   HikariDataSource: HikariPool-62 - Starting...&amp#27;[m&amp#27;[0m
&amp#27;[m&amp#27;[31m2021-06-03T15:17:10,357 [main] WARN   DriverDataSource: Registered driver with driverClassName=org.hsqldb.jdbcDriver was not found, trying direct instantiation.&amp#27;[m&amp#27;[0m
&amp#27;[m&amp#27;[34m2021-06-03T15:17:10,359 [main] INFO   PoolBase: HikariPool-62 - Driver does not support get/set network timeout for connections. (feature not supported)&amp#27;[m&amp#27;[0m
&amp#27;[m&amp#27;[34m2021-06-03T15:17:10,364 [main] INFO   HikariDataSource: HikariPool-62 - Start completed.&amp#27;[m&amp#27;[0m
&amp#27;[m&amp#27;[34m2021-06-03T15:17:10,364 [main] INFO   Dialect: HHH000400: Using dialect: org.hibernate.dialect.HSQLDialect&amp#27;[m&amp#27;[0m
&amp#27;[m&amp#27;[31m2021-06-03T15:17:10,399 [main] WARN   JavaTypeDescriptorRegistry: HHH000481: Encountered Java type [class java.lang.Object] for which we could not locate a JavaTypeDescriptor and which does not appear to implement equals and/or hashCode.  This can lead to significant performance problems when performing equality/dirty checking involving this Java type.  Consider registering a custom JavaTypeDescriptor or at least implementing equals/hashCode.&amp#27;[m&amp#27;[0m
&amp#27;[mFile location: /MIRStrategyTest/class/mir_access.xml
&amp#27;[34m2021-06-03T15:17:10,549 [main] INFO   MCRCommandLineInterface: load permissions data from file ${app.home}/config/acl/permissions.xml --> load permissions data from file /home/travis/build/MyCoRe-Org/mir/mir-cli/src/main/config/acl/permissions.xml&amp#27;[m&amp#27;[0m
&amp#27;[m&amp#27;[34m2021-06-03T15:17:10,551 [main] INFO   MCRCommand: Syntax matched (executed): load permissions data from file {0}&amp#27;[m&amp#27;[0m
&amp#27;[m&amp#27;[34m2021-06-03T15:17:10,552 [main] INFO   MCRAccessCommands: Reading file /home/travis/build/MyCoRe-Org/mir/mir-cli/src/main/config/acl/permissions.xml ...&amp#27;[m&amp#27;[0m
&amp#27;[mnull Command processed (191 ms)
&amp#27;[34m2021-06-03T15:17:10,753 [main] INFO   MCRCommandLineInterface: update permission read for id default with rulefile ${app.home}/config/acl/grant-all.xml described by ${acl-description.all} --> update permission read for id default with rulefile /home/travis/build/MyCoRe-Org/mir/mir-cli/src/main/config/acl/grant-all.xml described by always allowed&amp#27;[m&amp#27;[0m
&amp#27;[m&amp#27;[34m2021-06-03T15:17:10,753 [main] INFO   MCRCommand: Syntax matched (executed): update permission {0} for id {1} with rulefile {2} described by {3}&amp#27;[m&amp#27;[0m
&amp#27;[mnull Command processed (31 ms)
&amp#27;[34m2021-06-03T15:17:10,784 [main] INFO   MCRCommandLineInterface: update permission writedb for id default with rulefile ${app.home}/config/acl/grant-admin.xml described by ${acl-description.admins} --> update permission writedb for id default with rulefile /home/travis/build/MyCoRe-Org/mir/mir-cli/src/main/config/acl/grant-admin.xml described by administrators only&amp#27;[m&amp#27;[0m
&amp#27;[m&amp#27;[34m2021-06-03T15:17:10,785 [main] INFO   MCRCommand: Syntax matched (executed): update permission {0} for id {1} with rulefile {2} described by {3}&amp#27;[m&amp#27;[0m
&amp#27;[mnull Command processed (10 ms)
&amp#27;[34m2021-06-03T15:17:10,795 [main] INFO   MCRCommandLineInterface: update permission deletedb for id default with rulefile ${app.home}/config/acl/grant-admin.xml described by ${acl-description.admins} --> update permission deletedb for id default with rulefile /home/travis/build/MyCoRe-Org/mir/mir-cli/src/main/config/acl/grant-admin.xml described by administrators only&amp#27;[m&amp#27;[0m
&amp#27;[m&amp#27;[34m2021-06-03T15:17:10,795 [main] INFO   MCRCommand: Syntax matched (executed): update permission {0} for id {1} with rulefile {2} described by {3}&amp#27;[m&amp#27;[0m
&amp#27;[mnull Command processed (11 ms)
&amp#27;[34m2021-06-03T15:17:10,806 [main] INFO   MCRCommandLineInterface: update permission view for id default_mods with rulefile ${app.home}/config/acl/grant-all.xml described by ${acl-description.all} --> update permission view for id default_mods with rulefile /home/travis/build/MyCoRe-Org/mir/mir-cli/src/main/config/acl/grant-all.xml described by always allowed&amp#27;[m&amp#27;[0m
&amp#27;[m&amp#27;[34m2021-06-03T15:17:10,806 [main] INFO   MCRCommand: Syntax matched (executed): update permission {0} for id {1} with rulefile {2} described by {3}&amp#27;[m&amp#27;[0m
&amp#27;[mnull Command processed (17 ms)
&amp#27;[34m2021-06-03T15:17:10,823 [main] INFO   MCRCommandLineInterface: update permission preview for id default_mods with rulefile ${app.home}/config/acl/grant-all.xml described by ${acl-description.all} --> update permission preview for id default_mods with rulefile /home/travis/build/MyCoRe-Org/mir/mir-cli/src/main/config/acl/grant-all.xml described by always allowed&amp#27;[m&amp#27;[0m
&amp#27;[m&amp#27;[34m2021-06-03T15:17:10,824 [main] INFO   MCRCommand: Syntax matched (executed): update permission {0} for id {1} with rulefile {2} described by {3}&amp#27;[m&amp#27;[0m
&amp#27;[mnull Command processed (16 ms)
&amp#27;[34m2021-06-03T15:17:10,841 [main] INFO   MCRCommandLineInterface: update permission read for id default_mods with rulefile ${app.home}/config/acl/grant-all.xml described by ${acl-description.all} --> update permission read for id default_mods with rulefile /home/travis/build/MyCoRe-Org/mir/mir-cli/src/main/config/acl/grant-all.xml described by always allowed&amp#27;[m&amp#27;[0m
&amp#27;[m&amp#27;[34m2021-06-03T15:17:10,842 [main] INFO   MCRCommand: Syntax matched (executed): update permission {0} for id {1} with rulefile {2} described by {3}&amp#27;[m&amp#27;[0m
&amp#27;[mnull Command processed (25 ms)
&amp#27;[34m2021-06-03T15:17:10,867 [main] INFO   MCRCommandLineInterface: update permission writedb for id default_mods with rulefile ${app.home}/config/acl/grant-editors.xml described by ${acl-description.editors} --> update permission writedb for id default_mods with rulefile /home/travis/build/MyCoRe-Org/mir/mir-cli/src/main/config/acl/grant-editors.xml described by administrators and editors&amp#27;[m&amp#27;[0m
&amp#27;[m&amp#27;[34m2021-06-03T15:17:10,867 [main] INFO   MCRCommand: Syntax matched (executed): update permission {0} for id {1} with rulefile {2} described by {3}&amp#27;[m&amp#27;[0m
&amp#27;[mnull Command processed (17 ms)
&amp#27;[34m2021-06-03T15:17:10,885 [main] INFO   MCRCommandLineInterface: update permission deletedb for id default_mods with rulefile ${app.home}/config/acl/grant-admin.xml described by ${acl-description.admins} --> update permission deletedb for id default_mods with rulefile /home/travis/build/MyCoRe-Org/mir/mir-cli/src/main/config/acl/grant-admin.xml described by administrators only&amp#27;[m&amp#27;[0m
&amp#27;[m&amp#27;[34m2021-06-03T15:17:10,885 [main] INFO   MCRCommand: Syntax matched (executed): update permission {0} for id {1} with rulefile {2} described by {3}&amp#27;[m&amp#27;[0m
&amp#27;[mnull Command processed (15 ms)
&amp#27;[34m2021-06-03T15:17:10,900 [main] INFO   MCRCommandLineInterface: update permission addurn for id default_derivate with rulefile ${app.home}/config/acl/grant-editors.xml described by ${acl-description.editors} --> update permission addurn for id default_derivate with rulefile /home/travis/build/MyCoRe-Org/mir/mir-cli/src/main/config/acl/grant-editors.xml described by administrators and editors&amp#27;[m&amp#27;[0m
&amp#27;[m&amp#27;[34m2021-06-03T15:17:10,900 [main] INFO   MCRCommand: Syntax matched (executed): update permission {0} for id {1} with rulefile {2} described by {3}&amp#27;[m&amp#27;[0m
&amp#27;[mnull Command processed (26 ms)
&amp#27;[34m2021-06-03T15:17:10,929 [main] INFO   MCRCommandLineInterface: update permission read for id derivate:mir_access:intern with rulefile ${app.home}/config/acl/require-login.xml described by ${acl-description.require-login} --> update permission read for id derivate:mir_access:intern with rulefile /home/travis/build/MyCoRe-Org/mir/mir-cli/src/main/config/acl/require-login.xml described by require login&amp#27;[m&amp#27;[0m
&amp#27;[m&amp#27;[34m2021-06-03T15:17:10,930 [main] INFO   MCRCommand: Syntax matched (executed): update permission {0} for id {1} with rulefile {2} described by {3}&amp#27;[m&amp#27;[0m
&amp#27;[mnull Command processed (27 ms)
&amp#27;[34m2021-06-03T15:17:10,956 [main] INFO   MCRCommandLineInterface: update permission read for id derivate:mir_access:unlimited with rulefile ${app.home}/config/acl/grant-all.xml described by ${acl-description.require-login} --> update permission read for id derivate:mir_access:unlimited with rulefile /home/travis/build/MyCoRe-Org/mir/mir-cli/src/main/config/acl/grant-all.xml described by require login&amp#27;[m&amp#27;[0m
&amp#27;[m&amp#27;[34m2021-06-03T15:17:10,957 [main] INFO   MCRCommand: Syntax matched (executed): update permission {0} for id {1} with rulefile {2} described by {3}&amp#27;[m&amp#27;[0m
&amp#27;[mnull Command processed (23 ms)
&amp#27;[34m2021-06-03T15:17:10,980 [main] INFO   MCRCommandLineInterface: update permission writedb for id mir_genres with rulefile ${app.home}/config/acl/grant-admin.xml described by ${acl-description.admins} --> update permission writedb for id mir_genres with rulefile /home/travis/build/MyCoRe-Org/mir/mir-cli/src/main/config/acl/grant-admin.xml described by administrators only&amp#27;[m&amp#27;[0m
&amp#27;[m&amp#27;[34m2021-06-03T15:17:10,981 [main] INFO   MCRCommand: Syntax matched (executed): update permission {0} for id {1} with rulefile {2} described by {3}&amp#27;[m&amp#27;[0m
&amp#27;[mnull Command processed (21 ms)
&amp#27;[34m2021-06-03T15:17:11,002 [main] INFO   MCRCommandLineInterface: update permission writedb for id mir_institutes with rulefile ${app.home}/config/acl/grant-admin.xml described by ${acl-description.admins} --> update permission writedb for id mir_institutes with rulefile /home/travis/build/MyCoRe-Org/mir/mir-cli/src/main/config/acl/grant-admin.xml described by administrators only&amp#27;[m&amp#27;[0m
&amp#27;[m&amp#27;[34m2021-06-03T15:17:11,004 [main] INFO   MCRCommand: Syntax matched (executed): update permission {0} for id {1} with rulefile {2} described by {3}&amp#27;[m&amp#27;[0m
&amp#27;[mnull Command processed (18 ms)
&amp#27;[34m2021-06-03T15:17:11,022 [main] INFO   MCRCommandLineInterface: update permission writedb for id mir_licenses with rulefile ${app.home}/config/acl/grant-admin.xml described by ${acl-description.admins} --> update permission writedb for id mir_licenses with rulefile /home/travis/build/MyCoRe-Org/mir/mir-cli/src/main/config/acl/grant-admin.xml described by administrators only&amp#27;[m&amp#27;[0m
&amp#27;[m&amp#27;[34m2021-06-03T15:17:11,022 [main] INFO   MCRCommand: Syntax matched (executed): update permission {0} for id {1} with rulefile {2} described by {3}&amp#27;[m&amp#27;[0m
&amp#27;[mnull Command processed (21 ms)
&amp#27;[34m2021-06-03T15:17:11,043 [main] INFO   MCRCommandLineInterface: update permission writedb for id rfc5646 with rulefile ${app.home}/config/acl/grant-admin.xml described by ${acl-description.admins} --> update permission writedb for id rfc5646 with rulefile /home/travis/build/MyCoRe-Org/mir/mir-cli/src/main/config/acl/grant-admin.xml described by administrators only&amp#27;[m&amp#27;[0m
&amp#27;[m&amp#27;[34m2021-06-03T15:17:11,044 [main] INFO   MCRCommand: Syntax matched (executed): update permission {0} for id {1} with rulefile {2} described by {3}&amp#27;[m&amp#27;[0m
&amp#27;[mnull Command processed (29 ms)
&amp#27;[34m2021-06-03T15:17:11,074 [main] INFO   MCRCommandLineInterface: update permission writedb for id marcrelator with rulefile ${app.home}/config/acl/grant-admin.xml described by ${acl-description.admins} --> update permission writedb for id marcrelator with rulefile /home/travis/build/MyCoRe-Org/mir/mir-cli/src/main/config/acl/grant-admin.xml described by administrators only&amp#27;[m&amp#27;[0m
&amp#27;[m&amp#27;[34m2021-06-03T15:17:11,074 [main] INFO   MCRCommand: Syntax matched (executed): update permission {0} for id {1} with rulefile {2} described by {3}&amp#27;[m&amp#27;[0m
&amp#27;[mnull Command processed (10 ms)
&amp#27;[34m2021-06-03T15:17:11,084 [main] INFO   MCRCommandLineInterface: update permission writedb for id noteTypes with rulefile ${app.home}/config/acl/grant-admin.xml described by ${acl-description.admins} --> update permission writedb for id noteTypes with rulefile /home/travis/build/MyCoRe-Org/mir/mir-cli/src/main/config/acl/grant-admin.xml described by administrators only&amp#27;[m&amp#27;[0m
&amp#27;[m&amp#27;[34m2021-06-03T15:17:11,086 [main] INFO   MCRCommand: Syntax matched (executed): update permission {0} for id {1} with rulefile {2} described by {3}&amp#27;[m&amp#27;[0m
&amp#27;[mnull Command processed (23 ms)
&amp#27;[34m2021-06-03T15:17:11,109 [main] INFO   MCRCommandLineInterface: update permission writedb for id SDNB with rulefile ${app.home}/config/acl/grant-admin.xml described by ${acl-description.admins} --> update permission writedb for id SDNB with rulefile /home/travis/build/MyCoRe-Org/mir/mir-cli/src/main/config/acl/grant-admin.xml described by administrators only&amp#27;[m&amp#27;[0m
&amp#27;[m&amp#27;[34m2021-06-03T15:17:11,109 [main] INFO   MCRCommand: Syntax matched (executed): update permission {0} for id {1} with rulefile {2} described by {3}&amp#27;[m&amp#27;[0m
&amp#27;[mnull Command processed (10 ms)
&amp#27;[34m2021-06-03T15:17:11,119 [main] INFO   MCRCommandLineInterface: update permission read for id mods:mir_access:accessKey with rulefile ${app.home}/config/acl/grant-editors.xml described by ${acl-description.editors} --> update permission read for id mods:mir_access:accessKey with rulefile /home/travis/build/MyCoRe-Org/mir/mir-cli/src/main/config/acl/grant-editors.xml described by administrators and editors&amp#27;[m&amp#27;[0m
&amp#27;[m&amp#27;[34m2021-06-03T15:17:11,120 [main] INFO   MCRCommand: Syntax matched (executed): update permission {0} for id {1} with rulefile {2} described by {3}&amp#27;[m&amp#27;[0m
&amp#27;[mnull Command processed (10 ms)
&amp#27;[34m2021-06-03T15:17:11,130 [main] INFO   MCRCommandLineInterface: update permission writedb for id mods:mir_access:accessKey with rulefile ${app.home}/config/acl/grant-editors.xml described by ${acl-description.editors} --> update permission writedb for id mods:mir_access:accessKey with rulefile /home/travis/build/MyCoRe-Org/mir/mir-cli/src/main/config/acl/grant-editors.xml described by administrators and editors&amp#27;[m&amp#27;[0m
&amp#27;[m&amp#27;[34m2021-06-03T15:17:11,131 [main] INFO   MCRCommand: Syntax matched (executed): update permission {0} for id {1} with rulefile {2} described by {3}&amp#27;[m&amp#27;[0m
&amp#27;[mnull Command processed (23 ms)
&amp#27;[34m2021-06-03T15:17:11,154 [main] INFO   MCRCommandLineInterface: update permission read for id derivate:mir_access:accessKey with rulefile ${app.home}/config/acl/grant-editors.xml described by ${acl-description.editors} --> update permission read for id derivate:mir_access:accessKey with rulefile /home/travis/build/MyCoRe-Org/mir/mir-cli/src/main/config/acl/grant-editors.xml described by administrators and editors&amp#27;[m&amp#27;[0m
&amp#27;[m&amp#27;[34m2021-06-03T15:17:11,155 [main] INFO   MCRCommand: Syntax matched (executed): update permission {0} for id {1} with rulefile {2} described by {3}&amp#27;[m&amp#27;[0m
&amp#27;[mnull Command processed (20 ms)
&amp#27;[34m2021-06-03T15:17:11,176 [main] INFO   MCRCommandLineInterface: update permission writedb for id derivate:mir_access:accessKey with rulefile ${app.home}/config/acl/grant-editors.xml described by ${acl-description.editors} --> update permission writedb for id derivate:mir_access:accessKey with rulefile /home/travis/build/MyCoRe-Org/mir/mir-cli/src/main/config/acl/grant-editors.xml described by administrators and editors&amp#27;[m&amp#27;[0m
&amp#27;[m&amp#27;[34m2021-06-03T15:17:11,177 [main] INFO   MCRCommand: Syntax matched (executed): update permission {0} for id {1} with rulefile {2} described by {3}&amp#27;[m&amp#27;[0m
&amp#27;[mnull Command processed (22 ms)
&amp#27;[34m2021-06-03T15:17:11,199 [main] INFO   MCRCommand: Syntax matched (executed): load classification from url {0}&amp#27;[m&amp#27;[0m
&amp#27;[m&amp#27;[34m2021-06-03T15:17:11,286 [main] INFO   MCRCategoryDAOImpl: Category mir_access saved.&amp#27;[m&amp#27;[0m
&amp#27;[mnull Command processed (87 ms)
&amp#27;[34m2021-06-03T15:17:11,748 [main] INFO   LogHelper: HHH000204: Processing PersistenceUnitInfo [name: mir-module]&amp#27;[m&amp#27;[0m
&amp#27;[m&amp#27;[34m2021-06-03T15:17:11,760 [main] INFO   HikariDataSource: HikariPool-63 - Starting...&amp#27;[m&amp#27;[0m
&amp#27;[m&amp#27;[31m2021-06-03T15:17:11,761 [main] WARN   DriverDataSource: Registered driver with driverClassName=org.hsqldb.jdbcDriver was not found, trying direct instantiation.&amp#27;[m&amp#27;[0m
&amp#27;[m&amp#27;[34m2021-06-03T15:17:11,761 [main] INFO   PoolBase: HikariPool-63 - Driver does not support get/set network timeout for connections. (feature not supported)&amp#27;[m&amp#27;[0m
&amp#27;[m&amp#27;[34m2021-06-03T15:17:11,762 [main] INFO   HikariDataSource: HikariPool-63 - Start completed.&amp#27;[m&amp#27;[0m
&amp#27;[m&amp#27;[34m2021-06-03T15:17:11,762 [main] INFO   Dialect: HHH000400: Using dialect: org.hibernate.dialect.HSQLDialect&amp#27;[m&amp#27;[0m
&amp#27;[m&amp#27;[31m2021-06-03T15:17:11,787 [main] WARN   JavaTypeDescriptorRegistry: HHH000481: Encountered Java type [class java.lang.Object] for which we could not locate a JavaTypeDescriptor and which does not appear to implement equals and/or hashCode.  This can lead to significant performance problems when performing equality/dirty checking involving this Java type.  Consider registering a custom JavaTypeDescriptor or at least implementing equals/hashCode.&amp#27;[m&amp#27;[0m
&amp#27;[m]]></system-out>
  </testcase>
  <testcase name="checkSuperUserPermission" classname="org.mycore.mir.authorization.MIRStrategyTest" time="1.568">
    <system-out><![CDATA[MyCoRe components detected: mcr:mycore-base, mcr:mycore-solr, mcr:mycore-user2, mcr:mycore-xeditor, mcr:mycore-classbrowser, mcr:mycore-mods, mcr:mycore-csl, mcr:mycore-ifs, mcr:mycore-pi, mcr:mycore-sword, mcr:mycore-wfc
Applications modules detected: app:mir-module
&amp#27;[34m2021-06-03T15:17:11,807 [main] INFO   MCRConfigurationInputStream: Current configuration directory: /tmp/junit13559080054109648829/mcrhome/mir-module&amp#27;[m&amp#27;[0m
&amp#27;[m&amp#27;[34m2021-06-03T15:17:11,864 [main] INFO   LogHelper: HHH000204: Processing PersistenceUnitInfo [name: mir-module]&amp#27;[m&amp#27;[0m
&amp#27;[m&amp#27;[34m2021-06-03T15:17:11,932 [main] INFO   HikariDataSource: HikariPool-64 - Starting...&amp#27;[m&amp#27;[0m
&amp#27;[m&amp#27;[31m2021-06-03T15:17:11,933 [main] WARN   DriverDataSource: Registered driver with driverClassName=org.hsqldb.jdbcDriver was not found, trying direct instantiation.&amp#27;[m&amp#27;[0m
&amp#27;[m&amp#27;[34m2021-06-03T15:17:11,933 [main] INFO   PoolBase: HikariPool-64 - Driver does not support get/set network timeout for connections. (feature not supported)&amp#27;[m&amp#27;[0m
&amp#27;[m&amp#27;[34m2021-06-03T15:17:11,946 [main] INFO   HikariDataSource: HikariPool-64 - Start completed.&amp#27;[m&amp#27;[0m
&amp#27;[m&amp#27;[34m2021-06-03T15:17:11,955 [main] INFO   Dialect: HHH000400: Using dialect: org.hibernate.dialect.HSQLDialect&amp#27;[m&amp#27;[0m
&amp#27;[m&amp#27;[31m2021-06-03T15:17:12,028 [main] WARN   JavaTypeDescriptorRegistry: HHH000481: Encountered Java type [class java.lang.Object] for which we could not locate a JavaTypeDescriptor and which does not appear to implement equals and/or hashCode.  This can lead to significant performance problems when performing equality/dirty checking involving this Java type.  Consider registering a custom JavaTypeDescriptor or at least implementing equals/hashCode.&amp#27;[m&amp#27;[0m
&amp#27;[m&amp#27;[31m2021-06-03T15:17:12,301 [main] WARN   MetadataContext: HHH015011: Unable to locate static metamodel field : org.mycore.datamodel.classifications2.MCRCategoryID_#id; this may or may not indicate a problem with the static metamodel&amp#27;[m&amp#27;[0m
&amp#27;[m&amp#27;[34m2021-06-03T15:17:12,305 [main] INFO   JtaPlatformInitiator: HHH000490: Using JtaPlatform implementation: [org.hibernate.engine.transaction.jta.platform.internal.NoJtaPlatform]&amp#27;[m&amp#27;[0m
&amp#27;[m&amp#27;[34m2021-06-03T15:17:12,358 [main] INFO   LogHelper: HHH000204: Processing PersistenceUnitInfo [name: mir-module]&amp#27;[m&amp#27;[0m
&amp#27;[m&amp#27;[34m2021-06-03T15:17:12,371 [main] INFO   HikariDataSource: HikariPool-65 - Starting...&amp#27;[m&amp#27;[0m
&amp#27;[m&amp#27;[31m2021-06-03T15:17:12,371 [main] WARN   DriverDataSource: Registered driver with driverClassName=org.hsqldb.jdbcDriver was not found, trying direct instantiation.&amp#27;[m&amp#27;[0m
&amp#27;[m&amp#27;[34m2021-06-03T15:17:12,372 [main] INFO   PoolBase: HikariPool-65 - Driver does not support get/set network timeout for connections. (feature not supported)&amp#27;[m&amp#27;[0m
&amp#27;[m&amp#27;[34m2021-06-03T15:17:12,372 [main] INFO   HikariDataSource: HikariPool-65 - Start completed.&amp#27;[m&amp#27;[0m
&amp#27;[m&amp#27;[34m2021-06-03T15:17:12,373 [main] INFO   Dialect: HHH000400: Using dialect: org.hibernate.dialect.HSQLDialect&amp#27;[m&amp#27;[0m
&amp#27;[m&amp#27;[31m2021-06-03T15:17:12,396 [main] WARN   JavaTypeDescriptorRegistry: HHH000481: Encountered Java type [class java.lang.Object] for which we could not locate a JavaTypeDescriptor and which does not appear to implement equals and/or hashCode.  This can lead to significant performance problems when performing equality/dirty checking involving this Java type.  Consider registering a custom JavaTypeDescriptor or at least implementing equals/hashCode.&amp#27;[m&amp#27;[0m
&amp#27;[mFile location: /MIRStrategyTest/class/mir_access.xml
&amp#27;[34m2021-06-03T15:17:12,416 [main] INFO   MCRCommandLineInterface: load permissions data from file ${app.home}/config/acl/permissions.xml --> load permissions data from file /home/travis/build/MyCoRe-Org/mir/mir-cli/src/main/config/acl/permissions.xml&amp#27;[m&amp#27;[0m
&amp#27;[m&amp#27;[34m2021-06-03T15:17:12,417 [main] INFO   MCRCommand: Syntax matched (executed): load permissions data from file {0}&amp#27;[m&amp#27;[0m
&amp#27;[m&amp#27;[34m2021-06-03T15:17:12,417 [main] INFO   MCRAccessCommands: Reading file /home/travis/build/MyCoRe-Org/mir/mir-cli/src/main/config/acl/permissions.xml ...&amp#27;[m&amp#27;[0m
&amp#27;[mnull Command processed (50 ms)
&amp#27;[34m2021-06-03T15:17:12,467 [main] INFO   MCRCommandLineInterface: update permission read for id default with rulefile ${app.home}/config/acl/grant-all.xml described by ${acl-description.all} --> update permission read for id default with rulefile /home/travis/build/MyCoRe-Org/mir/mir-cli/src/main/config/acl/grant-all.xml described by always allowed&amp#27;[m&amp#27;[0m
&amp#27;[m&amp#27;[34m2021-06-03T15:17:12,468 [main] INFO   MCRCommand: Syntax matched (executed): update permission {0} for id {1} with rulefile {2} described by {3}&amp#27;[m&amp#27;[0m
&amp#27;[mnull Command processed (25 ms)
&amp#27;[34m2021-06-03T15:17:12,493 [main] INFO   MCRCommandLineInterface: update permission writedb for id default with rulefile ${app.home}/config/acl/grant-admin.xml described by ${acl-description.admins} --> update permission writedb for id default with rulefile /home/travis/build/MyCoRe-Org/mir/mir-cli/src/main/config/acl/grant-admin.xml described by administrators only&amp#27;[m&amp#27;[0m
&amp#27;[m&amp#27;[34m2021-06-03T15:17:12,493 [main] INFO   MCRCommand: Syntax matched (executed): update permission {0} for id {1} with rulefile {2} described by {3}&amp#27;[m&amp#27;[0m
&amp#27;[mnull Command processed (16 ms)
&amp#27;[34m2021-06-03T15:17:12,509 [main] INFO   MCRCommandLineInterface: update permission deletedb for id default with rulefile ${app.home}/config/acl/grant-admin.xml described by ${acl-description.admins} --> update permission deletedb for id default with rulefile /home/travis/build/MyCoRe-Org/mir/mir-cli/src/main/config/acl/grant-admin.xml described by administrators only&amp#27;[m&amp#27;[0m
&amp#27;[m&amp#27;[34m2021-06-03T15:17:12,510 [main] INFO   MCRCommand: Syntax matched (executed): update permission {0} for id {1} with rulefile {2} described by {3}&amp#27;[m&amp#27;[0m
&amp#27;[mnull Command processed (14 ms)
&amp#27;[34m2021-06-03T15:17:12,524 [main] INFO   MCRCommandLineInterface: update permission view for id default_mods with rulefile ${app.home}/config/acl/grant-all.xml described by ${acl-description.all} --> update permission view for id default_mods with rulefile /home/travis/build/MyCoRe-Org/mir/mir-cli/src/main/config/acl/grant-all.xml described by always allowed&amp#27;[m&amp#27;[0m
&amp#27;[m&amp#27;[34m2021-06-03T15:17:12,525 [main] INFO   MCRCommand: Syntax matched (executed): update permission {0} for id {1} with rulefile {2} described by {3}&amp#27;[m&amp#27;[0m
&amp#27;[mnull Command processed (9 ms)
&amp#27;[34m2021-06-03T15:17:12,533 [main] INFO   MCRCommandLineInterface: update permission preview for id default_mods with rulefile ${app.home}/config/acl/grant-all.xml described by ${acl-description.all} --> update permission preview for id default_mods with rulefile /home/travis/build/MyCoRe-Org/mir/mir-cli/src/main/config/acl/grant-all.xml described by always allowed&amp#27;[m&amp#27;[0m
&amp#27;[m&amp#27;[34m2021-06-03T15:17:12,534 [main] INFO   MCRCommand: Syntax matched (executed): update permission {0} for id {1} with rulefile {2} described by {3}&amp#27;[m&amp#27;[0m
&amp#27;[mnull Command processed (9 ms)
&amp#27;[34m2021-06-03T15:17:12,543 [main] INFO   MCRCommandLineInterface: update permission read for id default_mods with rulefile ${app.home}/config/acl/grant-all.xml described by ${acl-description.all} --> update permission read for id default_mods with rulefile /home/travis/build/MyCoRe-Org/mir/mir-cli/src/main/config/acl/grant-all.xml described by always allowed&amp#27;[m&amp#27;[0m
&amp#27;[m&amp#27;[34m2021-06-03T15:17:12,543 [main] INFO   MCRCommand: Syntax matched (executed): update permission {0} for id {1} with rulefile {2} described by {3}&amp#27;[m&amp#27;[0m
&amp#27;[mnull Command processed (8 ms)
&amp#27;[34m2021-06-03T15:17:12,551 [main] INFO   MCRCommandLineInterface: update permission writedb for id default_mods with rulefile ${app.home}/config/acl/grant-editors.xml described by ${acl-description.editors} --> update permission writedb for id default_mods with rulefile /home/travis/build/MyCoRe-Org/mir/mir-cli/src/main/config/acl/grant-editors.xml described by administrators and editors&amp#27;[m&amp#27;[0m
&amp#27;[m&amp#27;[34m2021-06-03T15:17:12,551 [main] INFO   MCRCommand: Syntax matched (executed): update permission {0} for id {1} with rulefile {2} described by {3}&amp#27;[m&amp#27;[0m
&amp#27;[mnull Command processed (8 ms)
&amp#27;[34m2021-06-03T15:17:12,559 [main] INFO   MCRCommandLineInterface: update permission deletedb for id default_mods with rulefile ${app.home}/config/acl/grant-admin.xml described by ${acl-description.admins} --> update permission deletedb for id default_mods with rulefile /home/travis/build/MyCoRe-Org/mir/mir-cli/src/main/config/acl/grant-admin.xml described by administrators only&amp#27;[m&amp#27;[0m
&amp#27;[m&amp#27;[34m2021-06-03T15:17:12,562 [main] INFO   MCRCommand: Syntax matched (executed): update permission {0} for id {1} with rulefile {2} described by {3}&amp#27;[m&amp#27;[0m
&amp#27;[mnull Command processed (12 ms)
&amp#27;[34m2021-06-03T15:17:12,574 [main] INFO   MCRCommandLineInterface: update permission addurn for id default_derivate with rulefile ${app.home}/config/acl/grant-editors.xml described by ${acl-description.editors} --> update permission addurn for id default_derivate with rulefile /home/travis/build/MyCoRe-Org/mir/mir-cli/src/main/config/acl/grant-editors.xml described by administrators and editors&amp#27;[m&amp#27;[0m
&amp#27;[m&amp#27;[34m2021-06-03T15:17:12,577 [main] INFO   MCRCommand: Syntax matched (executed): update permission {0} for id {1} with rulefile {2} described by {3}&amp#27;[m&amp#27;[0m
&amp#27;[mnull Command processed (17 ms)
&amp#27;[34m2021-06-03T15:17:12,594 [main] INFO   MCRCommandLineInterface: update permission read for id derivate:mir_access:intern with rulefile ${app.home}/config/acl/require-login.xml described by ${acl-description.require-login} --> update permission read for id derivate:mir_access:intern with rulefile /home/travis/build/MyCoRe-Org/mir/mir-cli/src/main/config/acl/require-login.xml described by require login&amp#27;[m&amp#27;[0m
&amp#27;[m&amp#27;[34m2021-06-03T15:17:12,595 [main] INFO   MCRCommand: Syntax matched (executed): update permission {0} for id {1} with rulefile {2} described by {3}&amp#27;[m&amp#27;[0m
&amp#27;[mnull Command processed (30 ms)
&amp#27;[34m2021-06-03T15:17:12,624 [main] INFO   MCRCommandLineInterface: update permission read for id derivate:mir_access:unlimited with rulefile ${app.home}/config/acl/grant-all.xml described by ${acl-description.require-login} --> update permission read for id derivate:mir_access:unlimited with rulefile /home/travis/build/MyCoRe-Org/mir/mir-cli/src/main/config/acl/grant-all.xml described by require login&amp#27;[m&amp#27;[0m
&amp#27;[m&amp#27;[34m2021-06-03T15:17:12,625 [main] INFO   MCRCommand: Syntax matched (executed): update permission {0} for id {1} with rulefile {2} described by {3}&amp#27;[m&amp#27;[0m
&amp#27;[mnull Command processed (18 ms)
&amp#27;[34m2021-06-03T15:17:12,646 [main] INFO   MCRCommandLineInterface: update permission writedb for id mir_genres with rulefile ${app.home}/config/acl/grant-admin.xml described by ${acl-description.admins} --> update permission writedb for id mir_genres with rulefile /home/travis/build/MyCoRe-Org/mir/mir-cli/src/main/config/acl/grant-admin.xml described by administrators only&amp#27;[m&amp#27;[0m
&amp#27;[m&amp#27;[34m2021-06-03T15:17:12,646 [main] INFO   MCRCommand: Syntax matched (executed): update permission {0} for id {1} with rulefile {2} described by {3}&amp#27;[m&amp#27;[0m
&amp#27;[mnull Command processed (14 ms)
&amp#27;[34m2021-06-03T15:17:12,660 [main] INFO   MCRCommandLineInterface: update permission writedb for id mir_institutes with rulefile ${app.home}/config/acl/grant-admin.xml described by ${acl-description.admins} --> update permission writedb for id mir_institutes with rulefile /home/travis/build/MyCoRe-Org/mir/mir-cli/src/main/config/acl/grant-admin.xml described by administrators only&amp#27;[m&amp#27;[0m
&amp#27;[m&amp#27;[34m2021-06-03T15:17:12,661 [main] INFO   MCRCommand: Syntax matched (executed): update permission {0} for id {1} with rulefile {2} described by {3}&amp#27;[m&amp#27;[0m
&amp#27;[mnull Command processed (14 ms)
&amp#27;[34m2021-06-03T15:17:12,676 [main] INFO   MCRCommandLineInterface: update permission writedb for id mir_licenses with rulefile ${app.home}/config/acl/grant-admin.xml described by ${acl-description.admins} --> update permission writedb for id mir_licenses with rulefile /home/travis/build/MyCoRe-Org/mir/mir-cli/src/main/config/acl/grant-admin.xml described by administrators only&amp#27;[m&amp#27;[0m
&amp#27;[m&amp#27;[34m2021-06-03T15:17:12,678 [main] INFO   MCRCommand: Syntax matched (executed): update permission {0} for id {1} with rulefile {2} described by {3}&amp#27;[m&amp#27;[0m
&amp#27;[mnull Command processed (16 ms)
&amp#27;[34m2021-06-03T15:17:12,692 [main] INFO   MCRCommandLineInterface: update permission writedb for id rfc5646 with rulefile ${app.home}/config/acl/grant-admin.xml described by ${acl-description.admins} --> update permission writedb for id rfc5646 with rulefile /home/travis/build/MyCoRe-Org/mir/mir-cli/src/main/config/acl/grant-admin.xml described by administrators only&amp#27;[m&amp#27;[0m
&amp#27;[m&amp#27;[34m2021-06-03T15:17:12,693 [main] INFO   MCRCommand: Syntax matched (executed): update permission {0} for id {1} with rulefile {2} described by {3}&amp#27;[m&amp#27;[0m
&amp#27;[mnull Command processed (21 ms)
&amp#27;[34m2021-06-03T15:17:12,714 [main] INFO   MCRCommandLineInterface: update permission writedb for id marcrelator with rulefile ${app.home}/config/acl/grant-admin.xml described by ${acl-description.admins} --> update permission writedb for id marcrelator with rulefile /home/travis/build/MyCoRe-Org/mir/mir-cli/src/main/config/acl/grant-admin.xml described by administrators only&amp#27;[m&amp#27;[0m
&amp#27;[m&amp#27;[34m2021-06-03T15:17:12,714 [main] INFO   MCRCommand: Syntax matched (executed): update permission {0} for id {1} with rulefile {2} described by {3}&amp#27;[m&amp#27;[0m
&amp#27;[mnull Command processed (17 ms)
&amp#27;[34m2021-06-03T15:17:12,732 [main] INFO   MCRCommandLineInterface: update permission writedb for id noteTypes with rulefile ${app.home}/config/acl/grant-admin.xml described by ${acl-description.admins} --> update permission writedb for id noteTypes with rulefile /home/travis/build/MyCoRe-Org/mir/mir-cli/src/main/config/acl/grant-admin.xml described by administrators only&amp#27;[m&amp#27;[0m
&amp#27;[m&amp#27;[34m2021-06-03T15:17:12,732 [main] INFO   MCRCommand: Syntax matched (executed): update permission {0} for id {1} with rulefile {2} described by {3}&amp#27;[m&amp#27;[0m
&amp#27;[mnull Command processed (26 ms)
&amp#27;[34m2021-06-03T15:17:12,759 [main] INFO   MCRCommandLineInterface: update permission writedb for id SDNB with rulefile ${app.home}/config/acl/grant-admin.xml described by ${acl-description.admins} --> update permission writedb for id SDNB with rulefile /home/travis/build/MyCoRe-Org/mir/mir-cli/src/main/config/acl/grant-admin.xml described by administrators only&amp#27;[m&amp#27;[0m
&amp#27;[m&amp#27;[34m2021-06-03T15:17:12,759 [main] INFO   MCRCommand: Syntax matched (executed): update permission {0} for id {1} with rulefile {2} described by {3}&amp#27;[m&amp#27;[0m
&amp#27;[mnull Command processed (11 ms)
&amp#27;[34m2021-06-03T15:17:12,774 [main] INFO   MCRCommandLineInterface: update permission read for id mods:mir_access:accessKey with rulefile ${app.home}/config/acl/grant-editors.xml described by ${acl-description.editors} --> update permission read for id mods:mir_access:accessKey with rulefile /home/travis/build/MyCoRe-Org/mir/mir-cli/src/main/config/acl/grant-editors.xml described by administrators and editors&amp#27;[m&amp#27;[0m
&amp#27;[m&amp#27;[34m2021-06-03T15:17:12,774 [main] INFO   MCRCommand: Syntax matched (executed): update permission {0} for id {1} with rulefile {2} described by {3}&amp#27;[m&amp#27;[0m
&amp#27;[mnull Command processed (24 ms)
&amp#27;[34m2021-06-03T15:17:12,798 [main] INFO   MCRCommandLineInterface: update permission writedb for id mods:mir_access:accessKey with rulefile ${app.home}/config/acl/grant-editors.xml described by ${acl-description.editors} --> update permission writedb for id mods:mir_access:accessKey with rulefile /home/travis/build/MyCoRe-Org/mir/mir-cli/src/main/config/acl/grant-editors.xml described by administrators and editors&amp#27;[m&amp#27;[0m
&amp#27;[m&amp#27;[34m2021-06-03T15:17:12,799 [main] INFO   MCRCommand: Syntax matched (executed): update permission {0} for id {1} with rulefile {2} described by {3}&amp#27;[m&amp#27;[0m
&amp#27;[mnull Command processed (13 ms)
&amp#27;[34m2021-06-03T15:17:12,812 [main] INFO   MCRCommandLineInterface: update permission read for id derivate:mir_access:accessKey with rulefile ${app.home}/config/acl/grant-editors.xml described by ${acl-description.editors} --> update permission read for id derivate:mir_access:accessKey with rulefile /home/travis/build/MyCoRe-Org/mir/mir-cli/src/main/config/acl/grant-editors.xml described by administrators and editors&amp#27;[m&amp#27;[0m
&amp#27;[m&amp#27;[34m2021-06-03T15:17:12,812 [main] INFO   MCRCommand: Syntax matched (executed): update permission {0} for id {1} with rulefile {2} described by {3}&amp#27;[m&amp#27;[0m
&amp#27;[mnull Command processed (17 ms)
&amp#27;[34m2021-06-03T15:17:12,829 [main] INFO   MCRCommandLineInterface: update permission writedb for id derivate:mir_access:accessKey with rulefile ${app.home}/config/acl/grant-editors.xml described by ${acl-description.editors} --> update permission writedb for id derivate:mir_access:accessKey with rulefile /home/travis/build/MyCoRe-Org/mir/mir-cli/src/main/config/acl/grant-editors.xml described by administrators and editors&amp#27;[m&amp#27;[0m
&amp#27;[m&amp#27;[34m2021-06-03T15:17:12,830 [main] INFO   MCRCommand: Syntax matched (executed): update permission {0} for id {1} with rulefile {2} described by {3}&amp#27;[m&amp#27;[0m
&amp#27;[mnull Command processed (15 ms)
&amp#27;[34m2021-06-03T15:17:12,845 [main] INFO   MCRCommand: Syntax matched (executed): load classification from url {0}&amp#27;[m&amp#27;[0m
&amp#27;[m&amp#27;[34m2021-06-03T15:17:12,888 [main] INFO   MCRCategoryDAOImpl: Category mir_access saved.&amp#27;[m&amp#27;[0m
&amp#27;[mnull Command processed (43 ms)
&amp#27;[34m2021-06-03T15:17:13,234 [main] INFO   LogHelper: HHH000204: Processing PersistenceUnitInfo [name: mir-module]&amp#27;[m&amp#27;[0m
&amp#27;[m&amp#27;[34m2021-06-03T15:17:13,259 [main] INFO   HikariDataSource: HikariPool-66 - Starting...&amp#27;[m&amp#27;[0m
&amp#27;[m&amp#27;[31m2021-06-03T15:17:13,259 [main] WARN   DriverDataSource: Registered driver with driverClassName=org.hsqldb.jdbcDriver was not found, trying direct instantiation.&amp#27;[m&amp#27;[0m
&amp#27;[m&amp#27;[34m2021-06-03T15:17:13,260 [main] INFO   PoolBase: HikariPool-66 - Driver does not support get/set network timeout for connections. (feature not supported)&amp#27;[m&amp#27;[0m
&amp#27;[m&amp#27;[34m2021-06-03T15:17:13,267 [main] INFO   HikariDataSource: HikariPool-66 - Start completed.&amp#27;[m&amp#27;[0m
&amp#27;[m&amp#27;[34m2021-06-03T15:17:13,267 [main] INFO   Dialect: HHH000400: Using dialect: org.hibernate.dialect.HSQLDialect&amp#27;[m&amp#27;[0m
&amp#27;[m&amp#27;[31m2021-06-03T15:17:13,295 [main] WARN   JavaTypeDescriptorRegistry: HHH000481: Encountered Java type [class java.lang.Object] for which we could not locate a JavaTypeDescriptor and which does not appear to implement equals and/or hashCode.  This can lead to significant performance problems when performing equality/dirty checking involving this Java type.  Consider registering a custom JavaTypeDescriptor or at least implementing equals/hashCode.&amp#27;[m&amp#27;[0m
&amp#27;[m]]></system-out>
  </testcase>
  <testcase name="checkAccessKeyPermission" classname="org.mycore.mir.authorization.MIRStrategyTest" time="4.527">
    <system-out><![CDATA[MyCoRe components detected: mcr:mycore-base, mcr:mycore-solr, mcr:mycore-user2, mcr:mycore-xeditor, mcr:mycore-classbrowser, mcr:mycore-mods, mcr:mycore-csl, mcr:mycore-ifs, mcr:mycore-pi, mcr:mycore-sword, mcr:mycore-wfc
Applications modules detected: app:mir-module
&amp#27;[34m2021-06-03T15:17:13,309 [main] INFO   MCRConfigurationInputStream: Current configuration directory: /tmp/junit13559080054109648829/mcrhome/mir-module&amp#27;[m&amp#27;[0m
&amp#27;[m&amp#27;[34m2021-06-03T15:17:13,362 [main] INFO   LogHelper: HHH000204: Processing PersistenceUnitInfo [name: mir-module]&amp#27;[m&amp#27;[0m
&amp#27;[m&amp#27;[34m2021-06-03T15:17:13,386 [main] INFO   HikariDataSource: HikariPool-67 - Starting...&amp#27;[m&amp#27;[0m
&amp#27;[m&amp#27;[31m2021-06-03T15:17:13,390 [main] WARN   DriverDataSource: Registered driver with driverClassName=org.hsqldb.jdbcDriver was not found, trying direct instantiation.&amp#27;[m&amp#27;[0m
&amp#27;[m&amp#27;[34m2021-06-03T15:17:13,391 [main] INFO   PoolBase: HikariPool-67 - Driver does not support get/set network timeout for connections. (feature not supported)&amp#27;[m&amp#27;[0m
&amp#27;[m&amp#27;[34m2021-06-03T15:17:13,398 [main] INFO   HikariDataSource: HikariPool-67 - Start completed.&amp#27;[m&amp#27;[0m
&amp#27;[m&amp#27;[34m2021-06-03T15:17:13,401 [main] INFO   Dialect: HHH000400: Using dialect: org.hibernate.dialect.HSQLDialect&amp#27;[m&amp#27;[0m
&amp#27;[m&amp#27;[31m2021-06-03T15:17:13,433 [main] WARN   JavaTypeDescriptorRegistry: HHH000481: Encountered Java type [class java.lang.Object] for which we could not locate a JavaTypeDescriptor and which does not appear to implement equals and/or hashCode.  This can lead to significant performance problems when performing equality/dirty checking involving this Java type.  Consider registering a custom JavaTypeDescriptor or at least implementing equals/hashCode.&amp#27;[m&amp#27;[0m
&amp#27;[m&amp#27;[31m2021-06-03T15:17:13,673 [main] WARN   MetadataContext: HHH015011: Unable to locate static metamodel field : org.mycore.datamodel.classifications2.MCRCategoryID_#id; this may or may not indicate a problem with the static metamodel&amp#27;[m&amp#27;[0m
&amp#27;[m&amp#27;[34m2021-06-03T15:17:13,687 [main] INFO   JtaPlatformInitiator: HHH000490: Using JtaPlatform implementation: [org.hibernate.engine.transaction.jta.platform.internal.NoJtaPlatform]&amp#27;[m&amp#27;[0m
&amp#27;[m&amp#27;[34m2021-06-03T15:17:13,779 [main] INFO   LogHelper: HHH000204: Processing PersistenceUnitInfo [name: mir-module]&amp#27;[m&amp#27;[0m
&amp#27;[m&amp#27;[34m2021-06-03T15:17:13,797 [main] INFO   HikariDataSource: HikariPool-68 - Starting...&amp#27;[m&amp#27;[0m
&amp#27;[m&amp#27;[31m2021-06-03T15:17:13,797 [main] WARN   DriverDataSource: Registered driver with driverClassName=org.hsqldb.jdbcDriver was not found, trying direct instantiation.&amp#27;[m&amp#27;[0m
&amp#27;[m&amp#27;[34m2021-06-03T15:17:13,797 [main] INFO   PoolBase: HikariPool-68 - Driver does not support get/set network timeout for connections. (feature not supported)&amp#27;[m&amp#27;[0m
&amp#27;[m&amp#27;[34m2021-06-03T15:17:13,798 [main] INFO   HikariDataSource: HikariPool-68 - Start completed.&amp#27;[m&amp#27;[0m
&amp#27;[m&amp#27;[34m2021-06-03T15:17:13,798 [main] INFO   Dialect: HHH000400: Using dialect: org.hibernate.dialect.HSQLDialect&amp#27;[m&amp#27;[0m
&amp#27;[m&amp#27;[31m2021-06-03T15:17:13,825 [main] WARN   JavaTypeDescriptorRegistry: HHH000481: Encountered Java type [class java.lang.Object] for which we could not locate a JavaTypeDescriptor and which does not appear to implement equals and/or hashCode.  This can lead to significant performance problems when performing equality/dirty checking involving this Java type.  Consider registering a custom JavaTypeDescriptor or at least implementing equals/hashCode.&amp#27;[m&amp#27;[0m
&amp#27;[mFile location: /MIRStrategyTest/class/mir_access.xml
&amp#27;[34m2021-06-03T15:17:13,861 [main] INFO   MCRCommandLineInterface: load permissions data from file ${app.home}/config/acl/permissions.xml --> load permissions data from file /home/travis/build/MyCoRe-Org/mir/mir-cli/src/main/config/acl/permissions.xml&amp#27;[m&amp#27;[0m
&amp#27;[m&amp#27;[34m2021-06-03T15:17:13,861 [main] INFO   MCRCommand: Syntax matched (executed): load permissions data from file {0}&amp#27;[m&amp#27;[0m
&amp#27;[m&amp#27;[34m2021-06-03T15:17:13,862 [main] INFO   MCRAccessCommands: Reading file /home/travis/build/MyCoRe-Org/mir/mir-cli/src/main/config/acl/permissions.xml ...&amp#27;[m&amp#27;[0m
&amp#27;[mnull Command processed (78 ms)
&amp#27;[34m2021-06-03T15:17:13,939 [main] INFO   MCRCommandLineInterface: update permission read for id default with rulefile ${app.home}/config/acl/grant-all.xml described by ${acl-description.all} --> update permission read for id default with rulefile /home/travis/build/MyCoRe-Org/mir/mir-cli/src/main/config/acl/grant-all.xml described by always allowed&amp#27;[m&amp#27;[0m
&amp#27;[m&amp#27;[34m2021-06-03T15:17:13,944 [main] INFO   MCRCommand: Syntax matched (executed): update permission {0} for id {1} with rulefile {2} described by {3}&amp#27;[m&amp#27;[0m
&amp#27;[mnull Command processed (21 ms)
&amp#27;[34m2021-06-03T15:17:13,964 [main] INFO   MCRCommandLineInterface: update permission writedb for id default with rulefile ${app.home}/config/acl/grant-admin.xml described by ${acl-description.admins} --> update permission writedb for id default with rulefile /home/travis/build/MyCoRe-Org/mir/mir-cli/src/main/config/acl/grant-admin.xml described by administrators only&amp#27;[m&amp#27;[0m
&amp#27;[m&amp#27;[34m2021-06-03T15:17:13,965 [main] INFO   MCRCommand: Syntax matched (executed): update permission {0} for id {1} with rulefile {2} described by {3}&amp#27;[m&amp#27;[0m
&amp#27;[mnull Command processed (18 ms)
&amp#27;[34m2021-06-03T15:17:13,984 [main] INFO   MCRCommandLineInterface: update permission deletedb for id default with rulefile ${app.home}/config/acl/grant-admin.xml described by ${acl-description.admins} --> update permission deletedb for id default with rulefile /home/travis/build/MyCoRe-Org/mir/mir-cli/src/main/config/acl/grant-admin.xml described by administrators only&amp#27;[m&amp#27;[0m
&amp#27;[m&amp#27;[34m2021-06-03T15:17:13,984 [main] INFO   MCRCommand: Syntax matched (executed): update permission {0} for id {1} with rulefile {2} described by {3}&amp#27;[m&amp#27;[0m
&amp#27;[mnull Command processed (7 ms)
&amp#27;[34m2021-06-03T15:17:13,992 [main] INFO   MCRCommandLineInterface: update permission view for id default_mods with rulefile ${app.home}/config/acl/grant-all.xml described by ${acl-description.all} --> update permission view for id default_mods with rulefile /home/travis/build/MyCoRe-Org/mir/mir-cli/src/main/config/acl/grant-all.xml described by always allowed&amp#27;[m&amp#27;[0m
&amp#27;[m&amp#27;[34m2021-06-03T15:17:13,992 [main] INFO   MCRCommand: Syntax matched (executed): update permission {0} for id {1} with rulefile {2} described by {3}&amp#27;[m&amp#27;[0m
&amp#27;[mnull Command processed (14 ms)
&amp#27;[34m2021-06-03T15:17:14,006 [main] INFO   MCRCommandLineInterface: update permission preview for id default_mods with rulefile ${app.home}/config/acl/grant-all.xml described by ${acl-description.all} --> update permission preview for id default_mods with rulefile /home/travis/build/MyCoRe-Org/mir/mir-cli/src/main/config/acl/grant-all.xml described by always allowed&amp#27;[m&amp#27;[0m
&amp#27;[m&amp#27;[34m2021-06-03T15:17:14,006 [main] INFO   MCRCommand: Syntax matched (executed): update permission {0} for id {1} with rulefile {2} described by {3}&amp#27;[m&amp#27;[0m
&amp#27;[mnull Command processed (19 ms)
&amp#27;[34m2021-06-03T15:17:14,026 [main] INFO   MCRCommandLineInterface: update permission read for id default_mods with rulefile ${app.home}/config/acl/grant-all.xml described by ${acl-description.all} --> update permission read for id default_mods with rulefile /home/travis/build/MyCoRe-Org/mir/mir-cli/src/main/config/acl/grant-all.xml described by always allowed&amp#27;[m&amp#27;[0m
&amp#27;[m&amp#27;[34m2021-06-03T15:17:14,026 [main] INFO   MCRCommand: Syntax matched (executed): update permission {0} for id {1} with rulefile {2} described by {3}&amp#27;[m&amp#27;[0m
&amp#27;[mnull Command processed (17 ms)
&amp#27;[34m2021-06-03T15:17:14,044 [main] INFO   MCRCommandLineInterface: update permission writedb for id default_mods with rulefile ${app.home}/config/acl/grant-editors.xml described by ${acl-description.editors} --> update permission writedb for id default_mods with rulefile /home/travis/build/MyCoRe-Org/mir/mir-cli/src/main/config/acl/grant-editors.xml described by administrators and editors&amp#27;[m&amp#27;[0m
&amp#27;[m&amp#27;[34m2021-06-03T15:17:14,045 [main] INFO   MCRCommand: Syntax matched (executed): update permission {0} for id {1} with rulefile {2} described by {3}&amp#27;[m&amp#27;[0m
&amp#27;[mnull Command processed (18 ms)
&amp#27;[34m2021-06-03T15:17:14,063 [main] INFO   MCRCommandLineInterface: update permission deletedb for id default_mods with rulefile ${app.home}/config/acl/grant-admin.xml described by ${acl-description.admins} --> update permission deletedb for id default_mods with rulefile /home/travis/build/MyCoRe-Org/mir/mir-cli/src/main/config/acl/grant-admin.xml described by administrators only&amp#27;[m&amp#27;[0m
&amp#27;[m&amp#27;[34m2021-06-03T15:17:14,063 [main] INFO   MCRCommand: Syntax matched (executed): update permission {0} for id {1} with rulefile {2} described by {3}&amp#27;[m&amp#27;[0m
&amp#27;[mnull Command processed (9 ms)
&amp#27;[34m2021-06-03T15:17:14,072 [main] INFO   MCRCommandLineInterface: update permission addurn for id default_derivate with rulefile ${app.home}/config/acl/grant-editors.xml described by ${acl-description.editors} --> update permission addurn for id default_derivate with rulefile /home/travis/build/MyCoRe-Org/mir/mir-cli/src/main/config/acl/grant-editors.xml described by administrators and editors&amp#27;[m&amp#27;[0m
&amp#27;[m&amp#27;[34m2021-06-03T15:17:14,073 [main] INFO   MCRCommand: Syntax matched (executed): update permission {0} for id {1} with rulefile {2} described by {3}&amp#27;[m&amp#27;[0m
&amp#27;[mnull Command processed (6 ms)
&amp#27;[34m2021-06-03T15:17:14,079 [main] INFO   MCRCommandLineInterface: update permission read for id derivate:mir_access:intern with rulefile ${app.home}/config/acl/require-login.xml described by ${acl-description.require-login} --> update permission read for id derivate:mir_access:intern with rulefile /home/travis/build/MyCoRe-Org/mir/mir-cli/src/main/config/acl/require-login.xml described by require login&amp#27;[m&amp#27;[0m
&amp#27;[m&amp#27;[34m2021-06-03T15:17:14,079 [main] INFO   MCRCommand: Syntax matched (executed): update permission {0} for id {1} with rulefile {2} described by {3}&amp#27;[m&amp#27;[0m
&amp#27;[mnull Command processed (9 ms)
&amp#27;[34m2021-06-03T15:17:14,089 [main] INFO   MCRCommandLineInterface: update permission read for id derivate:mir_access:unlimited with rulefile ${app.home}/config/acl/grant-all.xml described by ${acl-description.require-login} --> update permission read for id derivate:mir_access:unlimited with rulefile /home/travis/build/MyCoRe-Org/mir/mir-cli/src/main/config/acl/grant-all.xml described by require login&amp#27;[m&amp#27;[0m
&amp#27;[m&amp#27;[34m2021-06-03T15:17:14,089 [main] INFO   MCRCommand: Syntax matched (executed): update permission {0} for id {1} with rulefile {2} described by {3}&amp#27;[m&amp#27;[0m
&amp#27;[mnull Command processed (6 ms)
&amp#27;[34m2021-06-03T15:17:14,095 [main] INFO   MCRCommandLineInterface: update permission writedb for id mir_genres with rulefile ${app.home}/config/acl/grant-admin.xml described by ${acl-description.admins} --> update permission writedb for id mir_genres with rulefile /home/travis/build/MyCoRe-Org/mir/mir-cli/src/main/config/acl/grant-admin.xml described by administrators only&amp#27;[m&amp#27;[0m
&amp#27;[m&amp#27;[34m2021-06-03T15:17:14,096 [main] INFO   MCRCommand: Syntax matched (executed): update permission {0} for id {1} with rulefile {2} described by {3}&amp#27;[m&amp#27;[0m
&amp#27;[mnull Command processed (6 ms)
&amp#27;[34m2021-06-03T15:17:14,102 [main] INFO   MCRCommandLineInterface: update permission writedb for id mir_institutes with rulefile ${app.home}/config/acl/grant-admin.xml described by ${acl-description.admins} --> update permission writedb for id mir_institutes with rulefile /home/travis/build/MyCoRe-Org/mir/mir-cli/src/main/config/acl/grant-admin.xml described by administrators only&amp#27;[m&amp#27;[0m
&amp#27;[m&amp#27;[34m2021-06-03T15:17:14,102 [main] INFO   MCRCommand: Syntax matched (executed): update permission {0} for id {1} with rulefile {2} described by {3}&amp#27;[m&amp#27;[0m
&amp#27;[mnull Command processed (6 ms)
&amp#27;[34m2021-06-03T15:17:14,108 [main] INFO   MCRCommandLineInterface: update permission writedb for id mir_licenses with rulefile ${app.home}/config/acl/grant-admin.xml described by ${acl-description.admins} --> update permission writedb for id mir_licenses with rulefile /home/travis/build/MyCoRe-Org/mir/mir-cli/src/main/config/acl/grant-admin.xml described by administrators only&amp#27;[m&amp#27;[0m
&amp#27;[m&amp#27;[34m2021-06-03T15:17:14,109 [main] INFO   MCRCommand: Syntax matched (executed): update permission {0} for id {1} with rulefile {2} described by {3}&amp#27;[m&amp#27;[0m
&amp#27;[mnull Command processed (6 ms)
&amp#27;[34m2021-06-03T15:17:14,115 [main] INFO   MCRCommandLineInterface: update permission writedb for id rfc5646 with rulefile ${app.home}/config/acl/grant-admin.xml described by ${acl-description.admins} --> update permission writedb for id rfc5646 with rulefile /home/travis/build/MyCoRe-Org/mir/mir-cli/src/main/config/acl/grant-admin.xml described by administrators only&amp#27;[m&amp#27;[0m
&amp#27;[m&amp#27;[34m2021-06-03T15:17:14,115 [main] INFO   MCRCommand: Syntax matched (executed): update permission {0} for id {1} with rulefile {2} described by {3}&amp#27;[m&amp#27;[0m
&amp#27;[mnull Command processed (7 ms)
&amp#27;[34m2021-06-03T15:17:14,122 [main] INFO   MCRCommandLineInterface: update permission writedb for id marcrelator with rulefile ${app.home}/config/acl/grant-admin.xml described by ${acl-description.admins} --> update permission writedb for id marcrelator with rulefile /home/travis/build/MyCoRe-Org/mir/mir-cli/src/main/config/acl/grant-admin.xml described by administrators only&amp#27;[m&amp#27;[0m
&amp#27;[m&amp#27;[34m2021-06-03T15:17:14,122 [main] INFO   MCRCommand: Syntax matched (executed): update permission {0} for id {1} with rulefile {2} described by {3}&amp#27;[m&amp#27;[0m
&amp#27;[mnull Command processed (60 ms)
&amp#27;[34m2021-06-03T15:17:14,182 [main] INFO   MCRCommandLineInterface: update permission writedb for id noteTypes with rulefile ${app.home}/config/acl/grant-admin.xml described by ${acl-description.admins} --> update permission writedb for id noteTypes with rulefile /home/travis/build/MyCoRe-Org/mir/mir-cli/src/main/config/acl/grant-admin.xml described by administrators only&amp#27;[m&amp#27;[0m
&amp#27;[m&amp#27;[34m2021-06-03T15:17:14,182 [main] INFO   MCRCommand: Syntax matched (executed): update permission {0} for id {1} with rulefile {2} described by {3}&amp#27;[m&amp#27;[0m
&amp#27;[mnull Command processed (12 ms)
&amp#27;[34m2021-06-03T15:17:14,194 [main] INFO   MCRCommandLineInterface: update permission writedb for id SDNB with rulefile ${app.home}/config/acl/grant-admin.xml described by ${acl-description.admins} --> update permission writedb for id SDNB with rulefile /home/travis/build/MyCoRe-Org/mir/mir-cli/src/main/config/acl/grant-admin.xml described by administrators only&amp#27;[m&amp#27;[0m
&amp#27;[m&amp#27;[34m2021-06-03T15:17:14,198 [main] INFO   MCRCommand: Syntax matched (executed): update permission {0} for id {1} with rulefile {2} described by {3}&amp#27;[m&amp#27;[0m
&amp#27;[mnull Command processed (15 ms)
&amp#27;[34m2021-06-03T15:17:14,213 [main] INFO   MCRCommandLineInterface: update permission read for id mods:mir_access:accessKey with rulefile ${app.home}/config/acl/grant-editors.xml described by ${acl-description.editors} --> update permission read for id mods:mir_access:accessKey with rulefile /home/travis/build/MyCoRe-Org/mir/mir-cli/src/main/config/acl/grant-editors.xml described by administrators and editors&amp#27;[m&amp#27;[0m
&amp#27;[m&amp#27;[34m2021-06-03T15:17:14,214 [main] INFO   MCRCommand: Syntax matched (executed): update permission {0} for id {1} with rulefile {2} described by {3}&amp#27;[m&amp#27;[0m
&amp#27;[mnull Command processed (19 ms)
&amp#27;[34m2021-06-03T15:17:14,234 [main] INFO   MCRCommandLineInterface: update permission writedb for id mods:mir_access:accessKey with rulefile ${app.home}/config/acl/grant-editors.xml described by ${acl-description.editors} --> update permission writedb for id mods:mir_access:accessKey with rulefile /home/travis/build/MyCoRe-Org/mir/mir-cli/src/main/config/acl/grant-editors.xml described by administrators and editors&amp#27;[m&amp#27;[0m
&amp#27;[m&amp#27;[34m2021-06-03T15:17:14,234 [main] INFO   MCRCommand: Syntax matched (executed): update permission {0} for id {1} with rulefile {2} described by {3}&amp#27;[m&amp#27;[0m
&amp#27;[mnull Command processed (8 ms)
&amp#27;[34m2021-06-03T15:17:14,242 [main] INFO   MCRCommandLineInterface: update permission read for id derivate:mir_access:accessKey with rulefile ${app.home}/config/acl/grant-editors.xml described by ${acl-description.editors} --> update permission read for id derivate:mir_access:accessKey with rulefile /home/travis/build/MyCoRe-Org/mir/mir-cli/src/main/config/acl/grant-editors.xml described by administrators and editors&amp#27;[m&amp#27;[0m
&amp#27;[m&amp#27;[34m2021-06-03T15:17:14,247 [main] INFO   MCRCommand: Syntax matched (executed): update permission {0} for id {1} with rulefile {2} described by {3}&amp#27;[m&amp#27;[0m
&amp#27;[mnull Command processed (17 ms)
&amp#27;[34m2021-06-03T15:17:14,264 [main] INFO   MCRCommandLineInterface: update permission writedb for id derivate:mir_access:accessKey with rulefile ${app.home}/config/acl/grant-editors.xml described by ${acl-description.editors} --> update permission writedb for id derivate:mir_access:accessKey with rulefile /home/travis/build/MyCoRe-Org/mir/mir-cli/src/main/config/acl/grant-editors.xml described by administrators and editors&amp#27;[m&amp#27;[0m
&amp#27;[m&amp#27;[34m2021-06-03T15:17:14,264 [main] INFO   MCRCommand: Syntax matched (executed): update permission {0} for id {1} with rulefile {2} described by {3}&amp#27;[m&amp#27;[0m
&amp#27;[mnull Command processed (10 ms)
&amp#27;[34m2021-06-03T15:17:14,274 [main] INFO   MCRCommand: Syntax matched (executed): load classification from url {0}&amp#27;[m&amp#27;[0m
&amp#27;[m&amp#27;[34m2021-06-03T15:17:14,309 [main] INFO   MCRCategoryDAOImpl: Category mir_access saved.&amp#27;[m&amp#27;[0m
&amp#27;[mnull Command processed (35 ms)
&amp#27;[34m2021-06-03T15:17:14,334 [main] INFO   MCRCommand: Syntax matched (executed): load classification from file {0}&amp#27;[m&amp#27;[0m
&amp#27;[mnull Command processed (1 ms)
&amp#27;[34m2021-06-03T15:17:14,338 [main] INFO   MCRCommand: Syntax matched (executed): load classification from url {0}&amp#27;[m&amp#27;[0m
&amp#27;[m&amp#27;[34m2021-06-03T15:17:14,389 [main] INFO   MCRCategoryDAOImpl: Category state saved.&amp#27;[m&amp#27;[0m
&amp#27;[mnull Command processed (51 ms)
&amp#27;[34m2021-06-03T15:17:14,389 [main] INFO   MCRCommand: Syntax matched (executed): load classification from file {0}&amp#27;[m&amp#27;[0m
&amp#27;[mnull Command processed (0 ms)
&amp#27;[34m2021-06-03T15:17:14,393 [main] INFO   MCRCommand: Syntax matched (executed): load classification from url {0}&amp#27;[m&amp#27;[0m
&amp#27;[m&amp#27;[34m2021-06-03T15:17:14,435 [main] INFO   MCRCategoryDAOImpl: Category mcr-roles saved.&amp#27;[m&amp#27;[0m
&amp#27;[mnull Command processed (42 ms)
&amp#27;[34m2021-06-03T15:17:14,435 [main] INFO   MCRCommand: Syntax matched (executed): load all objects from directory {0}&amp#27;[m&amp#27;[0m
&amp#27;[mnull Command processed (8 ms)
&amp#27;[34m2021-06-03T15:17:14,446 [main] INFO   MCRCommand: Syntax matched (executed): load object from file {0}&amp#27;[m&amp#27;[0m
&amp#27;[m&amp#27;[34m2021-06-03T15:17:14,446 [main] INFO   MCRObjectCommands: Reading file /home/travis/build/MyCoRe-Org/mir/mir-module/target/test-classes/MIRStrategyTest/objects/mir_mods_00004711.xml ...&amp#27;[m&amp#27;[0m
&amp#27;[m&amp#27;[34m2021-06-03T15:17:14,560 [main] INFO   MCRXMLMetadataManager: SVN Base: file:////tmp/junit13559080054109648829/mcrhome/mir-module/data/versions-metadata/&amp#27;[m&amp#27;[0m
&amp#27;[m&amp#27;[34m2021-06-03T15:17:14,588 [main] INFO   MCRXMLMetadataManager: Resolved mir/mods/ to file:/tmp/junit13559080054109648829/mcrhome/mir-module/data/versions-metadata/mir/mods/ for MCR.IFS2.Store.mir_mods.SVNRepositoryURL&amp#27;[m&amp#27;[0m
&amp#27;[m&amp#27;[34m2021-06-03T15:17:14,721 [main] INFO   MCRMODSMetadataShareAgent: Checking relatedItem hierarchy of mir_mods_00004711.&amp#27;[m&amp#27;[0m
&amp#27;[m&amp#27;[34m2021-06-03T15:17:14,804 [main] INFO   MCRClassificationMappingEventHandler: check mappings mir_mods_00004711&amp#27;[m&amp#27;[0m
&amp#27;[m&amp#27;[34m2021-06-03T15:17:14,899 [main] INFO   MCRVersioningMetadataStore: Versioning metadata store mir_mods repository URL: file:/tmp/junit13559080054109648829/mcrhome/mir-module/data/versions-metadata/mir/mods/&amp#27;[m&amp#27;[0m
&amp#27;[m&amp#27;[34m2021-06-03T15:17:14,905 [main] INFO   MCRVersioningMetadataStore: repURL: file:///tmp/junit13559080054109648829/mcrhome/mir-module/data/versions-metadata/mir/mods&amp#27;[m&amp#27;[0m
&amp#27;[m&amp#27;[34m2021-06-03T15:17:14,906 [main] INFO   MCRVersioningMetadataStore: Repository does not exist, creating new SVN repository at file:/tmp/junit13559080054109648829/mcrhome/mir-module/data/versions-metadata/mir/mods/&amp#27;[m&amp#27;[0m
&amp#27;[m&amp#27;[34m2021-06-03T15:17:15,525 [main] INFO   MCRStoreManager: Adding instance of MCRVersioningMetadataStore as MCRStore 'mir_mods'.&amp#27;[m&amp#27;[0m
&amp#27;[m&amp#27;[34m2021-06-03T15:17:15,786 [main] INFO   MCRVersionedMetadata: SVN commit of create finished, new revision 1&amp#27;[m&amp#27;[0m
&amp#27;[m&amp#27;[34m2021-06-03T15:17:15,806 [main] INFO   MCRMailEventHandler: Preparing mail for: mir_mods_00004711&amp#27;[m&amp#27;[0m
&amp#27;[m&amp#27;[34m2021-06-03T15:17:15,858 [main] INFO   MCRMailer: Generating e-mail from mycoreobject using e-mail-events.xsl&amp#27;[m&amp#27;[0m
&amp#27;[m&amp#27;[34m2021-06-03T15:17:16,416 [main] INFO   MCRErrorListener: SystemID: file:/home/travis/build/MyCoRe-Org/mir/mir-module/target/classes/xsl/e-mail-events.xsl [19,18]: 
      type:
      MCRObject
      action:
      create&amp#27;[m&amp#27;[0m
&amp#27;[m&amp#27;[34m2021-06-03T15:17:16,431 [main] INFO   MCRErrorListener: SystemID: file:/home/travis/build/MyCoRe-Org/mir/mir-module/target/classes/xsl/e-mail-events.xsl [76,26]: Do not send mail for unknown reason.&amp#27;[m&amp#27;[0m
&amp#27;[m&amp#27;[31m2021-06-03T15:17:16,437 [main] WARN   MCRMailer: Will not send e-mail, no 'to' address specified&amp#27;[m&amp#27;[0m
&amp#27;[m&amp#27;[34m2021-06-03T15:17:16,437 [main] INFO   MCRObjectCommands: mir_mods_00004711 loaded.&amp#27;[m&amp#27;[0m
&amp#27;[mnull Command processed (1991 ms)
&amp#27;[34m2021-06-03T15:17:16,437 [main] INFO   MCRCommand: Syntax matched (executed): load all derivates from directory {0}&amp#27;[m&amp#27;[0m
&amp#27;[mnull Command processed (1 ms)
&amp#27;[34m2021-06-03T15:17:16,442 [main] INFO   MCRCommand: Syntax matched (executed): load derivate from file {0}&amp#27;[m&amp#27;[0m
&amp#27;[m&amp#27;[34m2021-06-03T15:17:16,443 [main] INFO   MCRDerivateCommands: Reading file /home/travis/build/MyCoRe-Org/mir/mir-module/target/test-classes/MIRStrategyTest/derivates/mir_derivate_00004711.xml ...&amp#27;[m&amp#27;[0m
&amp#27;[m&amp#27;[34m2021-06-03T15:17:16,497 [main] INFO   MCRDerivateCommands: Source path --> /home/travis/build/MyCoRe-Org/mir/mir-module/target/test-classes/MIRStrategyTest/derivates/mir_derivate_00004711&amp#27;[m&amp#27;[0m
&amp#27;[m&amp#27;[34m2021-06-03T15:17:16,510 [main] INFO   MCRXMLMetadataManager: Resolved mir/derivate/ to file:/tmp/junit13559080054109648829/mcrhome/mir-module/data/versions-metadata/mir/derivate/ for MCR.IFS2.Store.mir_derivate.SVNRepositoryURL&amp#27;[m&amp#27;[0m
&amp#27;[m&amp#27;[34m2021-06-03T15:17:16,563 [main] INFO   MCRVersioningMetadataStore: Versioning metadata store mir_derivate repository URL: file:/tmp/junit13559080054109648829/mcrhome/mir-module/data/versions-metadata/mir/derivate/&amp#27;[m&amp#27;[0m
&amp#27;[m&amp#27;[34m2021-06-03T15:17:16,563 [main] INFO   MCRVersioningMetadataStore: repURL: file:///tmp/junit13559080054109648829/mcrhome/mir-module/data/versions-metadata/mir/derivate&amp#27;[m&amp#27;[0m
&amp#27;[m&amp#27;[34m2021-06-03T15:17:16,563 [main] INFO   MCRVersioningMetadataStore: Repository does not exist, creating new SVN repository at file:/tmp/junit13559080054109648829/mcrhome/mir-module/data/versions-metadata/mir/derivate/&amp#27;[m&amp#27;[0m
&amp#27;[m&amp#27;[34m2021-06-03T15:17:16,603 [main] INFO   MCRStoreManager: Adding instance of MCRVersioningMetadataStore as MCRStore 'mir_derivate'.&amp#27;[m&amp#27;[0m
&amp#27;[m&amp#27;[34m2021-06-03T15:17:16,651 [main] INFO   MCRVersionedMetadata: SVN commit of create finished, new revision 1&amp#27;[m&amp#27;[0m
&amp#27;[m&amp#27;[34m2021-06-03T15:17:16,652 [main] INFO   MCRMailEventHandler: Preparing mail for: mir_derivate_00004711&amp#27;[m&amp#27;[0m
&amp#27;[m&amp#27;[34m2021-06-03T15:17:16,653 [main] INFO   MCRMailer: Generating e-mail from mycorederivate using e-mail-events.xsl&amp#27;[m&amp#27;[0m
&amp#27;[m&amp#27;[34m2021-06-03T15:17:16,681 [main] INFO   MCRErrorListener: SystemID: file:/home/travis/build/MyCoRe-Org/mir/mir-module/target/classes/xsl/e-mail-events.xsl [19,18]: 
      type:
      MCRDerivate
      action:
      create&amp#27;[m&amp#27;[0m
&amp#27;[m&amp#27;[31m2021-06-03T15:17:16,684 [main] WARN   MCRMailer: Will not send e-mail, no 'to' address specified&amp#27;[m&amp#27;[0m
&amp#27;[m&amp#27;[34m2021-06-03T15:17:16,726 [main] INFO   MCRFileSystemUtils: Configured MCR.IFS2.Store.IFS2_mir_derivate.Class=org.mycore.datamodel.ifs2.MCRFileStore&amp#27;[m&amp#27;[0m
&amp#27;[m&amp#27;[34m2021-06-03T15:17:16,732 [main] INFO   MCRFileSystemUtils: Configured MCR.IFS2.Store.IFS2_mir_derivate.BaseDir=/tmp/junit13559080054109648829/mcrhome/mir-module/data/content/mir/derivate&amp#27;[m&amp#27;[0m
&amp#27;[m&amp#27;[34m2021-06-03T15:17:16,738 [main] INFO   MCRFileSystemUtils: Configured MCR.IFS2.Store.IFS2_mir_derivate.Prefix=mir_derivate_&amp#27;[m&amp#27;[0m
&amp#27;[m&amp#27;[34m2021-06-03T15:17:16,745 [main] INFO   MCRFileSystemUtils: Configured MCR.IFS2.Store.IFS2_mir_derivate.SlotLayout=4-2-2&amp#27;[m&amp#27;[0m
&amp#27;[m&amp#27;[34m2021-06-03T15:17:16,747 [main] INFO   MCRStoreManager: Adding instance of MCRFileStore as MCRStore 'IFS2_mir_derivate'.&amp#27;[m&amp#27;[0m
&amp#27;[m&amp#27;[34m2021-06-03T15:17:16,752 [main] INFO   MCRIFSFileSystem: Created root directory: mir_derivate_00004711:/&amp#27;[m&amp#27;[0m
&amp#27;[m&amp#27;[34m2021-06-03T15:17:16,797 [main] INFO   MCRClassificationMappingEventHandler: check mappings mir_mods_00004711&amp#27;[m&amp#27;[0m
&amp#27;[m&amp#27;[34m2021-06-03T15:17:16,879 [main] INFO   MCRVersionedMetadata: SVN commit of update finished, new revision 2&amp#27;[m&amp#27;[0m
&amp#27;[m&amp#27;[34m2021-06-03T15:17:16,899 [main] INFO   MCRMailEventHandler: Preparing mail for: mir_mods_00004711&amp#27;[m&amp#27;[0m
&amp#27;[m&amp#27;[34m2021-06-03T15:17:16,899 [main] INFO   MCRMailer: Generating e-mail from mycoreobject using e-mail-events.xsl&amp#27;[m&amp#27;[0m
&amp#27;[m&amp#27;[34m2021-06-03T15:17:16,928 [main] INFO   MCRErrorListener: SystemID: file:/home/travis/build/MyCoRe-Org/mir/mir-module/target/classes/xsl/e-mail-events.xsl [19,18]: 
      type:
      MCRObject
      action:
      update&amp#27;[m&amp#27;[0m
&amp#27;[m&amp#27;[34m2021-06-03T15:17:16,930 [main] INFO   MCRErrorListener: SystemID: file:/home/travis/build/MyCoRe-Org/mir/mir-module/target/classes/xsl/e-mail-events.xsl [66,26]: Do not send mail as action is not create.&amp#27;[m&amp#27;[0m
&amp#27;[m&amp#27;[31m2021-06-03T15:17:16,932 [main] WARN   MCRMailer: Will not send e-mail, no 'to' address specified&amp#27;[m&amp#27;[0m
&amp#27;[m&amp#27;[34m2021-06-03T15:17:16,932 [main] INFO   MCRDerivateCommands: mir_derivate_00004711 loaded.&amp#27;[m&amp#27;[0m
&amp#27;[m&amp#27;[34m2021-06-03T15:17:16,932 [main] INFO   MCRDerivateCommands: &amp#27;[m&amp#27;[0m
&amp#27;[mnull Command processed (490 ms)
&amp#27;[34m2021-06-03T15:17:17,127 [main] INFO   MCRUserManager: user saved: junit&amp#27;[m&amp#27;[0m
&amp#27;[m&amp#27;[34m2021-06-03T15:17:17,127 [main] INFO   MCRRoleManager: Assigning junit to these roles: []&amp#27;[m&amp#27;[0m
&amp#27;[m&amp#27;[34m2021-06-03T15:17:17,315 [main] INFO   MCRRoleManager: Assigning junit to these roles: []&amp#27;[m&amp#27;[0m
&amp#27;[m&amp#27;[34m2021-06-03T15:17:17,718 [main] INFO   LogHelper: HHH000204: Processing PersistenceUnitInfo [name: mir-module]&amp#27;[m&amp#27;[0m
&amp#27;[m&amp#27;[34m2021-06-03T15:17:17,731 [main] INFO   HikariDataSource: HikariPool-69 - Starting...&amp#27;[m&amp#27;[0m
&amp#27;[m&amp#27;[31m2021-06-03T15:17:17,731 [main] WARN   DriverDataSource: Registered driver with driverClassName=org.hsqldb.jdbcDriver was not found, trying direct instantiation.&amp#27;[m&amp#27;[0m
&amp#27;[m&amp#27;[34m2021-06-03T15:17:17,732 [main] INFO   PoolBase: HikariPool-69 - Driver does not support get/set network timeout for connections. (feature not supported)&amp#27;[m&amp#27;[0m
&amp#27;[m&amp#27;[34m2021-06-03T15:17:17,732 [main] INFO   HikariDataSource: HikariPool-69 - Start completed.&amp#27;[m&amp#27;[0m
&amp#27;[m&amp#27;[34m2021-06-03T15:17:17,733 [main] INFO   Dialect: HHH000400: Using dialect: org.hibernate.dialect.HSQLDialect&amp#27;[m&amp#27;[0m
&amp#27;[m&amp#27;[31m2021-06-03T15:17:17,760 [main] WARN   JavaTypeDescriptorRegistry: HHH000481: Encountered Java type [class java.lang.Object] for which we could not locate a JavaTypeDescriptor and which does not appear to implement equals and/or hashCode.  This can lead to significant performance problems when performing equality/dirty checking involving this Java type.  Consider registering a custom JavaTypeDescriptor or at least implementing equals/hashCode.&amp#27;[m&amp#27;[0m
&amp#27;[m]]></system-out>
    <system-err><![CDATA[Jun 03, 2021 3:17:15 PM javax.mail.Session loadResource
WARNING: expected resource not found: /META-INF/javamail.default.address.map
Foo
]]></system-err>
  </testcase>
</testsuite>