<?xml version="1.0" encoding="UTF-8"?>
<testsuite xmlns:xsi="http://www.w3.org/2001/XMLSchema-instance" xsi:noNamespaceSchemaLocation="https://maven.apache.org/surefire/maven-surefire-plugin/xsd/surefire-test-report-3.0.xsd" version="3.0" name="org.mycore.mir.authorization.accesskeys.TestAccessKeys" time="8.484" tests="14" errors="0" skipped="0" failures="0">
  <properties>
[...]
</properties>
  <testcase name="testServFlagsTransformWithOtherTypes" classname="org.mycore.mir.authorization.accesskeys.TestAccessKeys" time="0.788">
    <system-out><![CDATA[Creating config directory: /tmp/junit7870422393394764292/mcrhome/mir-module
MyCoRe components detected: mcr:mycore-base, mcr:mycore-solr, mcr:mycore-user2, mcr:mycore-xeditor, mcr:mycore-classbrowser, mcr:mycore-mods, mcr:mycore-csl, mcr:mycore-ifs, mcr:mycore-pi, mcr:mycore-sword, mcr:mycore-wfc
Applications modules detected: app:mir-module
&amp#27;[34m2021-06-11T14:59:46,703 [main] INFO   MCRConfigurationInputStream: Current configuration directory: /tmp/junit7870422393394764292/mcrhome/mir-module&amp#27;[m&amp#27;[0m
&amp#27;[m&amp#27;[34m2021-06-11T14:59:46,727 [main] INFO   LogHelper: HHH000204: Processing PersistenceUnitInfo [name: mir-module]&amp#27;[m&amp#27;[0m
&amp#27;[m&amp#27;[34m2021-06-11T14:59:46,744 [main] INFO   HikariDataSource: HikariPool-19 - Starting...&amp#27;[m&amp#27;[0m
&amp#27;[m&amp#27;[31m2021-06-11T14:59:46,745 [main] WARN   DriverDataSource: Registered driver with driverClassName=org.hsqldb.jdbcDriver was not found, trying direct instantiation.&amp#27;[m&amp#27;[0m
&amp#27;[m&amp#27;[34m2021-06-11T14:59:46,746 [main] INFO   PoolBase: HikariPool-19 - Driver does not support get/set network timeout for connections. (feature not supported)&amp#27;[m&amp#27;[0m
&amp#27;[m&amp#27;[34m2021-06-11T14:59:46,746 [main] INFO   HikariDataSource: HikariPool-19 - Start completed.&amp#27;[m&amp#27;[0m
&amp#27;[m&amp#27;[34m2021-06-11T14:59:46,747 [main] INFO   Dialect: HHH000400: Using dialect: org.hibernate.dialect.HSQLDialect&amp#27;[m&amp#27;[0m
&amp#27;[m&amp#27;[31m2021-06-11T14:59:46,779 [main] WARN   JavaTypeDescriptorRegistry: HHH000481: Encountered Java type [class java.lang.Object] for which we could not locate a JavaTypeDescriptor and which does not appear to implement equals and/or hashCode.  This can lead to significant performance problems when performing equality/dirty checking involving this Java type.  Consider registering a custom JavaTypeDescriptor or at least implementing equals/hashCode.&amp#27;[m&amp#27;[0m
&amp#27;[m&amp#27;[31m2021-06-11T14:59:46,972 [main] WARN   MetadataContext: HHH015011: Unable to locate static metamodel field : org.mycore.datamodel.classifications2.MCRCategoryID_#id; this may or may not indicate a problem with the static metamodel&amp#27;[m&amp#27;[0m
&amp#27;[m&amp#27;[34m2021-06-11T14:59:46,979 [main] INFO   JtaPlatformInitiator: HHH000490: Using JtaPlatform implementation: [org.hibernate.engine.transaction.jta.platform.internal.NoJtaPlatform]&amp#27;[m&amp#27;[0m
&amp#27;[m&amp#27;[34m2021-06-11T14:59:47,093 [main] INFO   LogHelper: HHH000204: Processing PersistenceUnitInfo [name: mir-module]&amp#27;[m&amp#27;[0m
&amp#27;[m&amp#27;[34m2021-06-11T14:59:47,115 [main] INFO   HikariDataSource: HikariPool-20 - Starting...&amp#27;[m&amp#27;[0m
&amp#27;[m&amp#27;[31m2021-06-11T14:59:47,115 [main] WARN   DriverDataSource: Registered driver with driverClassName=org.hsqldb.jdbcDriver was not found, trying direct instantiation.&amp#27;[m&amp#27;[0m
&amp#27;[m&amp#27;[34m2021-06-11T14:59:47,119 [main] INFO   PoolBase: HikariPool-20 - Driver does not support get/set network timeout for connections. (feature not supported)&amp#27;[m&amp#27;[0m
&amp#27;[m&amp#27;[34m2021-06-11T14:59:47,124 [main] INFO   HikariDataSource: HikariPool-20 - Start completed.&amp#27;[m&amp#27;[0m
&amp#27;[m&amp#27;[34m2021-06-11T14:59:47,125 [main] INFO   Dialect: HHH000400: Using dialect: org.hibernate.dialect.HSQLDialect&amp#27;[m&amp#27;[0m
&amp#27;[m&amp#27;[31m2021-06-11T14:59:47,167 [main] WARN   JavaTypeDescriptorRegistry: HHH000481: Encountered Java type [class java.lang.Object] for which we could not locate a JavaTypeDescriptor and which does not appear to implement equals and/or hashCode.  This can lead to significant performance problems when performing equality/dirty checking involving this Java type.  Consider registering a custom JavaTypeDescriptor or at least implementing equals/hashCode.&amp#27;[m&amp#27;[0m
&amp#27;[m<?xml version="1.0" encoding="UTF-8"?>
<servflags class="MCRMetaLangText">
  <servflag type="readkey" inherited="0" form="plain">blah</servflag>
  <servflag type="writekey" inherited="0" form="plain">blub</servflag>
  <servflag type="createdby" inherited="0" form="plain">administrator</servflag>
</servflags>
&amp#27;[34m2021-06-11T14:59:47,351 [main] INFO   LogHelper: HHH000204: Processing PersistenceUnitInfo [name: mir-module]&amp#27;[m&amp#27;[0m
&amp#27;[m&amp#27;[34m2021-06-11T14:59:47,385 [main] INFO   HikariDataSource: HikariPool-21 - Starting...&amp#27;[m&amp#27;[0m
&amp#27;[m&amp#27;[31m2021-06-11T14:59:47,385 [main] WARN   DriverDataSource: Registered driver with driverClassName=org.hsqldb.jdbcDriver was not found, trying direct instantiation.&amp#27;[m&amp#27;[0m
&amp#27;[m&amp#27;[34m2021-06-11T14:59:47,386 [main] INFO   PoolBase: HikariPool-21 - Driver does not support get/set network timeout for connections. (feature not supported)&amp#27;[m&amp#27;[0m
&amp#27;[m&amp#27;[34m2021-06-11T14:59:47,387 [main] INFO   HikariDataSource: HikariPool-21 - Start completed.&amp#27;[m&amp#27;[0m
&amp#27;[m&amp#27;[34m2021-06-11T14:59:47,388 [main] INFO   Dialect: HHH000400: Using dialect: org.hibernate.dialect.HSQLDialect&amp#27;[m&amp#27;[0m
&amp#27;[m&amp#27;[31m2021-06-11T14:59:47,425 [main] WARN   JavaTypeDescriptorRegistry: HHH000481: Encountered Java type [class java.lang.Object] for which we could not locate a JavaTypeDescriptor and which does not appear to implement equals and/or hashCode.  This can lead to significant performance problems when performing equality/dirty checking involving this Java type.  Consider registering a custom JavaTypeDescriptor or at least implementing equals/hashCode.&amp#27;[m&amp#27;[0m
&amp#27;[m]]></system-out>
  </testcase>
  <testcase name="testKeyPairFull" classname="org.mycore.mir.authorization.accesskeys.TestAccessKeys" time="0.683">
    <system-out><![CDATA[MyCoRe components detected: mcr:mycore-base, mcr:mycore-solr, mcr:mycore-user2, mcr:mycore-xeditor, mcr:mycore-classbrowser, mcr:mycore-mods, mcr:mycore-csl, mcr:mycore-ifs, mcr:mycore-pi, mcr:mycore-sword, mcr:mycore-wfc
Applications modules detected: app:mir-module
&amp#27;[34m2021-06-11T14:59:47,469 [main] INFO   MCRConfigurationInputStream: Current configuration directory: /tmp/junit7870422393394764292/mcrhome/mir-module&amp#27;[m&amp#27;[0m
&amp#27;[m&amp#27;[34m2021-06-11T14:59:47,546 [main] INFO   LogHelper: HHH000204: Processing PersistenceUnitInfo [name: mir-module]&amp#27;[m&amp#27;[0m
&amp#27;[m&amp#27;[34m2021-06-11T14:59:47,571 [main] INFO   HikariDataSource: HikariPool-22 - Starting...&amp#27;[m&amp#27;[0m
&amp#27;[m&amp#27;[31m2021-06-11T14:59:47,571 [main] WARN   DriverDataSource: Registered driver with driverClassName=org.hsqldb.jdbcDriver was not found, trying direct instantiation.&amp#27;[m&amp#27;[0m
&amp#27;[m&amp#27;[34m2021-06-11T14:59:47,572 [main] INFO   PoolBase: HikariPool-22 - Driver does not support get/set network timeout for connections. (feature not supported)&amp#27;[m&amp#27;[0m
&amp#27;[m&amp#27;[34m2021-06-11T14:59:47,574 [main] INFO   HikariDataSource: HikariPool-22 - Start completed.&amp#27;[m&amp#27;[0m
&amp#27;[m&amp#27;[34m2021-06-11T14:59:47,576 [main] INFO   Dialect: HHH000400: Using dialect: org.hibernate.dialect.HSQLDialect&amp#27;[m&amp#27;[0m
&amp#27;[m&amp#27;[31m2021-06-11T14:59:47,638 [main] WARN   JavaTypeDescriptorRegistry: HHH000481: Encountered Java type [class java.lang.Object] for which we could not locate a JavaTypeDescriptor and which does not appear to implement equals and/or hashCode.  This can lead to significant performance problems when performing equality/dirty checking involving this Java type.  Consider registering a custom JavaTypeDescriptor or at least implementing equals/hashCode.&amp#27;[m&amp#27;[0m
&amp#27;[m&amp#27;[31m2021-06-11T14:59:47,829 [main] WARN   MetadataContext: HHH015011: Unable to locate static metamodel field : org.mycore.datamodel.classifications2.MCRCategoryID_#id; this may or may not indicate a problem with the static metamodel&amp#27;[m&amp#27;[0m
&amp#27;[m&amp#27;[34m2021-06-11T14:59:47,833 [main] INFO   JtaPlatformInitiator: HHH000490: Using JtaPlatform implementation: [org.hibernate.engine.transaction.jta.platform.internal.NoJtaPlatform]&amp#27;[m&amp#27;[0m
&amp#27;[m&amp#27;[34m2021-06-11T14:59:47,940 [main] INFO   LogHelper: HHH000204: Processing PersistenceUnitInfo [name: mir-module]&amp#27;[m&amp#27;[0m
&amp#27;[m&amp#27;[34m2021-06-11T14:59:47,960 [main] INFO   HikariDataSource: HikariPool-23 - Starting...&amp#27;[m&amp#27;[0m
&amp#27;[m&amp#27;[31m2021-06-11T14:59:47,960 [main] WARN   DriverDataSource: Registered driver with driverClassName=org.hsqldb.jdbcDriver was not found, trying direct instantiation.&amp#27;[m&amp#27;[0m
&amp#27;[m&amp#27;[34m2021-06-11T14:59:47,962 [main] INFO   PoolBase: HikariPool-23 - Driver does not support get/set network timeout for connections. (feature not supported)&amp#27;[m&amp#27;[0m
&amp#27;[m&amp#27;[34m2021-06-11T14:59:47,963 [main] INFO   HikariDataSource: HikariPool-23 - Start completed.&amp#27;[m&amp#27;[0m
&amp#27;[m&amp#27;[34m2021-06-11T14:59:47,963 [main] INFO   Dialect: HHH000400: Using dialect: org.hibernate.dialect.HSQLDialect&amp#27;[m&amp#27;[0m
&amp#27;[m&amp#27;[31m2021-06-11T14:59:47,997 [main] WARN   JavaTypeDescriptorRegistry: HHH000481: Encountered Java type [class java.lang.Object] for which we could not locate a JavaTypeDescriptor and which does not appear to implement equals and/or hashCode.  This can lead to significant performance problems when performing equality/dirty checking involving this Java type.  Consider registering a custom JavaTypeDescriptor or at least implementing equals/hashCode.&amp#27;[m&amp#27;[0m
&amp#27;[m&amp#27;[34m2021-06-11T14:59:48,059 [main] INFO   LogHelper: HHH000204: Processing PersistenceUnitInfo [name: mir-module]&amp#27;[m&amp#27;[0m
&amp#27;[m&amp#27;[34m2021-06-11T14:59:48,084 [main] INFO   HikariDataSource: HikariPool-24 - Starting...&amp#27;[m&amp#27;[0m
&amp#27;[m&amp#27;[31m2021-06-11T14:59:48,085 [main] WARN   DriverDataSource: Registered driver with driverClassName=org.hsqldb.jdbcDriver was not found, trying direct instantiation.&amp#27;[m&amp#27;[0m
&amp#27;[m&amp#27;[34m2021-06-11T14:59:48,089 [main] INFO   PoolBase: HikariPool-24 - Driver does not support get/set network timeout for connections. (feature not supported)&amp#27;[m&amp#27;[0m
&amp#27;[m&amp#27;[34m2021-06-11T14:59:48,090 [main] INFO   HikariDataSource: HikariPool-24 - Start completed.&amp#27;[m&amp#27;[0m
&amp#27;[m&amp#27;[34m2021-06-11T14:59:48,091 [main] INFO   Dialect: HHH000400: Using dialect: org.hibernate.dialect.HSQLDialect&amp#27;[m&amp#27;[0m
&amp#27;[m&amp#27;[31m2021-06-11T14:59:48,122 [main] WARN   JavaTypeDescriptorRegistry: HHH000481: Encountered Java type [class java.lang.Object] for which we could not locate a JavaTypeDescriptor and which does not appear to implement equals and/or hashCode.  This can lead to significant performance problems when performing equality/dirty checking involving this Java type.  Consider registering a custom JavaTypeDescriptor or at least implementing equals/hashCode.&amp#27;[m&amp#27;[0m
&amp#27;[m]]></system-out>
  </testcase>
  <testcase name="testCreateKeyPair" classname="org.mycore.mir.authorization.accesskeys.TestAccessKeys" time="0.64">
    <system-out><![CDATA[MyCoRe components detected: mcr:mycore-base, mcr:mycore-solr, mcr:mycore-user2, mcr:mycore-xeditor, mcr:mycore-classbrowser, mcr:mycore-mods, mcr:mycore-csl, mcr:mycore-ifs, mcr:mycore-pi, mcr:mycore-sword, mcr:mycore-wfc
Applications modules detected: app:mir-module
&amp#27;[34m2021-06-11T14:59:48,191 [main] INFO   MCRConfigurationInputStream: Current configuration directory: /tmp/junit7870422393394764292/mcrhome/mir-module&amp#27;[m&amp#27;[0m
&amp#27;[m&amp#27;[34m2021-06-11T14:59:48,238 [main] INFO   LogHelper: HHH000204: Processing PersistenceUnitInfo [name: mir-module]&amp#27;[m&amp#27;[0m
&amp#27;[m&amp#27;[34m2021-06-11T14:59:48,250 [main] INFO   HikariDataSource: HikariPool-25 - Starting...&amp#27;[m&amp#27;[0m
&amp#27;[m&amp#27;[31m2021-06-11T14:59:48,251 [main] WARN   DriverDataSource: Registered driver with driverClassName=org.hsqldb.jdbcDriver was not found, trying direct instantiation.&amp#27;[m&amp#27;[0m
&amp#27;[m&amp#27;[34m2021-06-11T14:59:48,252 [main] INFO   PoolBase: HikariPool-25 - Driver does not support get/set network timeout for connections. (feature not supported)&amp#27;[m&amp#27;[0m
&amp#27;[m&amp#27;[34m2021-06-11T14:59:48,252 [main] INFO   HikariDataSource: HikariPool-25 - Start completed.&amp#27;[m&amp#27;[0m
&amp#27;[m&amp#27;[34m2021-06-11T14:59:48,253 [main] INFO   Dialect: HHH000400: Using dialect: org.hibernate.dialect.HSQLDialect&amp#27;[m&amp#27;[0m
&amp#27;[m&amp#27;[31m2021-06-11T14:59:48,276 [main] WARN   JavaTypeDescriptorRegistry: HHH000481: Encountered Java type [class java.lang.Object] for which we could not locate a JavaTypeDescriptor and which does not appear to implement equals and/or hashCode.  This can lead to significant performance problems when performing equality/dirty checking involving this Java type.  Consider registering a custom JavaTypeDescriptor or at least implementing equals/hashCode.&amp#27;[m&amp#27;[0m
&amp#27;[m&amp#27;[31m2021-06-11T14:59:48,475 [main] WARN   MetadataContext: HHH015011: Unable to locate static metamodel field : org.mycore.datamodel.classifications2.MCRCategoryID_#id; this may or may not indicate a problem with the static metamodel&amp#27;[m&amp#27;[0m
&amp#27;[m&amp#27;[34m2021-06-11T14:59:48,480 [main] INFO   JtaPlatformInitiator: HHH000490: Using JtaPlatform implementation: [org.hibernate.engine.transaction.jta.platform.internal.NoJtaPlatform]&amp#27;[m&amp#27;[0m
&amp#27;[m&amp#27;[34m2021-06-11T14:59:48,545 [main] INFO   LogHelper: HHH000204: Processing PersistenceUnitInfo [name: mir-module]&amp#27;[m&amp#27;[0m
&amp#27;[m&amp#27;[34m2021-06-11T14:59:48,560 [main] INFO   HikariDataSource: HikariPool-26 - Starting...&amp#27;[m&amp#27;[0m
&amp#27;[m&amp#27;[31m2021-06-11T14:59:48,561 [main] WARN   DriverDataSource: Registered driver with driverClassName=org.hsqldb.jdbcDriver was not found, trying direct instantiation.&amp#27;[m&amp#27;[0m
&amp#27;[m&amp#27;[34m2021-06-11T14:59:48,561 [main] INFO   PoolBase: HikariPool-26 - Driver does not support get/set network timeout for connections. (feature not supported)&amp#27;[m&amp#27;[0m
&amp#27;[m&amp#27;[34m2021-06-11T14:59:48,562 [main] INFO   HikariDataSource: HikariPool-26 - Start completed.&amp#27;[m&amp#27;[0m
&amp#27;[m&amp#27;[34m2021-06-11T14:59:48,562 [main] INFO   Dialect: HHH000400: Using dialect: org.hibernate.dialect.HSQLDialect&amp#27;[m&amp#27;[0m
&amp#27;[m&amp#27;[31m2021-06-11T14:59:48,589 [main] WARN   JavaTypeDescriptorRegistry: HHH000481: Encountered Java type [class java.lang.Object] for which we could not locate a JavaTypeDescriptor and which does not appear to implement equals and/or hashCode.  This can lead to significant performance problems when performing equality/dirty checking involving this Java type.  Consider registering a custom JavaTypeDescriptor or at least implementing equals/hashCode.&amp#27;[m&amp#27;[0m
&amp#27;[m&amp#27;[34m2021-06-11T14:59:48,760 [main] INFO   LogHelper: HHH000204: Processing PersistenceUnitInfo [name: mir-module]&amp#27;[m&amp#27;[0m
&amp#27;[m&amp#27;[34m2021-06-11T14:59:48,773 [main] INFO   HikariDataSource: HikariPool-27 - Starting...&amp#27;[m&amp#27;[0m
&amp#27;[m&amp#27;[31m2021-06-11T14:59:48,774 [main] WARN   DriverDataSource: Registered driver with driverClassName=org.hsqldb.jdbcDriver was not found, trying direct instantiation.&amp#27;[m&amp#27;[0m
&amp#27;[m&amp#27;[34m2021-06-11T14:59:48,774 [main] INFO   PoolBase: HikariPool-27 - Driver does not support get/set network timeout for connections. (feature not supported)&amp#27;[m&amp#27;[0m
&amp#27;[m&amp#27;[34m2021-06-11T14:59:48,775 [main] INFO   HikariDataSource: HikariPool-27 - Start completed.&amp#27;[m&amp#27;[0m
&amp#27;[m&amp#27;[34m2021-06-11T14:59:48,775 [main] INFO   Dialect: HHH000400: Using dialect: org.hibernate.dialect.HSQLDialect&amp#27;[m&amp#27;[0m
&amp#27;[m&amp#27;[31m2021-06-11T14:59:48,799 [main] WARN   JavaTypeDescriptorRegistry: HHH000481: Encountered Java type [class java.lang.Object] for which we could not locate a JavaTypeDescriptor and which does not appear to implement equals and/or hashCode.  This can lead to significant performance problems when performing equality/dirty checking involving this Java type.  Consider registering a custom JavaTypeDescriptor or at least implementing equals/hashCode.&amp#27;[m&amp#27;[0m
&amp#27;[m]]></system-out>
  </testcase>
  <testcase name="testUpdateKeyPair" classname="org.mycore.mir.authorization.accesskeys.TestAccessKeys" time="0.676">
    <system-out><![CDATA[MyCoRe components detected: mcr:mycore-base, mcr:mycore-solr, mcr:mycore-user2, mcr:mycore-xeditor, mcr:mycore-classbrowser, mcr:mycore-mods, mcr:mycore-csl, mcr:mycore-ifs, mcr:mycore-pi, mcr:mycore-sword, mcr:mycore-wfc
Applications modules detected: app:mir-module
&amp#27;[34m2021-06-11T14:59:48,828 [main] INFO   MCRConfigurationInputStream: Current configuration directory: /tmp/junit7870422393394764292/mcrhome/mir-module&amp#27;[m&amp#27;[0m
&amp#27;[m&amp#27;[34m2021-06-11T14:59:48,882 [main] INFO   LogHelper: HHH000204: Processing PersistenceUnitInfo [name: mir-module]&amp#27;[m&amp#27;[0m
&amp#27;[m&amp#27;[34m2021-06-11T14:59:48,901 [main] INFO   HikariDataSource: HikariPool-28 - Starting...&amp#27;[m&amp#27;[0m
&amp#27;[m&amp#27;[31m2021-06-11T14:59:48,901 [main] WARN   DriverDataSource: Registered driver with driverClassName=org.hsqldb.jdbcDriver was not found, trying direct instantiation.&amp#27;[m&amp#27;[0m
&amp#27;[m&amp#27;[34m2021-06-11T14:59:48,902 [main] INFO   PoolBase: HikariPool-28 - Driver does not support get/set network timeout for connections. (feature not supported)&amp#27;[m&amp#27;[0m
&amp#27;[m&amp#27;[34m2021-06-11T14:59:48,903 [main] INFO   HikariDataSource: HikariPool-28 - Start completed.&amp#27;[m&amp#27;[0m
&amp#27;[m&amp#27;[34m2021-06-11T14:59:48,903 [main] INFO   Dialect: HHH000400: Using dialect: org.hibernate.dialect.HSQLDialect&amp#27;[m&amp#27;[0m
&amp#27;[m&amp#27;[31m2021-06-11T14:59:48,938 [main] WARN   JavaTypeDescriptorRegistry: HHH000481: Encountered Java type [class java.lang.Object] for which we could not locate a JavaTypeDescriptor and which does not appear to implement equals and/or hashCode.  This can lead to significant performance problems when performing equality/dirty checking involving this Java type.  Consider registering a custom JavaTypeDescriptor or at least implementing equals/hashCode.&amp#27;[m&amp#27;[0m
&amp#27;[m&amp#27;[31m2021-06-11T14:59:49,135 [main] WARN   MetadataContext: HHH015011: Unable to locate static metamodel field : org.mycore.datamodel.classifications2.MCRCategoryID_#id; this may or may not indicate a problem with the static metamodel&amp#27;[m&amp#27;[0m
&amp#27;[m&amp#27;[34m2021-06-11T14:59:49,140 [main] INFO   JtaPlatformInitiator: HHH000490: Using JtaPlatform implementation: [org.hibernate.engine.transaction.jta.platform.internal.NoJtaPlatform]&amp#27;[m&amp#27;[0m
&amp#27;[m&amp#27;[34m2021-06-11T14:59:49,238 [main] INFO   LogHelper: HHH000204: Processing PersistenceUnitInfo [name: mir-module]&amp#27;[m&amp#27;[0m
&amp#27;[m&amp#27;[34m2021-06-11T14:59:49,253 [main] INFO   HikariDataSource: HikariPool-29 - Starting...&amp#27;[m&amp#27;[0m
&amp#27;[m&amp#27;[31m2021-06-11T14:59:49,253 [main] WARN   DriverDataSource: Registered driver with driverClassName=org.hsqldb.jdbcDriver was not found, trying direct instantiation.&amp#27;[m&amp#27;[0m
&amp#27;[m&amp#27;[34m2021-06-11T14:59:49,254 [main] INFO   PoolBase: HikariPool-29 - Driver does not support get/set network timeout for connections. (feature not supported)&amp#27;[m&amp#27;[0m
&amp#27;[m&amp#27;[34m2021-06-11T14:59:49,254 [main] INFO   HikariDataSource: HikariPool-29 - Start completed.&amp#27;[m&amp#27;[0m
&amp#27;[m&amp#27;[34m2021-06-11T14:59:49,255 [main] INFO   Dialect: HHH000400: Using dialect: org.hibernate.dialect.HSQLDialect&amp#27;[m&amp#27;[0m
&amp#27;[m&amp#27;[31m2021-06-11T14:59:49,287 [main] WARN   JavaTypeDescriptorRegistry: HHH000481: Encountered Java type [class java.lang.Object] for which we could not locate a JavaTypeDescriptor and which does not appear to implement equals and/or hashCode.  This can lead to significant performance problems when performing equality/dirty checking involving this Java type.  Consider registering a custom JavaTypeDescriptor or at least implementing equals/hashCode.&amp#27;[m&amp#27;[0m
&amp#27;[m&amp#27;[34m2021-06-11T14:59:49,429 [main] INFO   LogHelper: HHH000204: Processing PersistenceUnitInfo [name: mir-module]&amp#27;[m&amp#27;[0m
&amp#27;[m&amp#27;[34m2021-06-11T14:59:49,446 [main] INFO   HikariDataSource: HikariPool-30 - Starting...&amp#27;[m&amp#27;[0m
&amp#27;[m&amp#27;[31m2021-06-11T14:59:49,446 [main] WARN   DriverDataSource: Registered driver with driverClassName=org.hsqldb.jdbcDriver was not found, trying direct instantiation.&amp#27;[m&amp#27;[0m
&amp#27;[m&amp#27;[34m2021-06-11T14:59:49,447 [main] INFO   PoolBase: HikariPool-30 - Driver does not support get/set network timeout for connections. (feature not supported)&amp#27;[m&amp#27;[0m
&amp#27;[m&amp#27;[34m2021-06-11T14:59:49,448 [main] INFO   HikariDataSource: HikariPool-30 - Start completed.&amp#27;[m&amp#27;[0m
&amp#27;[m&amp#27;[34m2021-06-11T14:59:49,448 [main] INFO   Dialect: HHH000400: Using dialect: org.hibernate.dialect.HSQLDialect&amp#27;[m&amp#27;[0m
&amp#27;[m&amp#27;[31m2021-06-11T14:59:49,470 [main] WARN   JavaTypeDescriptorRegistry: HHH000481: Encountered Java type [class java.lang.Object] for which we could not locate a JavaTypeDescriptor and which does not appear to implement equals and/or hashCode.  This can lead to significant performance problems when performing equality/dirty checking involving this Java type.  Consider registering a custom JavaTypeDescriptor or at least implementing equals/hashCode.&amp#27;[m&amp#27;[0m
&amp#27;[m]]></system-out>
  </testcase>
  <testcase name="testExistsKeyPair" classname="org.mycore.mir.authorization.accesskeys.TestAccessKeys" time="0.587">
    <system-out><![CDATA[MyCoRe components detected: mcr:mycore-base, mcr:mycore-solr, mcr:mycore-user2, mcr:mycore-xeditor, mcr:mycore-classbrowser, mcr:mycore-mods, mcr:mycore-csl, mcr:mycore-ifs, mcr:mycore-pi, mcr:mycore-sword, mcr:mycore-wfc
Applications modules detected: app:mir-module
&amp#27;[34m2021-06-11T14:59:49,498 [main] INFO   MCRConfigurationInputStream: Current configuration directory: /tmp/junit7870422393394764292/mcrhome/mir-module&amp#27;[m&amp#27;[0m
&amp#27;[m&amp#27;[34m2021-06-11T14:59:49,573 [main] INFO   LogHelper: HHH000204: Processing PersistenceUnitInfo [name: mir-module]&amp#27;[m&amp#27;[0m
&amp#27;[m&amp#27;[34m2021-06-11T14:59:49,592 [main] INFO   HikariDataSource: HikariPool-31 - Starting...&amp#27;[m&amp#27;[0m
&amp#27;[m&amp#27;[31m2021-06-11T14:59:49,593 [main] WARN   DriverDataSource: Registered driver with driverClassName=org.hsqldb.jdbcDriver was not found, trying direct instantiation.&amp#27;[m&amp#27;[0m
&amp#27;[m&amp#27;[34m2021-06-11T14:59:49,594 [main] INFO   PoolBase: HikariPool-31 - Driver does not support get/set network timeout for connections. (feature not supported)&amp#27;[m&amp#27;[0m
&amp#27;[m&amp#27;[34m2021-06-11T14:59:49,595 [main] INFO   HikariDataSource: HikariPool-31 - Start completed.&amp#27;[m&amp#27;[0m
&amp#27;[m&amp#27;[34m2021-06-11T14:59:49,596 [main] INFO   Dialect: HHH000400: Using dialect: org.hibernate.dialect.HSQLDialect&amp#27;[m&amp#27;[0m
&amp#27;[m&amp#27;[31m2021-06-11T14:59:49,634 [main] WARN   JavaTypeDescriptorRegistry: HHH000481: Encountered Java type [class java.lang.Object] for which we could not locate a JavaTypeDescriptor and which does not appear to implement equals and/or hashCode.  This can lead to significant performance problems when performing equality/dirty checking involving this Java type.  Consider registering a custom JavaTypeDescriptor or at least implementing equals/hashCode.&amp#27;[m&amp#27;[0m
&amp#27;[m&amp#27;[31m2021-06-11T14:59:49,783 [main] WARN   MetadataContext: HHH015011: Unable to locate static metamodel field : org.mycore.datamodel.classifications2.MCRCategoryID_#id; this may or may not indicate a problem with the static metamodel&amp#27;[m&amp#27;[0m
&amp#27;[m&amp#27;[34m2021-06-11T14:59:49,787 [main] INFO   JtaPlatformInitiator: HHH000490: Using JtaPlatform implementation: [org.hibernate.engine.transaction.jta.platform.internal.NoJtaPlatform]&amp#27;[m&amp#27;[0m
&amp#27;[m&amp#27;[34m2021-06-11T14:59:49,850 [main] INFO   LogHelper: HHH000204: Processing PersistenceUnitInfo [name: mir-module]&amp#27;[m&amp#27;[0m
&amp#27;[m&amp#27;[34m2021-06-11T14:59:49,864 [main] INFO   HikariDataSource: HikariPool-32 - Starting...&amp#27;[m&amp#27;[0m
&amp#27;[m&amp#27;[31m2021-06-11T14:59:49,864 [main] WARN   DriverDataSource: Registered driver with driverClassName=org.hsqldb.jdbcDriver was not found, trying direct instantiation.&amp#27;[m&amp#27;[0m
&amp#27;[m&amp#27;[34m2021-06-11T14:59:49,865 [main] INFO   PoolBase: HikariPool-32 - Driver does not support get/set network timeout for connections. (feature not supported)&amp#27;[m&amp#27;[0m
&amp#27;[m&amp#27;[34m2021-06-11T14:59:49,865 [main] INFO   HikariDataSource: HikariPool-32 - Start completed.&amp#27;[m&amp#27;[0m
&amp#27;[m&amp#27;[34m2021-06-11T14:59:49,866 [main] INFO   Dialect: HHH000400: Using dialect: org.hibernate.dialect.HSQLDialect&amp#27;[m&amp#27;[0m
&amp#27;[m&amp#27;[31m2021-06-11T14:59:49,926 [main] WARN   JavaTypeDescriptorRegistry: HHH000481: Encountered Java type [class java.lang.Object] for which we could not locate a JavaTypeDescriptor and which does not appear to implement equals and/or hashCode.  This can lead to significant performance problems when performing equality/dirty checking involving this Java type.  Consider registering a custom JavaTypeDescriptor or at least implementing equals/hashCode.&amp#27;[m&amp#27;[0m
&amp#27;[m&amp#27;[34m2021-06-11T14:59:49,997 [main] INFO   LogHelper: HHH000204: Processing PersistenceUnitInfo [name: mir-module]&amp#27;[m&amp#27;[0m
&amp#27;[m&amp#27;[34m2021-06-11T14:59:50,022 [main] INFO   HikariDataSource: HikariPool-33 - Starting...&amp#27;[m&amp#27;[0m
&amp#27;[m&amp#27;[31m2021-06-11T14:59:50,022 [main] WARN   DriverDataSource: Registered driver with driverClassName=org.hsqldb.jdbcDriver was not found, trying direct instantiation.&amp#27;[m&amp#27;[0m
&amp#27;[m&amp#27;[34m2021-06-11T14:59:50,023 [main] INFO   PoolBase: HikariPool-33 - Driver does not support get/set network timeout for connections. (feature not supported)&amp#27;[m&amp#27;[0m
&amp#27;[m&amp#27;[34m2021-06-11T14:59:50,025 [main] INFO   HikariDataSource: HikariPool-33 - Start completed.&amp#27;[m&amp#27;[0m
&amp#27;[m&amp#27;[34m2021-06-11T14:59:50,025 [main] INFO   Dialect: HHH000400: Using dialect: org.hibernate.dialect.HSQLDialect&amp#27;[m&amp#27;[0m
&amp#27;[m&amp#27;[31m2021-06-11T14:59:50,059 [main] WARN   JavaTypeDescriptorRegistry: HHH000481: Encountered Java type [class java.lang.Object] for which we could not locate a JavaTypeDescriptor and which does not appear to implement equals and/or hashCode.  This can lead to significant performance problems when performing equality/dirty checking involving this Java type.  Consider registering a custom JavaTypeDescriptor or at least implementing equals/hashCode.&amp#27;[m&amp#27;[0m
&amp#27;[m]]></system-out>
  </testcase>
  <testcase name="testKeyPairWithMatchingKeys" classname="org.mycore.mir.authorization.accesskeys.TestAccessKeys" time="0.677">
    <system-out><![CDATA[MyCoRe components detected: mcr:mycore-base, mcr:mycore-solr, mcr:mycore-user2, mcr:mycore-xeditor, mcr:mycore-classbrowser, mcr:mycore-mods, mcr:mycore-csl, mcr:mycore-ifs, mcr:mycore-pi, mcr:mycore-sword, mcr:mycore-wfc
Applications modules detected: app:mir-module
&amp#27;[34m2021-06-11T14:59:50,079 [main] INFO   MCRConfigurationInputStream: Current configuration directory: /tmp/junit7870422393394764292/mcrhome/mir-module&amp#27;[m&amp#27;[0m
&amp#27;[m&amp#27;[34m2021-06-11T14:59:50,145 [main] INFO   LogHelper: HHH000204: Processing PersistenceUnitInfo [name: mir-module]&amp#27;[m&amp#27;[0m
&amp#27;[m&amp#27;[34m2021-06-11T14:59:50,226 [main] INFO   HikariDataSource: HikariPool-34 - Starting...&amp#27;[m&amp#27;[0m
&amp#27;[m&amp#27;[31m2021-06-11T14:59:50,226 [main] WARN   DriverDataSource: Registered driver with driverClassName=org.hsqldb.jdbcDriver was not found, trying direct instantiation.&amp#27;[m&amp#27;[0m
&amp#27;[m&amp#27;[34m2021-06-11T14:59:50,227 [main] INFO   PoolBase: HikariPool-34 - Driver does not support get/set network timeout for connections. (feature not supported)&amp#27;[m&amp#27;[0m
&amp#27;[m&amp#27;[34m2021-06-11T14:59:50,227 [main] INFO   HikariDataSource: HikariPool-34 - Start completed.&amp#27;[m&amp#27;[0m
&amp#27;[m&amp#27;[34m2021-06-11T14:59:50,228 [main] INFO   Dialect: HHH000400: Using dialect: org.hibernate.dialect.HSQLDialect&amp#27;[m&amp#27;[0m
&amp#27;[m&amp#27;[31m2021-06-11T14:59:50,255 [main] WARN   JavaTypeDescriptorRegistry: HHH000481: Encountered Java type [class java.lang.Object] for which we could not locate a JavaTypeDescriptor and which does not appear to implement equals and/or hashCode.  This can lead to significant performance problems when performing equality/dirty checking involving this Java type.  Consider registering a custom JavaTypeDescriptor or at least implementing equals/hashCode.&amp#27;[m&amp#27;[0m
&amp#27;[m&amp#27;[31m2021-06-11T14:59:50,425 [main] WARN   MetadataContext: HHH015011: Unable to locate static metamodel field : org.mycore.datamodel.classifications2.MCRCategoryID_#id; this may or may not indicate a problem with the static metamodel&amp#27;[m&amp#27;[0m
&amp#27;[m&amp#27;[34m2021-06-11T14:59:50,431 [main] INFO   JtaPlatformInitiator: HHH000490: Using JtaPlatform implementation: [org.hibernate.engine.transaction.jta.platform.internal.NoJtaPlatform]&amp#27;[m&amp#27;[0m
&amp#27;[m&amp#27;[34m2021-06-11T14:59:50,528 [main] INFO   LogHelper: HHH000204: Processing PersistenceUnitInfo [name: mir-module]&amp#27;[m&amp#27;[0m
&amp#27;[m&amp#27;[34m2021-06-11T14:59:50,544 [main] INFO   HikariDataSource: HikariPool-35 - Starting...&amp#27;[m&amp#27;[0m
&amp#27;[m&amp#27;[31m2021-06-11T14:59:50,544 [main] WARN   DriverDataSource: Registered driver with driverClassName=org.hsqldb.jdbcDriver was not found, trying direct instantiation.&amp#27;[m&amp#27;[0m
&amp#27;[m&amp#27;[34m2021-06-11T14:59:50,546 [main] INFO   PoolBase: HikariPool-35 - Driver does not support get/set network timeout for connections. (feature not supported)&amp#27;[m&amp#27;[0m
&amp#27;[m&amp#27;[34m2021-06-11T14:59:50,547 [main] INFO   HikariDataSource: HikariPool-35 - Start completed.&amp#27;[m&amp#27;[0m
&amp#27;[m&amp#27;[34m2021-06-11T14:59:50,547 [main] INFO   Dialect: HHH000400: Using dialect: org.hibernate.dialect.HSQLDialect&amp#27;[m&amp#27;[0m
&amp#27;[m&amp#27;[31m2021-06-11T14:59:50,625 [main] WARN   JavaTypeDescriptorRegistry: HHH000481: Encountered Java type [class java.lang.Object] for which we could not locate a JavaTypeDescriptor and which does not appear to implement equals and/or hashCode.  This can lead to significant performance problems when performing equality/dirty checking involving this Java type.  Consider registering a custom JavaTypeDescriptor or at least implementing equals/hashCode.&amp#27;[m&amp#27;[0m
&amp#27;[m&amp#27;[34m2021-06-11T14:59:50,684 [main] INFO   LogHelper: HHH000204: Processing PersistenceUnitInfo [name: mir-module]&amp#27;[m&amp#27;[0m
&amp#27;[m&amp#27;[34m2021-06-11T14:59:50,702 [main] INFO   HikariDataSource: HikariPool-36 - Starting...&amp#27;[m&amp#27;[0m
&amp#27;[m&amp#27;[31m2021-06-11T14:59:50,702 [main] WARN   DriverDataSource: Registered driver with driverClassName=org.hsqldb.jdbcDriver was not found, trying direct instantiation.&amp#27;[m&amp#27;[0m
&amp#27;[m&amp#27;[34m2021-06-11T14:59:50,703 [main] INFO   PoolBase: HikariPool-36 - Driver does not support get/set network timeout for connections. (feature not supported)&amp#27;[m&amp#27;[0m
&amp#27;[m&amp#27;[34m2021-06-11T14:59:50,703 [main] INFO   HikariDataSource: HikariPool-36 - Start completed.&amp#27;[m&amp#27;[0m
&amp#27;[m&amp#27;[34m2021-06-11T14:59:50,704 [main] INFO   Dialect: HHH000400: Using dialect: org.hibernate.dialect.HSQLDialect&amp#27;[m&amp#27;[0m
&amp#27;[m&amp#27;[31m2021-06-11T14:59:50,740 [main] WARN   JavaTypeDescriptorRegistry: HHH000481: Encountered Java type [class java.lang.Object] for which we could not locate a JavaTypeDescriptor and which does not appear to implement equals and/or hashCode.  This can lead to significant performance problems when performing equality/dirty checking involving this Java type.  Consider registering a custom JavaTypeDescriptor or at least implementing equals/hashCode.&amp#27;[m&amp#27;[0m
&amp#27;[m]]></system-out>
  </testcase>
  <testcase name="testTransientUser" classname="org.mycore.mir.authorization.accesskeys.TestAccessKeys" time="0.685">
    <system-out><![CDATA[MyCoRe components detected: mcr:mycore-base, mcr:mycore-solr, mcr:mycore-user2, mcr:mycore-xeditor, mcr:mycore-classbrowser, mcr:mycore-mods, mcr:mycore-csl, mcr:mycore-ifs, mcr:mycore-pi, mcr:mycore-sword, mcr:mycore-wfc
Applications modules detected: app:mir-module
&amp#27;[34m2021-06-11T14:59:50,772 [main] INFO   MCRConfigurationInputStream: Current configuration directory: /tmp/junit7870422393394764292/mcrhome/mir-module&amp#27;[m&amp#27;[0m
&amp#27;[m&amp#27;[34m2021-06-11T14:59:50,882 [main] INFO   LogHelper: HHH000204: Processing PersistenceUnitInfo [name: mir-module]&amp#27;[m&amp#27;[0m
&amp#27;[m&amp#27;[34m2021-06-11T14:59:50,910 [main] INFO   HikariDataSource: HikariPool-37 - Starting...&amp#27;[m&amp#27;[0m
&amp#27;[m&amp#27;[31m2021-06-11T14:59:50,910 [main] WARN   DriverDataSource: Registered driver with driverClassName=org.hsqldb.jdbcDriver was not found, trying direct instantiation.&amp#27;[m&amp#27;[0m
&amp#27;[m&amp#27;[34m2021-06-11T14:59:50,911 [main] INFO   PoolBase: HikariPool-37 - Driver does not support get/set network timeout for connections. (feature not supported)&amp#27;[m&amp#27;[0m
&amp#27;[m&amp#27;[34m2021-06-11T14:59:50,917 [main] INFO   HikariDataSource: HikariPool-37 - Start completed.&amp#27;[m&amp#27;[0m
&amp#27;[m&amp#27;[34m2021-06-11T14:59:50,917 [main] INFO   Dialect: HHH000400: Using dialect: org.hibernate.dialect.HSQLDialect&amp#27;[m&amp#27;[0m
&amp#27;[m&amp#27;[31m2021-06-11T14:59:50,947 [main] WARN   JavaTypeDescriptorRegistry: HHH000481: Encountered Java type [class java.lang.Object] for which we could not locate a JavaTypeDescriptor and which does not appear to implement equals and/or hashCode.  This can lead to significant performance problems when performing equality/dirty checking involving this Java type.  Consider registering a custom JavaTypeDescriptor or at least implementing equals/hashCode.&amp#27;[m&amp#27;[0m
&amp#27;[m&amp#27;[31m2021-06-11T14:59:51,060 [main] WARN   MetadataContext: HHH015011: Unable to locate static metamodel field : org.mycore.datamodel.classifications2.MCRCategoryID_#id; this may or may not indicate a problem with the static metamodel&amp#27;[m&amp#27;[0m
&amp#27;[m&amp#27;[34m2021-06-11T14:59:51,064 [main] INFO   JtaPlatformInitiator: HHH000490: Using JtaPlatform implementation: [org.hibernate.engine.transaction.jta.platform.internal.NoJtaPlatform]&amp#27;[m&amp#27;[0m
&amp#27;[m&amp#27;[34m2021-06-11T14:59:51,131 [main] INFO   LogHelper: HHH000204: Processing PersistenceUnitInfo [name: mir-module]&amp#27;[m&amp#27;[0m
&amp#27;[m&amp#27;[34m2021-06-11T14:59:51,145 [main] INFO   HikariDataSource: HikariPool-38 - Starting...&amp#27;[m&amp#27;[0m
&amp#27;[m&amp#27;[31m2021-06-11T14:59:51,145 [main] WARN   DriverDataSource: Registered driver with driverClassName=org.hsqldb.jdbcDriver was not found, trying direct instantiation.&amp#27;[m&amp#27;[0m
&amp#27;[m&amp#27;[34m2021-06-11T14:59:51,146 [main] INFO   PoolBase: HikariPool-38 - Driver does not support get/set network timeout for connections. (feature not supported)&amp#27;[m&amp#27;[0m
&amp#27;[m&amp#27;[34m2021-06-11T14:59:51,146 [main] INFO   HikariDataSource: HikariPool-38 - Start completed.&amp#27;[m&amp#27;[0m
&amp#27;[m&amp#27;[34m2021-06-11T14:59:51,147 [main] INFO   Dialect: HHH000400: Using dialect: org.hibernate.dialect.HSQLDialect&amp#27;[m&amp#27;[0m
&amp#27;[m&amp#27;[31m2021-06-11T14:59:51,168 [main] WARN   JavaTypeDescriptorRegistry: HHH000481: Encountered Java type [class java.lang.Object] for which we could not locate a JavaTypeDescriptor and which does not appear to implement equals and/or hashCode.  This can lead to significant performance problems when performing equality/dirty checking involving this Java type.  Consider registering a custom JavaTypeDescriptor or at least implementing equals/hashCode.&amp#27;[m&amp#27;[0m
&amp#27;[m&amp#27;[34m2021-06-11T14:59:51,314 [main] INFO   MCRUserManager: user saved: junit&amp#27;[m&amp#27;[0m
&amp#27;[m&amp#27;[34m2021-06-11T14:59:51,315 [main] INFO   MCRRoleManager: Assigning junit to these roles: []&amp#27;[m&amp#27;[0m
&amp#27;[m&amp#27;[34m2021-06-11T14:59:51,403 [main] INFO   LogHelper: HHH000204: Processing PersistenceUnitInfo [name: mir-module]&amp#27;[m&amp#27;[0m
&amp#27;[m&amp#27;[34m2021-06-11T14:59:51,415 [main] INFO   HikariDataSource: HikariPool-39 - Starting...&amp#27;[m&amp#27;[0m
&amp#27;[m&amp#27;[31m2021-06-11T14:59:51,415 [main] WARN   DriverDataSource: Registered driver with driverClassName=org.hsqldb.jdbcDriver was not found, trying direct instantiation.&amp#27;[m&amp#27;[0m
&amp#27;[m&amp#27;[34m2021-06-11T14:59:51,416 [main] INFO   PoolBase: HikariPool-39 - Driver does not support get/set network timeout for connections. (feature not supported)&amp#27;[m&amp#27;[0m
&amp#27;[m&amp#27;[34m2021-06-11T14:59:51,417 [main] INFO   HikariDataSource: HikariPool-39 - Start completed.&amp#27;[m&amp#27;[0m
&amp#27;[m&amp#27;[34m2021-06-11T14:59:51,417 [main] INFO   Dialect: HHH000400: Using dialect: org.hibernate.dialect.HSQLDialect&amp#27;[m&amp#27;[0m
&amp#27;[m&amp#27;[31m2021-06-11T14:59:51,438 [main] WARN   JavaTypeDescriptorRegistry: HHH000481: Encountered Java type [class java.lang.Object] for which we could not locate a JavaTypeDescriptor and which does not appear to implement equals and/or hashCode.  This can lead to significant performance problems when performing equality/dirty checking involving this Java type.  Consider registering a custom JavaTypeDescriptor or at least implementing equals/hashCode.&amp#27;[m&amp#27;[0m
&amp#27;[m]]></system-out>
  </testcase>
  <testcase name="testDeleteKeyPair" classname="org.mycore.mir.authorization.accesskeys.TestAccessKeys" time="0.516">
    <system-out><![CDATA[MyCoRe components detected: mcr:mycore-base, mcr:mycore-solr, mcr:mycore-user2, mcr:mycore-xeditor, mcr:mycore-classbrowser, mcr:mycore-mods, mcr:mycore-csl, mcr:mycore-ifs, mcr:mycore-pi, mcr:mycore-sword, mcr:mycore-wfc
Applications modules detected: app:mir-module
&amp#27;[34m2021-06-11T14:59:51,455 [main] INFO   MCRConfigurationInputStream: Current configuration directory: /tmp/junit7870422393394764292/mcrhome/mir-module&amp#27;[m&amp#27;[0m
&amp#27;[m&amp#27;[34m2021-06-11T14:59:51,475 [main] INFO   LogHelper: HHH000204: Processing PersistenceUnitInfo [name: mir-module]&amp#27;[m&amp#27;[0m
&amp#27;[m&amp#27;[34m2021-06-11T14:59:51,491 [main] INFO   HikariDataSource: HikariPool-40 - Starting...&amp#27;[m&amp#27;[0m
&amp#27;[m&amp#27;[31m2021-06-11T14:59:51,491 [main] WARN   DriverDataSource: Registered driver with driverClassName=org.hsqldb.jdbcDriver was not found, trying direct instantiation.&amp#27;[m&amp#27;[0m
&amp#27;[m&amp#27;[34m2021-06-11T14:59:51,492 [main] INFO   PoolBase: HikariPool-40 - Driver does not support get/set network timeout for connections. (feature not supported)&amp#27;[m&amp#27;[0m
&amp#27;[m&amp#27;[34m2021-06-11T14:59:51,496 [main] INFO   HikariDataSource: HikariPool-40 - Start completed.&amp#27;[m&amp#27;[0m
&amp#27;[m&amp#27;[34m2021-06-11T14:59:51,496 [main] INFO   Dialect: HHH000400: Using dialect: org.hibernate.dialect.HSQLDialect&amp#27;[m&amp#27;[0m
&amp#27;[m&amp#27;[31m2021-06-11T14:59:51,534 [main] WARN   JavaTypeDescriptorRegistry: HHH000481: Encountered Java type [class java.lang.Object] for which we could not locate a JavaTypeDescriptor and which does not appear to implement equals and/or hashCode.  This can lead to significant performance problems when performing equality/dirty checking involving this Java type.  Consider registering a custom JavaTypeDescriptor or at least implementing equals/hashCode.&amp#27;[m&amp#27;[0m
&amp#27;[m&amp#27;[31m2021-06-11T14:59:51,723 [main] WARN   MetadataContext: HHH015011: Unable to locate static metamodel field : org.mycore.datamodel.classifications2.MCRCategoryID_#id; this may or may not indicate a problem with the static metamodel&amp#27;[m&amp#27;[0m
&amp#27;[m&amp#27;[34m2021-06-11T14:59:51,728 [main] INFO   JtaPlatformInitiator: HHH000490: Using JtaPlatform implementation: [org.hibernate.engine.transaction.jta.platform.internal.NoJtaPlatform]&amp#27;[m&amp#27;[0m
&amp#27;[m&amp#27;[34m2021-06-11T14:59:51,797 [main] INFO   LogHelper: HHH000204: Processing PersistenceUnitInfo [name: mir-module]&amp#27;[m&amp#27;[0m
&amp#27;[m&amp#27;[34m2021-06-11T14:59:51,819 [main] INFO   HikariDataSource: HikariPool-41 - Starting...&amp#27;[m&amp#27;[0m
&amp#27;[m&amp#27;[31m2021-06-11T14:59:51,820 [main] WARN   DriverDataSource: Registered driver with driverClassName=org.hsqldb.jdbcDriver was not found, trying direct instantiation.&amp#27;[m&amp#27;[0m
&amp#27;[m&amp#27;[34m2021-06-11T14:59:51,820 [main] INFO   PoolBase: HikariPool-41 - Driver does not support get/set network timeout for connections. (feature not supported)&amp#27;[m&amp#27;[0m
&amp#27;[m&amp#27;[34m2021-06-11T14:59:51,821 [main] INFO   HikariDataSource: HikariPool-41 - Start completed.&amp#27;[m&amp#27;[0m
&amp#27;[m&amp#27;[34m2021-06-11T14:59:51,821 [main] INFO   Dialect: HHH000400: Using dialect: org.hibernate.dialect.HSQLDialect&amp#27;[m&amp#27;[0m
&amp#27;[m&amp#27;[31m2021-06-11T14:59:51,847 [main] WARN   JavaTypeDescriptorRegistry: HHH000481: Encountered Java type [class java.lang.Object] for which we could not locate a JavaTypeDescriptor and which does not appear to implement equals and/or hashCode.  This can lead to significant performance problems when performing equality/dirty checking involving this Java type.  Consider registering a custom JavaTypeDescriptor or at least implementing equals/hashCode.&amp#27;[m&amp#27;[0m
&amp#27;[m&amp#27;[34m2021-06-11T14:59:51,913 [main] INFO   LogHelper: HHH000204: Processing PersistenceUnitInfo [name: mir-module]&amp#27;[m&amp#27;[0m
&amp#27;[m&amp#27;[34m2021-06-11T14:59:51,928 [main] INFO   HikariDataSource: HikariPool-42 - Starting...&amp#27;[m&amp#27;[0m
&amp#27;[m&amp#27;[31m2021-06-11T14:59:51,929 [main] WARN   DriverDataSource: Registered driver with driverClassName=org.hsqldb.jdbcDriver was not found, trying direct instantiation.&amp#27;[m&amp#27;[0m
&amp#27;[m&amp#27;[34m2021-06-11T14:59:51,930 [main] INFO   PoolBase: HikariPool-42 - Driver does not support get/set network timeout for connections. (feature not supported)&amp#27;[m&amp#27;[0m
&amp#27;[m&amp#27;[34m2021-06-11T14:59:51,932 [main] INFO   HikariDataSource: HikariPool-42 - Start completed.&amp#27;[m&amp#27;[0m
&amp#27;[m&amp#27;[34m2021-06-11T14:59:51,933 [main] INFO   Dialect: HHH000400: Using dialect: org.hibernate.dialect.HSQLDialect&amp#27;[m&amp#27;[0m
&amp#27;[m&amp#27;[31m2021-06-11T14:59:51,959 [main] WARN   JavaTypeDescriptorRegistry: HHH000481: Encountered Java type [class java.lang.Object] for which we could not locate a JavaTypeDescriptor and which does not appear to implement equals and/or hashCode.  This can lead to significant performance problems when performing equality/dirty checking involving this Java type.  Consider registering a custom JavaTypeDescriptor or at least implementing equals/hashCode.&amp#27;[m&amp#27;[0m
&amp#27;[m]]></system-out>
  </testcase>
  <testcase name="testServFlagsTransform" classname="org.mycore.mir.authorization.accesskeys.TestAccessKeys" time="0.602">
    <system-out><![CDATA[MyCoRe components detected: mcr:mycore-base, mcr:mycore-solr, mcr:mycore-user2, mcr:mycore-xeditor, mcr:mycore-classbrowser, mcr:mycore-mods, mcr:mycore-csl, mcr:mycore-ifs, mcr:mycore-pi, mcr:mycore-sword, mcr:mycore-wfc
Applications modules detected: app:mir-module
&amp#27;[34m2021-06-11T14:59:51,978 [main] INFO   MCRConfigurationInputStream: Current configuration directory: /tmp/junit7870422393394764292/mcrhome/mir-module&amp#27;[m&amp#27;[0m
&amp#27;[m&amp#27;[34m2021-06-11T14:59:52,029 [main] INFO   LogHelper: HHH000204: Processing PersistenceUnitInfo [name: mir-module]&amp#27;[m&amp#27;[0m
&amp#27;[m&amp#27;[34m2021-06-11T14:59:52,062 [main] INFO   HikariDataSource: HikariPool-43 - Starting...&amp#27;[m&amp#27;[0m
&amp#27;[m&amp#27;[31m2021-06-11T14:59:52,063 [main] WARN   DriverDataSource: Registered driver with driverClassName=org.hsqldb.jdbcDriver was not found, trying direct instantiation.&amp#27;[m&amp#27;[0m
&amp#27;[m&amp#27;[34m2021-06-11T14:59:52,064 [main] INFO   PoolBase: HikariPool-43 - Driver does not support get/set network timeout for connections. (feature not supported)&amp#27;[m&amp#27;[0m
&amp#27;[m&amp#27;[34m2021-06-11T14:59:52,064 [main] INFO   HikariDataSource: HikariPool-43 - Start completed.&amp#27;[m&amp#27;[0m
&amp#27;[m&amp#27;[34m2021-06-11T14:59:52,065 [main] INFO   Dialect: HHH000400: Using dialect: org.hibernate.dialect.HSQLDialect&amp#27;[m&amp#27;[0m
&amp#27;[m&amp#27;[31m2021-06-11T14:59:52,121 [main] WARN   JavaTypeDescriptorRegistry: HHH000481: Encountered Java type [class java.lang.Object] for which we could not locate a JavaTypeDescriptor and which does not appear to implement equals and/or hashCode.  This can lead to significant performance problems when performing equality/dirty checking involving this Java type.  Consider registering a custom JavaTypeDescriptor or at least implementing equals/hashCode.&amp#27;[m&amp#27;[0m
&amp#27;[m&amp#27;[31m2021-06-11T14:59:52,278 [main] WARN   MetadataContext: HHH015011: Unable to locate static metamodel field : org.mycore.datamodel.classifications2.MCRCategoryID_#id; this may or may not indicate a problem with the static metamodel&amp#27;[m&amp#27;[0m
&amp#27;[m&amp#27;[34m2021-06-11T14:59:52,283 [main] INFO   JtaPlatformInitiator: HHH000490: Using JtaPlatform implementation: [org.hibernate.engine.transaction.jta.platform.internal.NoJtaPlatform]&amp#27;[m&amp#27;[0m
&amp#27;[m&amp#27;[34m2021-06-11T14:59:52,374 [main] INFO   LogHelper: HHH000204: Processing PersistenceUnitInfo [name: mir-module]&amp#27;[m&amp#27;[0m
&amp#27;[m&amp#27;[34m2021-06-11T14:59:52,390 [main] INFO   HikariDataSource: HikariPool-44 - Starting...&amp#27;[m&amp#27;[0m
&amp#27;[m&amp#27;[31m2021-06-11T14:59:52,390 [main] WARN   DriverDataSource: Registered driver with driverClassName=org.hsqldb.jdbcDriver was not found, trying direct instantiation.&amp#27;[m&amp#27;[0m
&amp#27;[m&amp#27;[34m2021-06-11T14:59:52,391 [main] INFO   PoolBase: HikariPool-44 - Driver does not support get/set network timeout for connections. (feature not supported)&amp#27;[m&amp#27;[0m
&amp#27;[m&amp#27;[34m2021-06-11T14:59:52,392 [main] INFO   HikariDataSource: HikariPool-44 - Start completed.&amp#27;[m&amp#27;[0m
&amp#27;[m&amp#27;[34m2021-06-11T14:59:52,392 [main] INFO   Dialect: HHH000400: Using dialect: org.hibernate.dialect.HSQLDialect&amp#27;[m&amp#27;[0m
&amp#27;[m&amp#27;[31m2021-06-11T14:59:52,416 [main] WARN   JavaTypeDescriptorRegistry: HHH000481: Encountered Java type [class java.lang.Object] for which we could not locate a JavaTypeDescriptor and which does not appear to implement equals and/or hashCode.  This can lead to significant performance problems when performing equality/dirty checking involving this Java type.  Consider registering a custom JavaTypeDescriptor or at least implementing equals/hashCode.&amp#27;[m&amp#27;[0m
&amp#27;[m<?xml version="1.0" encoding="UTF-8"?>
<servflags class="MCRMetaLangText">
  <servflag type="readkey" inherited="0" form="plain">blah</servflag>
  <servflag type="writekey" inherited="0" form="plain">blub</servflag>
</servflags>
&amp#27;[34m2021-06-11T14:59:52,464 [main] INFO   LogHelper: HHH000204: Processing PersistenceUnitInfo [name: mir-module]&amp#27;[m&amp#27;[0m
&amp#27;[m&amp#27;[34m2021-06-11T14:59:52,487 [main] INFO   HikariDataSource: HikariPool-45 - Starting...&amp#27;[m&amp#27;[0m
&amp#27;[m&amp#27;[31m2021-06-11T14:59:52,488 [main] WARN   DriverDataSource: Registered driver with driverClassName=org.hsqldb.jdbcDriver was not found, trying direct instantiation.&amp#27;[m&amp#27;[0m
&amp#27;[m&amp#27;[34m2021-06-11T14:59:52,490 [main] INFO   PoolBase: HikariPool-45 - Driver does not support get/set network timeout for connections. (feature not supported)&amp#27;[m&amp#27;[0m
&amp#27;[m&amp#27;[34m2021-06-11T14:59:52,490 [main] INFO   HikariDataSource: HikariPool-45 - Start completed.&amp#27;[m&amp#27;[0m
&amp#27;[m&amp#27;[34m2021-06-11T14:59:52,491 [main] INFO   Dialect: HHH000400: Using dialect: org.hibernate.dialect.HSQLDialect&amp#27;[m&amp#27;[0m
&amp#27;[m&amp#27;[31m2021-06-11T14:59:52,516 [main] WARN   JavaTypeDescriptorRegistry: HHH000481: Encountered Java type [class java.lang.Object] for which we could not locate a JavaTypeDescriptor and which does not appear to implement equals and/or hashCode.  This can lead to significant performance problems when performing equality/dirty checking involving this Java type.  Consider registering a custom JavaTypeDescriptor or at least implementing equals/hashCode.&amp#27;[m&amp#27;[0m
&amp#27;[m]]></system-out>
  </testcase>
  <testcase name="testKeyPairTransform" classname="org.mycore.mir.authorization.accesskeys.TestAccessKeys" time="0.594">
    <system-out><![CDATA[MyCoRe components detected: mcr:mycore-base, mcr:mycore-solr, mcr:mycore-user2, mcr:mycore-xeditor, mcr:mycore-classbrowser, mcr:mycore-mods, mcr:mycore-csl, mcr:mycore-ifs, mcr:mycore-pi, mcr:mycore-sword, mcr:mycore-wfc
Applications modules detected: app:mir-module
&amp#27;[34m2021-06-11T14:59:52,595 [main] INFO   MCRConfigurationInputStream: Current configuration directory: /tmp/junit7870422393394764292/mcrhome/mir-module&amp#27;[m&amp#27;[0m
&amp#27;[m&amp#27;[34m2021-06-11T14:59:52,705 [main] INFO   LogHelper: HHH000204: Processing PersistenceUnitInfo [name: mir-module]&amp#27;[m&amp#27;[0m
&amp#27;[m&amp#27;[34m2021-06-11T14:59:52,726 [main] INFO   HikariDataSource: HikariPool-46 - Starting...&amp#27;[m&amp#27;[0m
&amp#27;[m&amp#27;[31m2021-06-11T14:59:52,729 [main] WARN   DriverDataSource: Registered driver with driverClassName=org.hsqldb.jdbcDriver was not found, trying direct instantiation.&amp#27;[m&amp#27;[0m
&amp#27;[m&amp#27;[34m2021-06-11T14:59:52,730 [main] INFO   PoolBase: HikariPool-46 - Driver does not support get/set network timeout for connections. (feature not supported)&amp#27;[m&amp#27;[0m
&amp#27;[m&amp#27;[34m2021-06-11T14:59:52,732 [main] INFO   HikariDataSource: HikariPool-46 - Start completed.&amp#27;[m&amp#27;[0m
&amp#27;[m&amp#27;[34m2021-06-11T14:59:52,733 [main] INFO   Dialect: HHH000400: Using dialect: org.hibernate.dialect.HSQLDialect&amp#27;[m&amp#27;[0m
&amp#27;[m&amp#27;[31m2021-06-11T14:59:52,756 [main] WARN   JavaTypeDescriptorRegistry: HHH000481: Encountered Java type [class java.lang.Object] for which we could not locate a JavaTypeDescriptor and which does not appear to implement equals and/or hashCode.  This can lead to significant performance problems when performing equality/dirty checking involving this Java type.  Consider registering a custom JavaTypeDescriptor or at least implementing equals/hashCode.&amp#27;[m&amp#27;[0m
&amp#27;[m&amp#27;[31m2021-06-11T14:59:52,946 [main] WARN   MetadataContext: HHH015011: Unable to locate static metamodel field : org.mycore.datamodel.classifications2.MCRCategoryID_#id; this may or may not indicate a problem with the static metamodel&amp#27;[m&amp#27;[0m
&amp#27;[m&amp#27;[34m2021-06-11T14:59:52,955 [main] INFO   JtaPlatformInitiator: HHH000490: Using JtaPlatform implementation: [org.hibernate.engine.transaction.jta.platform.internal.NoJtaPlatform]&amp#27;[m&amp#27;[0m
&amp#27;[m&amp#27;[34m2021-06-11T14:59:53,019 [main] INFO   LogHelper: HHH000204: Processing PersistenceUnitInfo [name: mir-module]&amp#27;[m&amp#27;[0m
&amp#27;[m&amp#27;[34m2021-06-11T14:59:53,033 [main] INFO   HikariDataSource: HikariPool-47 - Starting...&amp#27;[m&amp#27;[0m
&amp#27;[m&amp#27;[31m2021-06-11T14:59:53,033 [main] WARN   DriverDataSource: Registered driver with driverClassName=org.hsqldb.jdbcDriver was not found, trying direct instantiation.&amp#27;[m&amp#27;[0m
&amp#27;[m&amp#27;[34m2021-06-11T14:59:53,034 [main] INFO   PoolBase: HikariPool-47 - Driver does not support get/set network timeout for connections. (feature not supported)&amp#27;[m&amp#27;[0m
&amp#27;[m&amp#27;[34m2021-06-11T14:59:53,037 [main] INFO   HikariDataSource: HikariPool-47 - Start completed.&amp#27;[m&amp#27;[0m
&amp#27;[m&amp#27;[34m2021-06-11T14:59:53,037 [main] INFO   Dialect: HHH000400: Using dialect: org.hibernate.dialect.HSQLDialect&amp#27;[m&amp#27;[0m
&amp#27;[m&amp#27;[31m2021-06-11T14:59:53,061 [main] WARN   JavaTypeDescriptorRegistry: HHH000481: Encountered Java type [class java.lang.Object] for which we could not locate a JavaTypeDescriptor and which does not appear to implement equals and/or hashCode.  This can lead to significant performance problems when performing equality/dirty checking involving this Java type.  Consider registering a custom JavaTypeDescriptor or at least implementing equals/hashCode.&amp#27;[m&amp#27;[0m
&amp#27;[m<?xml version="1.0" encoding="UTF-8"?>
<accesskeys objId="mir_test_00000001" readkey="blah" writekey="blub" />
&amp#27;[34m2021-06-11T14:59:53,102 [main] INFO   LogHelper: HHH000204: Processing PersistenceUnitInfo [name: mir-module]&amp#27;[m&amp#27;[0m
&amp#27;[m&amp#27;[34m2021-06-11T14:59:53,121 [main] INFO   HikariDataSource: HikariPool-48 - Starting...&amp#27;[m&amp#27;[0m
&amp#27;[m&amp#27;[31m2021-06-11T14:59:53,122 [main] WARN   DriverDataSource: Registered driver with driverClassName=org.hsqldb.jdbcDriver was not found, trying direct instantiation.&amp#27;[m&amp#27;[0m
&amp#27;[m&amp#27;[34m2021-06-11T14:59:53,122 [main] INFO   PoolBase: HikariPool-48 - Driver does not support get/set network timeout for connections. (feature not supported)&amp#27;[m&amp#27;[0m
&amp#27;[m&amp#27;[34m2021-06-11T14:59:53,125 [main] INFO   HikariDataSource: HikariPool-48 - Start completed.&amp#27;[m&amp#27;[0m
&amp#27;[m&amp#27;[34m2021-06-11T14:59:53,126 [main] INFO   Dialect: HHH000400: Using dialect: org.hibernate.dialect.HSQLDialect&amp#27;[m&amp#27;[0m
&amp#27;[m&amp#27;[31m2021-06-11T14:59:53,153 [main] WARN   JavaTypeDescriptorRegistry: HHH000481: Encountered Java type [class java.lang.Object] for which we could not locate a JavaTypeDescriptor and which does not appear to implement equals and/or hashCode.  This can lead to significant performance problems when performing equality/dirty checking involving this Java type.  Consider registering a custom JavaTypeDescriptor or at least implementing equals/hashCode.&amp#27;[m&amp#27;[0m
&amp#27;[m]]></system-out>
  </testcase>
  <testcase name="testAccessKeysTransform" classname="org.mycore.mir.authorization.accesskeys.TestAccessKeys" time="0.457">
    <system-out><![CDATA[MyCoRe components detected: mcr:mycore-base, mcr:mycore-solr, mcr:mycore-user2, mcr:mycore-xeditor, mcr:mycore-classbrowser, mcr:mycore-mods, mcr:mycore-csl, mcr:mycore-ifs, mcr:mycore-pi, mcr:mycore-sword, mcr:mycore-wfc
Applications modules detected: app:mir-module
&amp#27;[34m2021-06-11T14:59:53,180 [main] INFO   MCRConfigurationInputStream: Current configuration directory: /tmp/junit7870422393394764292/mcrhome/mir-module&amp#27;[m&amp#27;[0m
&amp#27;[m&amp#27;[34m2021-06-11T14:59:53,225 [main] INFO   LogHelper: HHH000204: Processing PersistenceUnitInfo [name: mir-module]&amp#27;[m&amp#27;[0m
&amp#27;[m&amp#27;[34m2021-06-11T14:59:53,249 [main] INFO   HikariDataSource: HikariPool-49 - Starting...&amp#27;[m&amp#27;[0m
&amp#27;[m&amp#27;[31m2021-06-11T14:59:53,250 [main] WARN   DriverDataSource: Registered driver with driverClassName=org.hsqldb.jdbcDriver was not found, trying direct instantiation.&amp#27;[m&amp#27;[0m
&amp#27;[m&amp#27;[34m2021-06-11T14:59:53,250 [main] INFO   PoolBase: HikariPool-49 - Driver does not support get/set network timeout for connections. (feature not supported)&amp#27;[m&amp#27;[0m
&amp#27;[m&amp#27;[34m2021-06-11T14:59:53,269 [main] INFO   HikariDataSource: HikariPool-49 - Start completed.&amp#27;[m&amp#27;[0m
&amp#27;[m&amp#27;[34m2021-06-11T14:59:53,269 [main] INFO   Dialect: HHH000400: Using dialect: org.hibernate.dialect.HSQLDialect&amp#27;[m&amp#27;[0m
&amp#27;[m&amp#27;[31m2021-06-11T14:59:53,311 [main] WARN   JavaTypeDescriptorRegistry: HHH000481: Encountered Java type [class java.lang.Object] for which we could not locate a JavaTypeDescriptor and which does not appear to implement equals and/or hashCode.  This can lead to significant performance problems when performing equality/dirty checking involving this Java type.  Consider registering a custom JavaTypeDescriptor or at least implementing equals/hashCode.&amp#27;[m&amp#27;[0m
&amp#27;[m&amp#27;[31m2021-06-11T14:59:53,450 [main] WARN   MetadataContext: HHH015011: Unable to locate static metamodel field : org.mycore.datamodel.classifications2.MCRCategoryID_#id; this may or may not indicate a problem with the static metamodel&amp#27;[m&amp#27;[0m
&amp#27;[m&amp#27;[34m2021-06-11T14:59:53,454 [main] INFO   JtaPlatformInitiator: HHH000490: Using JtaPlatform implementation: [org.hibernate.engine.transaction.jta.platform.internal.NoJtaPlatform]&amp#27;[m&amp#27;[0m
&amp#27;[m&amp#27;[34m2021-06-11T14:59:53,514 [main] INFO   LogHelper: HHH000204: Processing PersistenceUnitInfo [name: mir-module]&amp#27;[m&amp#27;[0m
&amp#27;[m&amp#27;[34m2021-06-11T14:59:53,526 [main] INFO   HikariDataSource: HikariPool-50 - Starting...&amp#27;[m&amp#27;[0m
&amp#27;[m&amp#27;[31m2021-06-11T14:59:53,527 [main] WARN   DriverDataSource: Registered driver with driverClassName=org.hsqldb.jdbcDriver was not found, trying direct instantiation.&amp#27;[m&amp#27;[0m
&amp#27;[m&amp#27;[34m2021-06-11T14:59:53,528 [main] INFO   PoolBase: HikariPool-50 - Driver does not support get/set network timeout for connections. (feature not supported)&amp#27;[m&amp#27;[0m
&amp#27;[m&amp#27;[34m2021-06-11T14:59:53,528 [main] INFO   HikariDataSource: HikariPool-50 - Start completed.&amp#27;[m&amp#27;[0m
&amp#27;[m&amp#27;[34m2021-06-11T14:59:53,528 [main] INFO   Dialect: HHH000400: Using dialect: org.hibernate.dialect.HSQLDialect&amp#27;[m&amp#27;[0m
&amp#27;[m&amp#27;[31m2021-06-11T14:59:53,548 [main] WARN   JavaTypeDescriptorRegistry: HHH000481: Encountered Java type [class java.lang.Object] for which we could not locate a JavaTypeDescriptor and which does not appear to implement equals and/or hashCode.  This can lead to significant performance problems when performing equality/dirty checking involving this Java type.  Consider registering a custom JavaTypeDescriptor or at least implementing equals/hashCode.&amp#27;[m&amp#27;[0m
&amp#27;[m<?xml version="1.0" encoding="UTF-8"?>
<accesskeys objId="mir_test_00000001" readkey="blah" writekey="blub" />
&amp#27;[34m2021-06-11T14:59:53,574 [main] INFO   LogHelper: HHH000204: Processing PersistenceUnitInfo [name: mir-module]&amp#27;[m&amp#27;[0m
&amp#27;[m&amp#27;[34m2021-06-11T14:59:53,591 [main] INFO   HikariDataSource: HikariPool-51 - Starting...&amp#27;[m&amp#27;[0m
&amp#27;[m&amp#27;[31m2021-06-11T14:59:53,592 [main] WARN   DriverDataSource: Registered driver with driverClassName=org.hsqldb.jdbcDriver was not found, trying direct instantiation.&amp#27;[m&amp#27;[0m
&amp#27;[m&amp#27;[34m2021-06-11T14:59:53,592 [main] INFO   PoolBase: HikariPool-51 - Driver does not support get/set network timeout for connections. (feature not supported)&amp#27;[m&amp#27;[0m
&amp#27;[m&amp#27;[34m2021-06-11T14:59:53,593 [main] INFO   HikariDataSource: HikariPool-51 - Start completed.&amp#27;[m&amp#27;[0m
&amp#27;[m&amp#27;[34m2021-06-11T14:59:53,593 [main] INFO   Dialect: HHH000400: Using dialect: org.hibernate.dialect.HSQLDialect&amp#27;[m&amp#27;[0m
&amp#27;[m&amp#27;[31m2021-06-11T14:59:53,616 [main] WARN   JavaTypeDescriptorRegistry: HHH000481: Encountered Java type [class java.lang.Object] for which we could not locate a JavaTypeDescriptor and which does not appear to implement equals and/or hashCode.  This can lead to significant performance problems when performing equality/dirty checking involving this Java type.  Consider registering a custom JavaTypeDescriptor or at least implementing equals/hashCode.&amp#27;[m&amp#27;[0m
&amp#27;[m]]></system-out>
  </testcase>
  <testcase name="testKeyPairWithoutWriteKey" classname="org.mycore.mir.authorization.accesskeys.TestAccessKeys" time="0.498">
    <system-out><![CDATA[MyCoRe components detected: mcr:mycore-base, mcr:mycore-solr, mcr:mycore-user2, mcr:mycore-xeditor, mcr:mycore-classbrowser, mcr:mycore-mods, mcr:mycore-csl, mcr:mycore-ifs, mcr:mycore-pi, mcr:mycore-sword, mcr:mycore-wfc
Applications modules detected: app:mir-module
&amp#27;[34m2021-06-11T14:59:53,648 [main] INFO   MCRConfigurationInputStream: Current configuration directory: /tmp/junit7870422393394764292/mcrhome/mir-module&amp#27;[m&amp#27;[0m
&amp#27;[m&amp#27;[34m2021-06-11T14:59:53,751 [main] INFO   LogHelper: HHH000204: Processing PersistenceUnitInfo [name: mir-module]&amp#27;[m&amp#27;[0m
&amp#27;[m&amp#27;[34m2021-06-11T14:59:53,786 [main] INFO   HikariDataSource: HikariPool-52 - Starting...&amp#27;[m&amp#27;[0m
&amp#27;[m&amp#27;[31m2021-06-11T14:59:53,786 [main] WARN   DriverDataSource: Registered driver with driverClassName=org.hsqldb.jdbcDriver was not found, trying direct instantiation.&amp#27;[m&amp#27;[0m
&amp#27;[m&amp#27;[34m2021-06-11T14:59:53,789 [main] INFO   PoolBase: HikariPool-52 - Driver does not support get/set network timeout for connections. (feature not supported)&amp#27;[m&amp#27;[0m
&amp#27;[m&amp#27;[34m2021-06-11T14:59:53,791 [main] INFO   HikariDataSource: HikariPool-52 - Start completed.&amp#27;[m&amp#27;[0m
&amp#27;[m&amp#27;[34m2021-06-11T14:59:53,792 [main] INFO   Dialect: HHH000400: Using dialect: org.hibernate.dialect.HSQLDialect&amp#27;[m&amp#27;[0m
&amp#27;[m&amp#27;[31m2021-06-11T14:59:53,830 [main] WARN   JavaTypeDescriptorRegistry: HHH000481: Encountered Java type [class java.lang.Object] for which we could not locate a JavaTypeDescriptor and which does not appear to implement equals and/or hashCode.  This can lead to significant performance problems when performing equality/dirty checking involving this Java type.  Consider registering a custom JavaTypeDescriptor or at least implementing equals/hashCode.&amp#27;[m&amp#27;[0m
&amp#27;[m&amp#27;[31m2021-06-11T14:59:53,968 [main] WARN   MetadataContext: HHH015011: Unable to locate static metamodel field : org.mycore.datamodel.classifications2.MCRCategoryID_#id; this may or may not indicate a problem with the static metamodel&amp#27;[m&amp#27;[0m
&amp#27;[m&amp#27;[34m2021-06-11T14:59:53,972 [main] INFO   JtaPlatformInitiator: HHH000490: Using JtaPlatform implementation: [org.hibernate.engine.transaction.jta.platform.internal.NoJtaPlatform]&amp#27;[m&amp#27;[0m
&amp#27;[m&amp#27;[34m2021-06-11T14:59:54,028 [main] INFO   LogHelper: HHH000204: Processing PersistenceUnitInfo [name: mir-module]&amp#27;[m&amp#27;[0m
&amp#27;[m&amp#27;[34m2021-06-11T14:59:54,040 [main] INFO   HikariDataSource: HikariPool-53 - Starting...&amp#27;[m&amp#27;[0m
&amp#27;[m&amp#27;[31m2021-06-11T14:59:54,040 [main] WARN   DriverDataSource: Registered driver with driverClassName=org.hsqldb.jdbcDriver was not found, trying direct instantiation.&amp#27;[m&amp#27;[0m
&amp#27;[m&amp#27;[34m2021-06-11T14:59:54,041 [main] INFO   PoolBase: HikariPool-53 - Driver does not support get/set network timeout for connections. (feature not supported)&amp#27;[m&amp#27;[0m
&amp#27;[m&amp#27;[34m2021-06-11T14:59:54,041 [main] INFO   HikariDataSource: HikariPool-53 - Start completed.&amp#27;[m&amp#27;[0m
&amp#27;[m&amp#27;[34m2021-06-11T14:59:54,042 [main] INFO   Dialect: HHH000400: Using dialect: org.hibernate.dialect.HSQLDialect&amp#27;[m&amp#27;[0m
&amp#27;[m&amp#27;[31m2021-06-11T14:59:54,062 [main] WARN   JavaTypeDescriptorRegistry: HHH000481: Encountered Java type [class java.lang.Object] for which we could not locate a JavaTypeDescriptor and which does not appear to implement equals and/or hashCode.  This can lead to significant performance problems when performing equality/dirty checking involving this Java type.  Consider registering a custom JavaTypeDescriptor or at least implementing equals/hashCode.&amp#27;[m&amp#27;[0m
&amp#27;[m&amp#27;[34m2021-06-11T14:59:54,088 [main] INFO   LogHelper: HHH000204: Processing PersistenceUnitInfo [name: mir-module]&amp#27;[m&amp#27;[0m
&amp#27;[m&amp#27;[34m2021-06-11T14:59:54,101 [main] INFO   HikariDataSource: HikariPool-54 - Starting...&amp#27;[m&amp#27;[0m
&amp#27;[m&amp#27;[31m2021-06-11T14:59:54,102 [main] WARN   DriverDataSource: Registered driver with driverClassName=org.hsqldb.jdbcDriver was not found, trying direct instantiation.&amp#27;[m&amp#27;[0m
&amp#27;[m&amp#27;[34m2021-06-11T14:59:54,103 [main] INFO   PoolBase: HikariPool-54 - Driver does not support get/set network timeout for connections. (feature not supported)&amp#27;[m&amp#27;[0m
&amp#27;[m&amp#27;[34m2021-06-11T14:59:54,103 [main] INFO   HikariDataSource: HikariPool-54 - Start completed.&amp#27;[m&amp#27;[0m
&amp#27;[m&amp#27;[34m2021-06-11T14:59:54,104 [main] INFO   Dialect: HHH000400: Using dialect: org.hibernate.dialect.HSQLDialect&amp#27;[m&amp#27;[0m
&amp#27;[m&amp#27;[31m2021-06-11T14:59:54,125 [main] WARN   JavaTypeDescriptorRegistry: HHH000481: Encountered Java type [class java.lang.Object] for which we could not locate a JavaTypeDescriptor and which does not appear to implement equals and/or hashCode.  This can lead to significant performance problems when performing equality/dirty checking involving this Java type.  Consider registering a custom JavaTypeDescriptor or at least implementing equals/hashCode.&amp#27;[m&amp#27;[0m
&amp#27;[m]]></system-out>
  </testcase>
  <testcase name="testKeyPairWithoutReadKey" classname="org.mycore.mir.authorization.accesskeys.TestAccessKeys" time="0.511">
    <system-out><![CDATA[MyCoRe components detected: mcr:mycore-base, mcr:mycore-solr, mcr:mycore-user2, mcr:mycore-xeditor, mcr:mycore-classbrowser, mcr:mycore-mods, mcr:mycore-csl, mcr:mycore-ifs, mcr:mycore-pi, mcr:mycore-sword, mcr:mycore-wfc
Applications modules detected: app:mir-module
&amp#27;[34m2021-06-11T14:59:54,144 [main] INFO   MCRConfigurationInputStream: Current configuration directory: /tmp/junit7870422393394764292/mcrhome/mir-module&amp#27;[m&amp#27;[0m
&amp#27;[m&amp#27;[34m2021-06-11T14:59:54,202 [main] INFO   LogHelper: HHH000204: Processing PersistenceUnitInfo [name: mir-module]&amp#27;[m&amp#27;[0m
&amp#27;[m&amp#27;[34m2021-06-11T14:59:54,237 [main] INFO   HikariDataSource: HikariPool-55 - Starting...&amp#27;[m&amp#27;[0m
&amp#27;[m&amp#27;[31m2021-06-11T14:59:54,238 [main] WARN   DriverDataSource: Registered driver with driverClassName=org.hsqldb.jdbcDriver was not found, trying direct instantiation.&amp#27;[m&amp#27;[0m
&amp#27;[m&amp#27;[34m2021-06-11T14:59:54,239 [main] INFO   PoolBase: HikariPool-55 - Driver does not support get/set network timeout for connections. (feature not supported)&amp#27;[m&amp#27;[0m
&amp#27;[m&amp#27;[34m2021-06-11T14:59:54,239 [main] INFO   HikariDataSource: HikariPool-55 - Start completed.&amp#27;[m&amp#27;[0m
&amp#27;[m&amp#27;[34m2021-06-11T14:59:54,240 [main] INFO   Dialect: HHH000400: Using dialect: org.hibernate.dialect.HSQLDialect&amp#27;[m&amp#27;[0m
&amp#27;[m&amp#27;[31m2021-06-11T14:59:54,274 [main] WARN   JavaTypeDescriptorRegistry: HHH000481: Encountered Java type [class java.lang.Object] for which we could not locate a JavaTypeDescriptor and which does not appear to implement equals and/or hashCode.  This can lead to significant performance problems when performing equality/dirty checking involving this Java type.  Consider registering a custom JavaTypeDescriptor or at least implementing equals/hashCode.&amp#27;[m&amp#27;[0m
&amp#27;[m&amp#27;[31m2021-06-11T14:59:54,423 [main] WARN   MetadataContext: HHH015011: Unable to locate static metamodel field : org.mycore.datamodel.classifications2.MCRCategoryID_#id; this may or may not indicate a problem with the static metamodel&amp#27;[m&amp#27;[0m
&amp#27;[m&amp#27;[34m2021-06-11T14:59:54,427 [main] INFO   JtaPlatformInitiator: HHH000490: Using JtaPlatform implementation: [org.hibernate.engine.transaction.jta.platform.internal.NoJtaPlatform]&amp#27;[m&amp#27;[0m
&amp#27;[m&amp#27;[34m2021-06-11T14:59:54,541 [main] INFO   LogHelper: HHH000204: Processing PersistenceUnitInfo [name: mir-module]&amp#27;[m&amp#27;[0m
&amp#27;[m&amp#27;[34m2021-06-11T14:59:54,554 [main] INFO   HikariDataSource: HikariPool-56 - Starting...&amp#27;[m&amp#27;[0m
&amp#27;[m&amp#27;[31m2021-06-11T14:59:54,554 [main] WARN   DriverDataSource: Registered driver with driverClassName=org.hsqldb.jdbcDriver was not found, trying direct instantiation.&amp#27;[m&amp#27;[0m
&amp#27;[m&amp#27;[34m2021-06-11T14:59:54,555 [main] INFO   PoolBase: HikariPool-56 - Driver does not support get/set network timeout for connections. (feature not supported)&amp#27;[m&amp#27;[0m
&amp#27;[m&amp#27;[34m2021-06-11T14:59:54,555 [main] INFO   HikariDataSource: HikariPool-56 - Start completed.&amp#27;[m&amp#27;[0m
&amp#27;[m&amp#27;[34m2021-06-11T14:59:54,556 [main] INFO   Dialect: HHH000400: Using dialect: org.hibernate.dialect.HSQLDialect&amp#27;[m&amp#27;[0m
&amp#27;[m&amp#27;[31m2021-06-11T14:59:54,575 [main] WARN   JavaTypeDescriptorRegistry: HHH000481: Encountered Java type [class java.lang.Object] for which we could not locate a JavaTypeDescriptor and which does not appear to implement equals and/or hashCode.  This can lead to significant performance problems when performing equality/dirty checking involving this Java type.  Consider registering a custom JavaTypeDescriptor or at least implementing equals/hashCode.&amp#27;[m&amp#27;[0m
&amp#27;[m&amp#27;[34m2021-06-11T14:59:54,600 [main] INFO   LogHelper: HHH000204: Processing PersistenceUnitInfo [name: mir-module]&amp#27;[m&amp#27;[0m
&amp#27;[m&amp#27;[34m2021-06-11T14:59:54,611 [main] INFO   HikariDataSource: HikariPool-57 - Starting...&amp#27;[m&amp#27;[0m
&amp#27;[m&amp#27;[31m2021-06-11T14:59:54,612 [main] WARN   DriverDataSource: Registered driver with driverClassName=org.hsqldb.jdbcDriver was not found, trying direct instantiation.&amp#27;[m&amp#27;[0m
&amp#27;[m&amp#27;[34m2021-06-11T14:59:54,612 [main] INFO   PoolBase: HikariPool-57 - Driver does not support get/set network timeout for connections. (feature not supported)&amp#27;[m&amp#27;[0m
&amp#27;[m&amp#27;[34m2021-06-11T14:59:54,613 [main] INFO   HikariDataSource: HikariPool-57 - Start completed.&amp#27;[m&amp#27;[0m
&amp#27;[m&amp#27;[34m2021-06-11T14:59:54,613 [main] INFO   Dialect: HHH000400: Using dialect: org.hibernate.dialect.HSQLDialect&amp#27;[m&amp#27;[0m
&amp#27;[m&amp#27;[31m2021-06-11T14:59:54,631 [main] WARN   JavaTypeDescriptorRegistry: HHH000481: Encountered Java type [class java.lang.Object] for which we could not locate a JavaTypeDescriptor and which does not appear to implement equals and/or hashCode.  This can lead to significant performance problems when performing equality/dirty checking involving this Java type.  Consider registering a custom JavaTypeDescriptor or at least implementing equals/hashCode.&amp#27;[m&amp#27;[0m
&amp#27;[m]]></system-out>
  </testcase>
  <testcase name="testCreateSameKeyPair" classname="org.mycore.mir.authorization.accesskeys.TestAccessKeys" time="0.517">
    <system-out><![CDATA[MyCoRe components detected: mcr:mycore-base, mcr:mycore-solr, mcr:mycore-user2, mcr:mycore-xeditor, mcr:mycore-classbrowser, mcr:mycore-mods, mcr:mycore-csl, mcr:mycore-ifs, mcr:mycore-pi, mcr:mycore-sword, mcr:mycore-wfc
Applications modules detected: app:mir-module
&amp#27;[34m2021-06-11T14:59:54,654 [main] INFO   MCRConfigurationInputStream: Current configuration directory: /tmp/junit7870422393394764292/mcrhome/mir-module&amp#27;[m&amp#27;[0m
&amp#27;[m&amp#27;[34m2021-06-11T14:59:54,730 [main] INFO   LogHelper: HHH000204: Processing PersistenceUnitInfo [name: mir-module]&amp#27;[m&amp#27;[0m
&amp#27;[m&amp#27;[34m2021-06-11T14:59:54,756 [main] INFO   HikariDataSource: HikariPool-58 - Starting...&amp#27;[m&amp#27;[0m
&amp#27;[m&amp#27;[31m2021-06-11T14:59:54,757 [main] WARN   DriverDataSource: Registered driver with driverClassName=org.hsqldb.jdbcDriver was not found, trying direct instantiation.&amp#27;[m&amp#27;[0m
&amp#27;[m&amp#27;[34m2021-06-11T14:59:54,757 [main] INFO   PoolBase: HikariPool-58 - Driver does not support get/set network timeout for connections. (feature not supported)&amp#27;[m&amp#27;[0m
&amp#27;[m&amp#27;[34m2021-06-11T14:59:54,758 [main] INFO   HikariDataSource: HikariPool-58 - Start completed.&amp#27;[m&amp#27;[0m
&amp#27;[m&amp#27;[34m2021-06-11T14:59:54,759 [main] INFO   Dialect: HHH000400: Using dialect: org.hibernate.dialect.HSQLDialect&amp#27;[m&amp#27;[0m
&amp#27;[m&amp#27;[31m2021-06-11T14:59:54,803 [main] WARN   JavaTypeDescriptorRegistry: HHH000481: Encountered Java type [class java.lang.Object] for which we could not locate a JavaTypeDescriptor and which does not appear to implement equals and/or hashCode.  This can lead to significant performance problems when performing equality/dirty checking involving this Java type.  Consider registering a custom JavaTypeDescriptor or at least implementing equals/hashCode.&amp#27;[m&amp#27;[0m
&amp#27;[m&amp#27;[31m2021-06-11T14:59:54,963 [main] WARN   MetadataContext: HHH015011: Unable to locate static metamodel field : org.mycore.datamodel.classifications2.MCRCategoryID_#id; this may or may not indicate a problem with the static metamodel&amp#27;[m&amp#27;[0m
&amp#27;[m&amp#27;[34m2021-06-11T14:59:54,968 [main] INFO   JtaPlatformInitiator: HHH000490: Using JtaPlatform implementation: [org.hibernate.engine.transaction.jta.platform.internal.NoJtaPlatform]&amp#27;[m&amp#27;[0m
&amp#27;[m&amp#27;[34m2021-06-11T14:59:55,031 [main] INFO   LogHelper: HHH000204: Processing PersistenceUnitInfo [name: mir-module]&amp#27;[m&amp#27;[0m
&amp#27;[m&amp#27;[34m2021-06-11T14:59:55,048 [main] INFO   HikariDataSource: HikariPool-59 - Starting...&amp#27;[m&amp#27;[0m
&amp#27;[m&amp#27;[31m2021-06-11T14:59:55,048 [main] WARN   DriverDataSource: Registered driver with driverClassName=org.hsqldb.jdbcDriver was not found, trying direct instantiation.&amp#27;[m&amp#27;[0m
&amp#27;[m&amp#27;[34m2021-06-11T14:59:55,049 [main] INFO   PoolBase: HikariPool-59 - Driver does not support get/set network timeout for connections. (feature not supported)&amp#27;[m&amp#27;[0m
&amp#27;[m&amp#27;[34m2021-06-11T14:59:55,049 [main] INFO   HikariDataSource: HikariPool-59 - Start completed.&amp#27;[m&amp#27;[0m
&amp#27;[m&amp#27;[34m2021-06-11T14:59:55,050 [main] INFO   Dialect: HHH000400: Using dialect: org.hibernate.dialect.HSQLDialect&amp#27;[m&amp#27;[0m
&amp#27;[m&amp#27;[31m2021-06-11T14:59:55,079 [main] WARN   JavaTypeDescriptorRegistry: HHH000481: Encountered Java type [class java.lang.Object] for which we could not locate a JavaTypeDescriptor and which does not appear to implement equals and/or hashCode.  This can lead to significant performance problems when performing equality/dirty checking involving this Java type.  Consider registering a custom JavaTypeDescriptor or at least implementing equals/hashCode.&amp#27;[m&amp#27;[0m
&amp#27;[m&amp#27;[34m2021-06-11T14:59:55,103 [main] INFO   LogHelper: HHH000204: Processing PersistenceUnitInfo [name: mir-module]&amp#27;[m&amp#27;[0m
&amp#27;[m&amp#27;[34m2021-06-11T14:59:55,120 [main] INFO   HikariDataSource: HikariPool-60 - Starting...&amp#27;[m&amp#27;[0m
&amp#27;[m&amp#27;[31m2021-06-11T14:59:55,121 [main] WARN   DriverDataSource: Registered driver with driverClassName=org.hsqldb.jdbcDriver was not found, trying direct instantiation.&amp#27;[m&amp#27;[0m
&amp#27;[m&amp#27;[34m2021-06-11T14:59:55,122 [main] INFO   PoolBase: HikariPool-60 - Driver does not support get/set network timeout for connections. (feature not supported)&amp#27;[m&amp#27;[0m
&amp#27;[m&amp#27;[34m2021-06-11T14:59:55,122 [main] INFO   HikariDataSource: HikariPool-60 - Start completed.&amp#27;[m&amp#27;[0m
&amp#27;[m&amp#27;[34m2021-06-11T14:59:55,122 [main] INFO   Dialect: HHH000400: Using dialect: org.hibernate.dialect.HSQLDialect&amp#27;[m&amp#27;[0m
&amp#27;[m&amp#27;[31m2021-06-11T14:59:55,150 [main] WARN   JavaTypeDescriptorRegistry: HHH000481: Encountered Java type [class java.lang.Object] for which we could not locate a JavaTypeDescriptor and which does not appear to implement equals and/or hashCode.  This can lead to significant performance problems when performing equality/dirty checking involving this Java type.  Consider registering a custom JavaTypeDescriptor or at least implementing equals/hashCode.&amp#27;[m&amp#27;[0m
&amp#27;[m]]></system-out>
  </testcase>
</testsuite>